{"meta": {"format": 3, "version": "7.14.0", "timestamp": "2026-05-13T21:38:27.425245", "branch_coverage": false, "show_contexts": false}, "files": {"backend/__init__.py": {"executed_lines": [], "summary": {"covered_lines": 0, "num_statements": 0, "percent_covered": 100.0, "percent_covered_display": "100", "missing_lines": 0, "excluded_lines": 0, "percent_statements_covered": 100.0, "percent_statements_covered_display": "100"}, "missing_lines": [], "excluded_lines": [], "functions": {"": {"executed_lines": [], "summary": {"covered_lines": 0, "num_statements": 0, "percent_covered": 100.0, "percent_covered_display": "100", "missing_lines": 0, "excluded_lines": 0, "percent_statements_covered": 100.0, "percent_statements_covered_display": "100"}, "missing_lines": [], "excluded_lines": [], "start_line": 1}}, "classes": {"": {"executed_lines": [], "summary": {"covered_lines": 0, "num_statements": 0, "percent_covered": 100.0, "percent_covered_display": "100", "missing_lines": 0, "excluded_lines": 0, "percent_statements_covered": 100.0, "percent_statements_covered_display": "100"}, "missing_lines": [], "excluded_lines": [], "start_line": 1}}}, "backend/application/__init__.py": {"executed_lines": [14, 17, 20, 23, 26, 35, 46, 59, 60, 61, 62, 64, 65, 66, 67, 69, 70, 71, 72, 74, 75, 76, 77, 79, 80, 81, 82, 84, 85, 91, 92, 93, 97, 98, 99, 104, 105, 110, 111, 112, 116, 117, 118, 123, 124, 125, 130, 131, 134, 135, 138, 139, 144, 145, 151, 152, 158, 159, 164, 165, 170, 171, 176, 177, 182, 183, 189], "summary": {"covered_lines": 67, "num_statements": 80, "percent_covered": 83.75, "percent_covered_display": "84", "missing_lines": 13, "excluded_lines": 0, "percent_statements_covered": 83.75, "percent_statements_covered_display": "84"}, "missing_lines": [86, 87, 106, 132, 136, 140, 146, 153, 160, 166, 172, 178, 184], "excluded_lines": [], "functions": {"UseCaseFactory.get_dashboard_repo": {"executed_lines": [61, 62], "summary": {"covered_lines": 2, "num_statements": 2, "percent_covered": 100.0, "percent_covered_display": "100", "missing_lines": 0, "excluded_lines": 0, "percent_statements_covered": 100.0, "percent_statements_covered_display": "100"}, "missing_lines": [], "excluded_lines": [], "start_line": 60}, "UseCaseFactory.get_report_repo": {"executed_lines": [66, 67], "summary": {"covered_lines": 2, "num_statements": 2, "percent_covered": 100.0, "percent_covered_display": "100", "missing_lines": 0, "excluded_lines": 0, "percent_statements_covered": 100.0, "percent_statements_covered_display": "100"}, "missing_lines": [], "excluded_lines": [], "start_line": 65}, "UseCaseFactory.get_trip_repo": {"executed_lines": [71, 72], "summary": {"covered_lines": 2, "num_statements": 2, "percent_covered": 100.0, "percent_covered_display": "100", "missing_lines": 0, "excluded_lines": 0, "percent_statements_covered": 100.0, "percent_statements_covered_display": "100"}, "missing_lines": [], "excluded_lines": [], "start_line": 70}, "UseCaseFactory.get_vehicle_repo": {"executed_lines": [76, 77], "summary": {"covered_lines": 2, "num_statements": 2, "percent_covered": 100.0, "percent_covered_display": "100", "missing_lines": 0, "excluded_lines": 0, "percent_statements_covered": 100.0, "percent_statements_covered_display": "100"}, "missing_lines": [], "excluded_lines": [], "start_line": 75}, "UseCaseFactory.get_fuel_repo": {"executed_lines": [81, 82], "summary": {"covered_lines": 2, "num_statements": 2, "percent_covered": 100.0, "percent_covered_display": "100", "missing_lines": 0, "excluded_lines": 0, "percent_statements_covered": 100.0, "percent_statements_covered_display": "100"}, "missing_lines": [], "excluded_lines": [], "start_line": 80}, "UseCaseFactory.get_maintenance_repo": {"executed_lines": [], "summary": {"covered_lines": 0, "num_statements": 2, "percent_covered": 0.0, "percent_covered_display": "0", "missing_lines": 2, "excluded_lines": 0, "percent_statements_covered": 0.0, "percent_statements_covered_display": "0"}, "missing_lines": [86, 87], "excluded_lines": [], "start_line": 85}, "UseCaseFactory.get_dashboard_use_case": {"executed_lines": [93], "summary": {"covered_lines": 1, "num_statements": 1, "percent_covered": 100.0, "percent_covered_display": "100", "missing_lines": 0, "excluded_lines": 0, "percent_statements_covered": 100.0, "percent_statements_covered_display": "100"}, "missing_lines": [], "excluded_lines": [], "start_line": 92}, "UseCaseFactory.get_add_trip_use_case": {"executed_lines": [99], "summary": {"covered_lines": 1, "num_statements": 1, "percent_covered": 100.0, "percent_covered_display": "100", "missing_lines": 0, "excluded_lines": 0, "percent_statements_covered": 100.0, "percent_statements_covered_display": "100"}, "missing_lines": [], "excluded_lines": [], "start_line": 98}, "UseCaseFactory.get_trips_use_case": {"executed_lines": [], "summary": {"covered_lines": 0, "num_statements": 1, "percent_covered": 0.0, "percent_covered_display": "0", "missing_lines": 1, "excluded_lines": 0, "percent_statements_covered": 0.0, "percent_statements_covered_display": "0"}, "missing_lines": [106], "excluded_lines": [], "start_line": 105}, "UseCaseFactory.get_generate_report_use_case": {"executed_lines": [112], "summary": {"covered_lines": 1, "num_statements": 1, "percent_covered": 100.0, "percent_covered_display": "100", "missing_lines": 0, "excluded_lines": 0, "percent_statements_covered": 100.0, "percent_statements_covered_display": "100"}, "missing_lines": [], "excluded_lines": [], "start_line": 111}, "UseCaseFactory.get_add_fuel_use_case": {"executed_lines": [118], "summary": {"covered_lines": 1, "num_statements": 1, "percent_covered": 100.0, "percent_covered_display": "100", "missing_lines": 0, "excluded_lines": 0, "percent_statements_covered": 100.0, "percent_statements_covered_display": "100"}, "missing_lines": [], "excluded_lines": [], "start_line": 117}, "UseCaseFactory.get_edit_fuel_use_case": {"executed_lines": [125], "summary": {"covered_lines": 1, "num_statements": 1, "percent_covered": 100.0, "percent_covered_display": "100", "missing_lines": 0, "excluded_lines": 0, "percent_statements_covered": 100.0, "percent_statements_covered_display": "100"}, "missing_lines": [], "excluded_lines": [], "start_line": 124}, "UseCaseFactory.get_delete_fuel_use_case": {"executed_lines": [], "summary": {"covered_lines": 0, "num_statements": 1, "percent_covered": 0.0, "percent_covered_display": "0", "missing_lines": 1, "excluded_lines": 0, "percent_statements_covered": 0.0, "percent_statements_covered_display": "0"}, "missing_lines": [132], "excluded_lines": [], "start_line": 131}, "UseCaseFactory.get_fuel_list_use_case": {"executed_lines": [], "summary": {"covered_lines": 0, "num_statements": 1, "percent_covered": 0.0, "percent_covered_display": "0", "missing_lines": 1, "excluded_lines": 0, "percent_statements_covered": 0.0, "percent_statements_covered_display": "0"}, "missing_lines": [136], "excluded_lines": [], "start_line": 135}, "UseCaseFactory.get_fuel_by_id_use_case": {"executed_lines": [], "summary": {"covered_lines": 0, "num_statements": 1, "percent_covered": 0.0, "percent_covered_display": "0", "missing_lines": 1, "excluded_lines": 0, "percent_statements_covered": 0.0, "percent_statements_covered_display": "0"}, "missing_lines": [140], "excluded_lines": [], "start_line": 139}, "UseCaseFactory.get_add_maintenance_use_case": {"executed_lines": [], "summary": {"covered_lines": 0, "num_statements": 1, "percent_covered": 0.0, "percent_covered_display": "0", "missing_lines": 1, "excluded_lines": 0, "percent_statements_covered": 0.0, "percent_statements_covered_display": "0"}, "missing_lines": [146], "excluded_lines": [], "start_line": 145}, "UseCaseFactory.get_edit_maintenance_use_case": {"executed_lines": [], "summary": {"covered_lines": 0, "num_statements": 1, "percent_covered": 0.0, "percent_covered_display": "0", "missing_lines": 1, "excluded_lines": 0, "percent_statements_covered": 0.0, "percent_statements_covered_display": "0"}, "missing_lines": [153], "excluded_lines": [], "start_line": 152}, "UseCaseFactory.get_delete_maintenance_use_case": {"executed_lines": [], "summary": {"covered_lines": 0, "num_statements": 1, "percent_covered": 0.0, "percent_covered_display": "0", "missing_lines": 1, "excluded_lines": 0, "percent_statements_covered": 0.0, "percent_statements_covered_display": "0"}, "missing_lines": [160], "excluded_lines": [], "start_line": 159}, "UseCaseFactory.get_maintenance_list_use_case": {"executed_lines": [], "summary": {"covered_lines": 0, "num_statements": 1, "percent_covered": 0.0, "percent_covered_display": "0", "missing_lines": 1, "excluded_lines": 0, "percent_statements_covered": 0.0, "percent_statements_covered_display": "0"}, "missing_lines": [166], "excluded_lines": [], "start_line": 165}, "UseCaseFactory.get_maintenance_by_id_use_case": {"executed_lines": [], "summary": {"covered_lines": 0, "num_statements": 1, "percent_covered": 0.0, "percent_covered_display": "0", "missing_lines": 1, "excluded_lines": 0, "percent_statements_covered": 0.0, "percent_statements_covered_display": "0"}, "missing_lines": [172], "excluded_lines": [], "start_line": 171}, "UseCaseFactory.get_complete_maintenance_use_case": {"executed_lines": [], "summary": {"covered_lines": 0, "num_statements": 1, "percent_covered": 0.0, "percent_covered_display": "0", "missing_lines": 1, "excluded_lines": 0, "percent_statements_covered": 0.0, "percent_statements_covered_display": "0"}, "missing_lines": [178], "excluded_lines": [], "start_line": 177}, "UseCaseFactory.get_create_next_maintenance_use_case": {"executed_lines": [], "summary": {"covered_lines": 0, "num_statements": 1, "percent_covered": 0.0, "percent_covered_display": "0", "missing_lines": 1, "excluded_lines": 0, "percent_statements_covered": 0.0, "percent_statements_covered_display": "0"}, "missing_lines": [184], "excluded_lines": [], "start_line": 183}, "": {"executed_lines": [14, 17, 20, 23, 26, 35, 46, 59, 60, 64, 65, 69, 70, 74, 75, 79, 80, 84, 85, 91, 92, 97, 98, 104, 105, 110, 111, 116, 117, 123, 124, 130, 131, 134, 135, 138, 139, 144, 145, 151, 152, 158, 159, 164, 165, 170, 171, 176, 177, 182, 183, 189], "summary": {"covered_lines": 52, "num_statements": 52, "percent_covered": 100.0, "percent_covered_display": "100", "missing_lines": 0, "excluded_lines": 0, "percent_statements_covered": 100.0, "percent_statements_covered_display": "100"}, "missing_lines": [], "excluded_lines": [], "start_line": 1}}, "classes": {"UseCaseFactory": {"executed_lines": [61, 62, 66, 67, 71, 72, 76, 77, 81, 82, 93, 99, 112, 118, 125], "summary": {"covered_lines": 15, "num_statements": 28, "percent_covered": 53.57142857142857, "percent_covered_display": "54", "missing_lines": 13, "excluded_lines": 0, "percent_statements_covered": 53.57142857142857, "percent_statements_covered_display": "54"}, "missing_lines": [86, 87, 106, 132, 136, 140, 146, 153, 160, 166, 172, 178, 184], "excluded_lines": [], "start_line": 46}, "": {"executed_lines": [14, 17, 20, 23, 26, 35, 46, 59, 60, 64, 65, 69, 70, 74, 75, 79, 80, 84, 85, 91, 92, 97, 98, 104, 105, 110, 111, 116, 117, 123, 124, 130, 131, 134, 135, 138, 139, 144, 145, 151, 152, 158, 159, 164, 165, 170, 171, 176, 177, 182, 183, 189], "summary": {"covered_lines": 52, "num_statements": 52, "percent_covered": 100.0, "percent_covered_display": "100", "missing_lines": 0, "excluded_lines": 0, "percent_statements_covered": 100.0, "percent_statements_covered_display": "100"}, "missing_lines": [], "excluded_lines": [], "start_line": 1}}}, "backend/application/dashboard.py": {"executed_lines": [11, 13, 14, 15, 17, 18, 25, 26, 28, 29, 30, 31, 32, 33, 34, 37, 38, 39, 40, 41, 44, 45, 47, 48, 49, 50, 51, 58, 62, 63, 65, 67, 70, 71, 76, 77, 80, 81, 83, 91, 92, 94, 95, 96, 97, 98, 99, 100, 104, 114, 115], "summary": {"covered_lines": 51, "num_statements": 56, "percent_covered": 91.07142857142857, "percent_covered_display": "91", "missing_lines": 5, "excluded_lines": 0, "percent_statements_covered": 91.07142857142857, "percent_statements_covered_display": "91"}, "missing_lines": [101, 102, 120, 122, 123], "excluded_lines": [], "functions": {"GetDashboardUseCase.__init__": {"executed_lines": [63], "summary": {"covered_lines": 1, "num_statements": 1, "percent_covered": 100.0, "percent_covered_display": "100", "missing_lines": 0, "excluded_lines": 0, "percent_statements_covered": 100.0, "percent_statements_covered_display": "100"}, "missing_lines": [], "excluded_lines": [], "start_line": 62}, "GetDashboardUseCase.execute_instance": {"executed_lines": [67, 70, 71, 76, 77, 80, 81, 83], "summary": {"covered_lines": 8, "num_statements": 8, "percent_covered": 100.0, "percent_covered_display": "100", "missing_lines": 0, "excluded_lines": 0, "percent_statements_covered": 100.0, "percent_statements_covered_display": "100"}, "missing_lines": [], "excluded_lines": [], "start_line": 65}, "GetDashboardUseCase._build_card": {"executed_lines": [94, 95, 96, 97, 98, 99, 100, 104], "summary": {"covered_lines": 8, "num_statements": 10, "percent_covered": 80.0, "percent_covered_display": "80", "missing_lines": 2, "excluded_lines": 0, "percent_statements_covered": 80.0, "percent_statements_covered_display": "80"}, "missing_lines": [101, 102], "excluded_lines": [], "start_line": 92}, "GetDashboardUseCase.execute": {"executed_lines": [], "summary": {"covered_lines": 0, "num_statements": 3, "percent_covered": 0.0, "percent_covered_display": "0", "missing_lines": 3, "excluded_lines": 0, "percent_statements_covered": 0.0, "percent_statements_covered_display": "0"}, "missing_lines": [120, 122, 123], "excluded_lines": [], "start_line": 115}, "": {"executed_lines": [11, 13, 14, 15, 17, 18, 25, 26, 28, 29, 30, 31, 32, 33, 34, 37, 38, 39, 40, 41, 44, 45, 47, 48, 49, 50, 51, 58, 62, 65, 91, 92, 114, 115], "summary": {"covered_lines": 34, "num_statements": 34, "percent_covered": 100.0, "percent_covered_display": "100", "missing_lines": 0, "excluded_lines": 0, "percent_statements_covered": 100.0, "percent_statements_covered_display": "100"}, "missing_lines": [], "excluded_lines": [], "start_line": 1}}, "classes": {"VehicleCard": {"executed_lines": [], "summary": {"covered_lines": 0, "num_statements": 0, "percent_covered": 100.0, "percent_covered_display": "100", "missing_lines": 0, "excluded_lines": 0, "percent_statements_covered": 100.0, "percent_statements_covered_display": "100"}, "missing_lines": [], "excluded_lines": [], "start_line": 26}, "DashboardStats": {"executed_lines": [], "summary": {"covered_lines": 0, "num_statements": 0, "percent_covered": 100.0, "percent_covered_display": "100", "missing_lines": 0, "excluded_lines": 0, "percent_statements_covered": 100.0, "percent_statements_covered_display": "100"}, "missing_lines": [], "excluded_lines": [], "start_line": 38}, "DashboardResult": {"executed_lines": [], "summary": {"covered_lines": 0, "num_statements": 0, "percent_covered": 100.0, "percent_covered_display": "100", "missing_lines": 0, "excluded_lines": 0, "percent_statements_covered": 100.0, "percent_statements_covered_display": "100"}, "missing_lines": [], "excluded_lines": [], "start_line": 45}, "GetDashboardUseCase": {"executed_lines": [63, 67, 70, 71, 76, 77, 80, 81, 83, 94, 95, 96, 97, 98, 99, 100, 104], "summary": {"covered_lines": 17, "num_statements": 22, "percent_covered": 77.27272727272727, "percent_covered_display": "77", "missing_lines": 5, "excluded_lines": 0, "percent_statements_covered": 77.27272727272727, "percent_statements_covered_display": "77"}, "missing_lines": [101, 102, 120, 122, 123], "excluded_lines": [], "start_line": 58}, "": {"executed_lines": [11, 13, 14, 15, 17, 18, 25, 26, 28, 29, 30, 31, 32, 33, 34, 37, 38, 39, 40, 41, 44, 45, 47, 48, 49, 50, 51, 58, 62, 65, 91, 92, 114, 115], "summary": {"covered_lines": 34, "num_statements": 34, "percent_covered": 100.0, "percent_covered_display": "100", "missing_lines": 0, "excluded_lines": 0, "percent_statements_covered": 100.0, "percent_statements_covered_display": "100"}, "missing_lines": [], "excluded_lines": [], "start_line": 1}}}, "backend/application/fuel.py": {"executed_lines": [12, 14, 16, 17, 22, 26, 33, 34, 40, 41, 42, 43, 44, 45, 46, 47, 50, 64, 69, 70, 72, 74, 75, 76, 77, 78, 80, 81, 82, 83, 84, 85, 87, 88, 89, 90, 91, 94, 95, 96, 99, 111, 116, 117, 127, 128, 130, 131, 132, 133, 134, 135, 136, 137, 138, 139, 142, 145, 150, 151, 153, 155, 156, 157, 158, 159, 162, 163, 164, 165, 166, 168, 169, 170, 171, 172, 173, 175, 176, 177, 178, 179, 182, 183, 184, 187, 198, 203, 204, 214, 215, 217, 218, 219, 222, 225, 226, 228, 229, 234, 236, 237, 247, 248, 250, 251, 252, 253, 254, 257, 260, 261, 263, 266, 274, 275, 287, 290, 291, 293, 294, 296, 297, 307, 309, 310, 311, 312, 313, 314], "summary": {"covered_lines": 130, "num_statements": 145, "percent_covered": 89.65517241379311, "percent_covered_display": "90", "missing_lines": 15, "excluded_lines": 0, "percent_statements_covered": 89.65517241379311, "percent_statements_covered_display": "90"}, "missing_lines": [118, 119, 120, 205, 206, 207, 238, 239, 240, 278, 279, 280, 298, 299, 300], "excluded_lines": [], "functions": {"AddFuelUseCase.__init__": {"executed_lines": [69, 70], "summary": {"covered_lines": 2, "num_statements": 2, "percent_covered": 100.0, "percent_covered_display": "100", "missing_lines": 0, "excluded_lines": 0, "percent_statements_covered": 100.0, "percent_statements_covered_display": "100"}, "missing_lines": [], "excluded_lines": [], "start_line": 64}, "AddFuelUseCase.execute_instance": {"executed_lines": [74, 75, 76, 77, 78, 80, 81, 82, 83, 84, 85, 87, 88, 89, 90, 91, 94, 95, 96, 99, 111], "summary": {"covered_lines": 21, "num_statements": 21, "percent_covered": 100.0, "percent_covered_display": "100", "missing_lines": 0, "excluded_lines": 0, "percent_statements_covered": 100.0, "percent_statements_covered_display": "100"}, "missing_lines": [], "excluded_lines": [], "start_line": 72}, "AddFuelUseCase.execute": {"executed_lines": [], "summary": {"covered_lines": 0, "num_statements": 3, "percent_covered": 0.0, "percent_covered_display": "0", "missing_lines": 3, "excluded_lines": 0, "percent_statements_covered": 0.0, "percent_statements_covered_display": "0"}, "missing_lines": [118, 119, 120], "excluded_lines": [], "start_line": 117}, "EditFuelUseCase.__init__": {"executed_lines": [150, 151], "summary": {"covered_lines": 2, "num_statements": 2, "percent_covered": 100.0, "percent_covered_display": "100", "missing_lines": 0, "excluded_lines": 0, "percent_statements_covered": 100.0, "percent_statements_covered_display": "100"}, "missing_lines": [], "excluded_lines": [], "start_line": 145}, "EditFuelUseCase.execute_instance": {"executed_lines": [155, 156, 157, 158, 159, 162, 163, 164, 165, 166, 168, 169, 170, 171, 172, 173, 175, 176, 177, 178, 179, 182, 183, 184, 187, 198], "summary": {"covered_lines": 26, "num_statements": 26, "percent_covered": 100.0, "percent_covered_display": "100", "missing_lines": 0, "excluded_lines": 0, "percent_statements_covered": 100.0, "percent_statements_covered_display": "100"}, "missing_lines": [], "excluded_lines": [], "start_line": 153}, "EditFuelUseCase.execute": {"executed_lines": [], "summary": {"covered_lines": 0, "num_statements": 3, "percent_covered": 0.0, "percent_covered_display": "0", "missing_lines": 3, "excluded_lines": 0, "percent_statements_covered": 0.0, "percent_statements_covered_display": "0"}, "missing_lines": [205, 206, 207], "excluded_lines": [], "start_line": 204}, "DeleteFuelUseCase.__init__": {"executed_lines": [226], "summary": {"covered_lines": 1, "num_statements": 1, "percent_covered": 100.0, "percent_covered_display": "100", "missing_lines": 0, "excluded_lines": 0, "percent_statements_covered": 100.0, "percent_statements_covered_display": "100"}, "missing_lines": [], "excluded_lines": [], "start_line": 225}, "DeleteFuelUseCase.execute_instance": {"executed_lines": [229, 234], "summary": {"covered_lines": 2, "num_statements": 2, "percent_covered": 100.0, "percent_covered_display": "100", "missing_lines": 0, "excluded_lines": 0, "percent_statements_covered": 100.0, "percent_statements_covered_display": "100"}, "missing_lines": [], "excluded_lines": [], "start_line": 228}, "DeleteFuelUseCase.execute": {"executed_lines": [], "summary": {"covered_lines": 0, "num_statements": 3, "percent_covered": 0.0, "percent_covered_display": "0", "missing_lines": 3, "excluded_lines": 0, "percent_statements_covered": 0.0, "percent_statements_covered_display": "0"}, "missing_lines": [238, 239, 240], "excluded_lines": [], "start_line": 237}, "GetFuelUseCase.__init__": {"executed_lines": [261], "summary": {"covered_lines": 1, "num_statements": 1, "percent_covered": 100.0, "percent_covered_display": "100", "missing_lines": 0, "excluded_lines": 0, "percent_statements_covered": 100.0, "percent_statements_covered_display": "100"}, "missing_lines": [], "excluded_lines": [], "start_line": 260}, "GetFuelUseCase.execute_instance": {"executed_lines": [266], "summary": {"covered_lines": 1, "num_statements": 1, "percent_covered": 100.0, "percent_covered_display": "100", "missing_lines": 0, "excluded_lines": 0, "percent_statements_covered": 100.0, "percent_statements_covered_display": "100"}, "missing_lines": [], "excluded_lines": [], "start_line": 263}, "GetFuelUseCase.execute": {"executed_lines": [], "summary": {"covered_lines": 0, "num_statements": 3, "percent_covered": 0.0, "percent_covered_display": "0", "missing_lines": 3, "excluded_lines": 0, "percent_statements_covered": 0.0, "percent_statements_covered_display": "0"}, "missing_lines": [278, 279, 280], "excluded_lines": [], "start_line": 275}, "GetFuelByIdUseCase.__init__": {"executed_lines": [291], "summary": {"covered_lines": 1, "num_statements": 1, "percent_covered": 100.0, "percent_covered_display": "100", "missing_lines": 0, "excluded_lines": 0, "percent_statements_covered": 100.0, "percent_statements_covered_display": "100"}, "missing_lines": [], "excluded_lines": [], "start_line": 290}, "GetFuelByIdUseCase.execute_instance": {"executed_lines": [294], "summary": {"covered_lines": 1, "num_statements": 1, "percent_covered": 100.0, "percent_covered_display": "100", "missing_lines": 0, "excluded_lines": 0, "percent_statements_covered": 100.0, "percent_statements_covered_display": "100"}, "missing_lines": [], "excluded_lines": [], "start_line": 293}, "GetFuelByIdUseCase.execute": {"executed_lines": [], "summary": {"covered_lines": 0, "num_statements": 3, "percent_covered": 0.0, "percent_covered_display": "0", "missing_lines": 3, "excluded_lines": 0, "percent_statements_covered": 0.0, "percent_statements_covered_display": "0"}, "missing_lines": [298, 299, 300], "excluded_lines": [], "start_line": 297}, "_to_float_field": {"executed_lines": [309, 310, 311, 312, 313, 314], "summary": {"covered_lines": 6, "num_statements": 6, "percent_covered": 100.0, "percent_covered_display": "100", "missing_lines": 0, "excluded_lines": 0, "percent_statements_covered": 100.0, "percent_statements_covered_display": "100"}, "missing_lines": [], "excluded_lines": [], "start_line": 307}, "": {"executed_lines": [12, 14, 16, 17, 22, 26, 33, 34, 40, 41, 42, 43, 44, 45, 46, 47, 50, 64, 72, 116, 117, 127, 128, 130, 131, 132, 133, 134, 135, 136, 137, 138, 139, 142, 145, 153, 203, 204, 214, 215, 217, 218, 219, 222, 225, 228, 236, 237, 247, 248, 250, 251, 252, 253, 254, 257, 260, 263, 274, 275, 287, 290, 293, 296, 297, 307], "summary": {"covered_lines": 66, "num_statements": 66, "percent_covered": 100.0, "percent_covered_display": "100", "missing_lines": 0, "excluded_lines": 0, "percent_statements_covered": 100.0, "percent_statements_covered_display": "100"}, "missing_lines": [], "excluded_lines": [], "start_line": 1}}, "classes": {"AddFuelCommand": {"executed_lines": [], "summary": {"covered_lines": 0, "num_statements": 0, "percent_covered": 100.0, "percent_covered_display": "100", "missing_lines": 0, "excluded_lines": 0, "percent_statements_covered": 100.0, "percent_statements_covered_display": "100"}, "missing_lines": [], "excluded_lines": [], "start_line": 34}, "AddFuelUseCase": {"executed_lines": [69, 70, 74, 75, 76, 77, 78, 80, 81, 82, 83, 84, 85, 87, 88, 89, 90, 91, 94, 95, 96, 99, 111], "summary": {"covered_lines": 23, "num_statements": 26, "percent_covered": 88.46153846153847, "percent_covered_display": "88", "missing_lines": 3, "excluded_lines": 0, "percent_statements_covered": 88.46153846153847, "percent_statements_covered_display": "88"}, "missing_lines": [118, 119, 120], "excluded_lines": [], "start_line": 50}, "EditFuelCommand": {"executed_lines": [], "summary": {"covered_lines": 0, "num_statements": 0, "percent_covered": 100.0, "percent_covered_display": "100", "missing_lines": 0, "excluded_lines": 0, "percent_statements_covered": 100.0, "percent_statements_covered_display": "100"}, "missing_lines": [], "excluded_lines": [], "start_line": 128}, "EditFuelUseCase": {"executed_lines": [150, 151, 155, 156, 157, 158, 159, 162, 163, 164, 165, 166, 168, 169, 170, 171, 172, 173, 175, 176, 177, 178, 179, 182, 183, 184, 187, 198], "summary": {"covered_lines": 28, "num_statements": 31, "percent_covered": 90.3225806451613, "percent_covered_display": "90", "missing_lines": 3, "excluded_lines": 0, "percent_statements_covered": 90.3225806451613, "percent_statements_covered_display": "90"}, "missing_lines": [205, 206, 207], "excluded_lines": [], "start_line": 142}, "DeleteFuelCommand": {"executed_lines": [], "summary": {"covered_lines": 0, "num_statements": 0, "percent_covered": 100.0, "percent_covered_display": "100", "missing_lines": 0, "excluded_lines": 0, "percent_statements_covered": 100.0, "percent_statements_covered_display": "100"}, "missing_lines": [], "excluded_lines": [], "start_line": 215}, "DeleteFuelUseCase": {"executed_lines": [226, 229, 234], "summary": {"covered_lines": 3, "num_statements": 6, "percent_covered": 50.0, "percent_covered_display": "50", "missing_lines": 3, "excluded_lines": 0, "percent_statements_covered": 50.0, "percent_statements_covered_display": "50"}, "missing_lines": [238, 239, 240], "excluded_lines": [], "start_line": 222}, "GetFuelQuery": {"executed_lines": [], "summary": {"covered_lines": 0, "num_statements": 0, "percent_covered": 100.0, "percent_covered_display": "100", "missing_lines": 0, "excluded_lines": 0, "percent_statements_covered": 100.0, "percent_statements_covered_display": "100"}, "missing_lines": [], "excluded_lines": [], "start_line": 248}, "GetFuelUseCase": {"executed_lines": [261, 266], "summary": {"covered_lines": 2, "num_statements": 5, "percent_covered": 40.0, "percent_covered_display": "40", "missing_lines": 3, "excluded_lines": 0, "percent_statements_covered": 40.0, "percent_statements_covered_display": "40"}, "missing_lines": [278, 279, 280], "excluded_lines": [], "start_line": 257}, "GetFuelByIdUseCase": {"executed_lines": [291, 294], "summary": {"covered_lines": 2, "num_statements": 5, "percent_covered": 40.0, "percent_covered_display": "40", "missing_lines": 3, "excluded_lines": 0, "percent_statements_covered": 40.0, "percent_statements_covered_display": "40"}, "missing_lines": [298, 299, 300], "excluded_lines": [], "start_line": 287}, "": {"executed_lines": [12, 14, 16, 17, 22, 26, 33, 34, 40, 41, 42, 43, 44, 45, 46, 47, 50, 64, 72, 116, 117, 127, 128, 130, 131, 132, 133, 134, 135, 136, 137, 138, 139, 142, 145, 153, 203, 204, 214, 215, 217, 218, 219, 222, 225, 228, 236, 237, 247, 248, 250, 251, 252, 253, 254, 257, 260, 263, 274, 275, 287, 290, 293, 296, 297, 307, 309, 310, 311, 312, 313, 314], "summary": {"covered_lines": 72, "num_statements": 72, "percent_covered": 100.0, "percent_covered_display": "100", "missing_lines": 0, "excluded_lines": 0, "percent_statements_covered": 100.0, "percent_statements_covered_display": "100"}, "missing_lines": [], "excluded_lines": [], "start_line": 1}}}, "backend/application/maintenance.py": {"executed_lines": [14, 16, 18, 19, 24, 28, 30, 31, 38, 39, 41, 42, 43, 44, 45, 46, 47, 48, 49, 50, 53, 67, 72, 73, 75, 77, 78, 79, 80, 81, 83, 84, 85, 86, 87, 89, 90, 93, 94, 95, 98, 111, 116, 117, 127, 128, 130, 131, 132, 133, 134, 135, 136, 137, 138, 139, 140, 141, 144, 147, 152, 153, 155, 157, 158, 159, 160, 161, 164, 165, 166, 167, 168, 170, 171, 172, 173, 174, 176, 177, 180, 181, 182, 185, 198, 203, 204, 214, 215, 217, 218, 219, 222, 225, 226, 228, 229, 234, 236, 237, 247, 248, 250, 251, 252, 253, 254, 255, 258, 261, 262, 264, 267, 276, 277, 289, 292, 293, 295, 296, 298, 299, 309, 310, 312, 313, 314, 317, 320, 321, 323, 333, 334, 335, 336, 337, 338, 339, 341, 342, 352, 353, 355, 356, 357, 358, 361, 364, 365, 367, 374, 377, 378, 379, 380, 381, 382, 384, 385, 395, 397, 399, 400, 401, 402], "summary": {"covered_lines": 165, "num_statements": 187, "percent_covered": 88.23529411764706, "percent_covered_display": "88", "missing_lines": 22, "excluded_lines": 0, "percent_statements_covered": 88.23529411764706, "percent_statements_covered_display": "88"}, "missing_lines": [118, 119, 120, 205, 206, 207, 238, 239, 240, 280, 281, 282, 300, 301, 302, 343, 344, 345, 386, 387, 388, 398], "excluded_lines": [], "functions": {"AddMaintenanceUseCase.__init__": {"executed_lines": [72, 73], "summary": {"covered_lines": 2, "num_statements": 2, "percent_covered": 100.0, "percent_covered_display": "100", "missing_lines": 0, "excluded_lines": 0, "percent_statements_covered": 100.0, "percent_statements_covered_display": "100"}, "missing_lines": [], "excluded_lines": [], "start_line": 67}, "AddMaintenanceUseCase.execute_instance": {"executed_lines": [77, 78, 79, 80, 81, 83, 84, 85, 86, 87, 89, 90, 93, 94, 95, 98, 111], "summary": {"covered_lines": 17, "num_statements": 17, "percent_covered": 100.0, "percent_covered_display": "100", "missing_lines": 0, "excluded_lines": 0, "percent_statements_covered": 100.0, "percent_statements_covered_display": "100"}, "missing_lines": [], "excluded_lines": [], "start_line": 75}, "AddMaintenanceUseCase.execute": {"executed_lines": [], "summary": {"covered_lines": 0, "num_statements": 3, "percent_covered": 0.0, "percent_covered_display": "0", "missing_lines": 3, "excluded_lines": 0, "percent_statements_covered": 0.0, "percent_statements_covered_display": "0"}, "missing_lines": [118, 119, 120], "excluded_lines": [], "start_line": 117}, "EditMaintenanceUseCase.__init__": {"executed_lines": [152, 153], "summary": {"covered_lines": 2, "num_statements": 2, "percent_covered": 100.0, "percent_covered_display": "100", "missing_lines": 0, "excluded_lines": 0, "percent_statements_covered": 100.0, "percent_statements_covered_display": "100"}, "missing_lines": [], "excluded_lines": [], "start_line": 147}, "EditMaintenanceUseCase.execute_instance": {"executed_lines": [157, 158, 159, 160, 161, 164, 165, 166, 167, 168, 170, 171, 172, 173, 174, 176, 177, 180, 181, 182, 185, 198], "summary": {"covered_lines": 22, "num_statements": 22, "percent_covered": 100.0, "percent_covered_display": "100", "missing_lines": 0, "excluded_lines": 0, "percent_statements_covered": 100.0, "percent_statements_covered_display": "100"}, "missing_lines": [], "excluded_lines": [], "start_line": 155}, "EditMaintenanceUseCase.execute": {"executed_lines": [], "summary": {"covered_lines": 0, "num_statements": 3, "percent_covered": 0.0, "percent_covered_display": "0", "missing_lines": 3, "excluded_lines": 0, "percent_statements_covered": 0.0, "percent_statements_covered_display": "0"}, "missing_lines": [205, 206, 207], "excluded_lines": [], "start_line": 204}, "DeleteMaintenanceUseCase.__init__": {"executed_lines": [226], "summary": {"covered_lines": 1, "num_statements": 1, "percent_covered": 100.0, "percent_covered_display": "100", "missing_lines": 0, "excluded_lines": 0, "percent_statements_covered": 100.0, "percent_statements_covered_display": "100"}, "missing_lines": [], "excluded_lines": [], "start_line": 225}, "DeleteMaintenanceUseCase.execute_instance": {"executed_lines": [229, 234], "summary": {"covered_lines": 2, "num_statements": 2, "percent_covered": 100.0, "percent_covered_display": "100", "missing_lines": 0, "excluded_lines": 0, "percent_statements_covered": 100.0, "percent_statements_covered_display": "100"}, "missing_lines": [], "excluded_lines": [], "start_line": 228}, "DeleteMaintenanceUseCase.execute": {"executed_lines": [], "summary": {"covered_lines": 0, "num_statements": 3, "percent_covered": 0.0, "percent_covered_display": "0", "missing_lines": 3, "excluded_lines": 0, "percent_statements_covered": 0.0, "percent_statements_covered_display": "0"}, "missing_lines": [238, 239, 240], "excluded_lines": [], "start_line": 237}, "GetMaintenanceUseCase.__init__": {"executed_lines": [262], "summary": {"covered_lines": 1, "num_statements": 1, "percent_covered": 100.0, "percent_covered_display": "100", "missing_lines": 0, "excluded_lines": 0, "percent_statements_covered": 100.0, "percent_statements_covered_display": "100"}, "missing_lines": [], "excluded_lines": [], "start_line": 261}, "GetMaintenanceUseCase.execute_instance": {"executed_lines": [267], "summary": {"covered_lines": 1, "num_statements": 1, "percent_covered": 100.0, "percent_covered_display": "100", "missing_lines": 0, "excluded_lines": 0, "percent_statements_covered": 100.0, "percent_statements_covered_display": "100"}, "missing_lines": [], "excluded_lines": [], "start_line": 264}, "GetMaintenanceUseCase.execute": {"executed_lines": [], "summary": {"covered_lines": 0, "num_statements": 3, "percent_covered": 0.0, "percent_covered_display": "0", "missing_lines": 3, "excluded_lines": 0, "percent_statements_covered": 0.0, "percent_statements_covered_display": "0"}, "missing_lines": [280, 281, 282], "excluded_lines": [], "start_line": 277}, "GetMaintenanceByIdUseCase.__init__": {"executed_lines": [293], "summary": {"covered_lines": 1, "num_statements": 1, "percent_covered": 100.0, "percent_covered_display": "100", "missing_lines": 0, "excluded_lines": 0, "percent_statements_covered": 100.0, "percent_statements_covered_display": "100"}, "missing_lines": [], "excluded_lines": [], "start_line": 292}, "GetMaintenanceByIdUseCase.execute_instance": {"executed_lines": [296], "summary": {"covered_lines": 1, "num_statements": 1, "percent_covered": 100.0, "percent_covered_display": "100", "missing_lines": 0, "excluded_lines": 0, "percent_statements_covered": 100.0, "percent_statements_covered_display": "100"}, "missing_lines": [], "excluded_lines": [], "start_line": 295}, "GetMaintenanceByIdUseCase.execute": {"executed_lines": [], "summary": {"covered_lines": 0, "num_statements": 3, "percent_covered": 0.0, "percent_covered_display": "0", "missing_lines": 3, "excluded_lines": 0, "percent_statements_covered": 0.0, "percent_statements_covered_display": "0"}, "missing_lines": [300, 301, 302], "excluded_lines": [], "start_line": 299}, "CompleteMaintenanceUseCase.__init__": {"executed_lines": [321], "summary": {"covered_lines": 1, "num_statements": 1, "percent_covered": 100.0, "percent_covered_display": "100", "missing_lines": 0, "excluded_lines": 0, "percent_statements_covered": 100.0, "percent_statements_covered_display": "100"}, "missing_lines": [], "excluded_lines": [], "start_line": 320}, "CompleteMaintenanceUseCase.execute_instance": {"executed_lines": [333, 334, 335, 336, 337, 338, 339], "summary": {"covered_lines": 7, "num_statements": 7, "percent_covered": 100.0, "percent_covered_display": "100", "missing_lines": 0, "excluded_lines": 0, "percent_statements_covered": 100.0, "percent_statements_covered_display": "100"}, "missing_lines": [], "excluded_lines": [], "start_line": 323}, "CompleteMaintenanceUseCase.execute": {"executed_lines": [], "summary": {"covered_lines": 0, "num_statements": 3, "percent_covered": 0.0, "percent_covered_display": "0", "missing_lines": 3, "excluded_lines": 0, "percent_statements_covered": 0.0, "percent_statements_covered_display": "0"}, "missing_lines": [343, 344, 345], "excluded_lines": [], "start_line": 342}, "CreateNextMaintenanceUseCase.__init__": {"executed_lines": [365], "summary": {"covered_lines": 1, "num_statements": 1, "percent_covered": 100.0, "percent_covered_display": "100", "missing_lines": 0, "excluded_lines": 0, "percent_statements_covered": 100.0, "percent_statements_covered_display": "100"}, "missing_lines": [], "excluded_lines": [], "start_line": 364}, "CreateNextMaintenanceUseCase.execute_instance": {"executed_lines": [374, 377, 378, 379, 380, 381, 382], "summary": {"covered_lines": 7, "num_statements": 7, "percent_covered": 100.0, "percent_covered_display": "100", "missing_lines": 0, "excluded_lines": 0, "percent_statements_covered": 100.0, "percent_statements_covered_display": "100"}, "missing_lines": [], "excluded_lines": [], "start_line": 367}, "CreateNextMaintenanceUseCase.execute": {"executed_lines": [], "summary": {"covered_lines": 0, "num_statements": 3, "percent_covered": 0.0, "percent_covered_display": "0", "missing_lines": 3, "excluded_lines": 0, "percent_statements_covered": 0.0, "percent_statements_covered_display": "0"}, "missing_lines": [386, 387, 388], "excluded_lines": [], "start_line": 385}, "_to_float_field": {"executed_lines": [397, 399, 400, 401, 402], "summary": {"covered_lines": 5, "num_statements": 6, "percent_covered": 83.33333333333333, "percent_covered_display": "83", "missing_lines": 1, "excluded_lines": 0, "percent_statements_covered": 83.33333333333333, "percent_statements_covered_display": "83"}, "missing_lines": [398], "excluded_lines": [], "start_line": 395}, "": {"executed_lines": [14, 16, 18, 19, 24, 28, 30, 31, 38, 39, 41, 42, 43, 44, 45, 46, 47, 48, 49, 50, 53, 67, 75, 116, 117, 127, 128, 130, 131, 132, 133, 134, 135, 136, 137, 138, 139, 140, 141, 144, 147, 155, 203, 204, 214, 215, 217, 218, 219, 222, 225, 228, 236, 237, 247, 248, 250, 251, 252, 253, 254, 255, 258, 261, 264, 276, 277, 289, 292, 295, 298, 299, 309, 310, 312, 313, 314, 317, 320, 323, 341, 342, 352, 353, 355, 356, 357, 358, 361, 364, 367, 384, 385, 395], "summary": {"covered_lines": 94, "num_statements": 94, "percent_covered": 100.0, "percent_covered_display": "100", "missing_lines": 0, "excluded_lines": 0, "percent_statements_covered": 100.0, "percent_statements_covered_display": "100"}, "missing_lines": [], "excluded_lines": [], "start_line": 1}}, "classes": {"AddMaintenanceCommand": {"executed_lines": [], "summary": {"covered_lines": 0, "num_statements": 0, "percent_covered": 100.0, "percent_covered_display": "100", "missing_lines": 0, "excluded_lines": 0, "percent_statements_covered": 100.0, "percent_statements_covered_display": "100"}, "missing_lines": [], "excluded_lines": [], "start_line": 39}, "AddMaintenanceUseCase": {"executed_lines": [72, 73, 77, 78, 79, 80, 81, 83, 84, 85, 86, 87, 89, 90, 93, 94, 95, 98, 111], "summary": {"covered_lines": 19, "num_statements": 22, "percent_covered": 86.36363636363636, "percent_covered_display": "86", "missing_lines": 3, "excluded_lines": 0, "percent_statements_covered": 86.36363636363636, "percent_statements_covered_display": "86"}, "missing_lines": [118, 119, 120], "excluded_lines": [], "start_line": 53}, "EditMaintenanceCommand": {"executed_lines": [], "summary": {"covered_lines": 0, "num_statements": 0, "percent_covered": 100.0, "percent_covered_display": "100", "missing_lines": 0, "excluded_lines": 0, "percent_statements_covered": 100.0, "percent_statements_covered_display": "100"}, "missing_lines": [], "excluded_lines": [], "start_line": 128}, "EditMaintenanceUseCase": {"executed_lines": [152, 153, 157, 158, 159, 160, 161, 164, 165, 166, 167, 168, 170, 171, 172, 173, 174, 176, 177, 180, 181, 182, 185, 198], "summary": {"covered_lines": 24, "num_statements": 27, "percent_covered": 88.88888888888889, "percent_covered_display": "89", "missing_lines": 3, "excluded_lines": 0, "percent_statements_covered": 88.88888888888889, "percent_statements_covered_display": "89"}, "missing_lines": [205, 206, 207], "excluded_lines": [], "start_line": 144}, "DeleteMaintenanceCommand": {"executed_lines": [], "summary": {"covered_lines": 0, "num_statements": 0, "percent_covered": 100.0, "percent_covered_display": "100", "missing_lines": 0, "excluded_lines": 0, "percent_statements_covered": 100.0, "percent_statements_covered_display": "100"}, "missing_lines": [], "excluded_lines": [], "start_line": 215}, "DeleteMaintenanceUseCase": {"executed_lines": [226, 229, 234], "summary": {"covered_lines": 3, "num_statements": 6, "percent_covered": 50.0, "percent_covered_display": "50", "missing_lines": 3, "excluded_lines": 0, "percent_statements_covered": 50.0, "percent_statements_covered_display": "50"}, "missing_lines": [238, 239, 240], "excluded_lines": [], "start_line": 222}, "GetMaintenanceQuery": {"executed_lines": [], "summary": {"covered_lines": 0, "num_statements": 0, "percent_covered": 100.0, "percent_covered_display": "100", "missing_lines": 0, "excluded_lines": 0, "percent_statements_covered": 100.0, "percent_statements_covered_display": "100"}, "missing_lines": [], "excluded_lines": [], "start_line": 248}, "GetMaintenanceUseCase": {"executed_lines": [262, 267], "summary": {"covered_lines": 2, "num_statements": 5, "percent_covered": 40.0, "percent_covered_display": "40", "missing_lines": 3, "excluded_lines": 0, "percent_statements_covered": 40.0, "percent_statements_covered_display": "40"}, "missing_lines": [280, 281, 282], "excluded_lines": [], "start_line": 258}, "GetMaintenanceByIdUseCase": {"executed_lines": [293, 296], "summary": {"covered_lines": 2, "num_statements": 5, "percent_covered": 40.0, "percent_covered_display": "40", "missing_lines": 3, "excluded_lines": 0, "percent_statements_covered": 40.0, "percent_statements_covered_display": "40"}, "missing_lines": [300, 301, 302], "excluded_lines": [], "start_line": 289}, "CompleteMaintenanceCommand": {"executed_lines": [], "summary": {"covered_lines": 0, "num_statements": 0, "percent_covered": 100.0, "percent_covered_display": "100", "missing_lines": 0, "excluded_lines": 0, "percent_statements_covered": 100.0, "percent_statements_covered_display": "100"}, "missing_lines": [], "excluded_lines": [], "start_line": 310}, "CompleteMaintenanceUseCase": {"executed_lines": [321, 333, 334, 335, 336, 337, 338, 339], "summary": {"covered_lines": 8, "num_statements": 11, "percent_covered": 72.72727272727273, "percent_covered_display": "73", "missing_lines": 3, "excluded_lines": 0, "percent_statements_covered": 72.72727272727273, "percent_statements_covered_display": "73"}, "missing_lines": [343, 344, 345], "excluded_lines": [], "start_line": 317}, "CreateNextMaintenanceCommand": {"executed_lines": [], "summary": {"covered_lines": 0, "num_statements": 0, "percent_covered": 100.0, "percent_covered_display": "100", "missing_lines": 0, "excluded_lines": 0, "percent_statements_covered": 100.0, "percent_statements_covered_display": "100"}, "missing_lines": [], "excluded_lines": [], "start_line": 353}, "CreateNextMaintenanceUseCase": {"executed_lines": [365, 374, 377, 378, 379, 380, 381, 382], "summary": {"covered_lines": 8, "num_statements": 11, "percent_covered": 72.72727272727273, "percent_covered_display": "73", "missing_lines": 3, "excluded_lines": 0, "percent_statements_covered": 72.72727272727273, "percent_statements_covered_display": "73"}, "missing_lines": [386, 387, 388], "excluded_lines": [], "start_line": 361}, "": {"executed_lines": [14, 16, 18, 19, 24, 28, 30, 31, 38, 39, 41, 42, 43, 44, 45, 46, 47, 48, 49, 50, 53, 67, 75, 116, 117, 127, 128, 130, 131, 132, 133, 134, 135, 136, 137, 138, 139, 140, 141, 144, 147, 155, 203, 204, 214, 215, 217, 218, 219, 222, 225, 228, 236, 237, 247, 248, 250, 251, 252, 253, 254, 255, 258, 261, 264, 276, 277, 289, 292, 295, 298, 299, 309, 310, 312, 313, 314, 317, 320, 323, 341, 342, 352, 353, 355, 356, 357, 358, 361, 364, 367, 384, 385, 395, 397, 399, 400, 401, 402], "summary": {"covered_lines": 99, "num_statements": 100, "percent_covered": 99.0, "percent_covered_display": "99", "missing_lines": 1, "excluded_lines": 0, "percent_statements_covered": 99.0, "percent_statements_covered_display": "99"}, "missing_lines": [398], "excluded_lines": [], "start_line": 1}}}, "backend/application/report.py": {"executed_lines": [12, 14, 15, 16, 18, 25, 35, 36, 45, 46, 53, 54, 56, 57, 58, 59, 60, 61, 62, 63, 64, 65, 66, 67, 74, 87, 88, 90, 141, 142, 152, 170, 173, 174, 175, 176, 177, 178, 179, 180, 181, 182, 184, 185, 186, 187, 189, 190, 191, 192, 195, 196, 197, 198, 199, 201, 202, 203, 204, 205, 206, 209, 210, 211, 214, 215, 216, 217], "summary": {"covered_lines": 68, "num_statements": 83, "percent_covered": 81.92771084337349, "percent_covered_display": "82", "missing_lines": 15, "excluded_lines": 0, "percent_statements_covered": 81.92771084337349, "percent_statements_covered_display": "82"}, "missing_lines": [97, 98, 99, 102, 107, 112, 115, 118, 121, 124, 126, 143, 144, 145, 212], "excluded_lines": [], "functions": {"GenerateReportUseCase.__init__": {"executed_lines": [88], "summary": {"covered_lines": 1, "num_statements": 1, "percent_covered": 100.0, "percent_covered_display": "100", "missing_lines": 0, "excluded_lines": 0, "percent_statements_covered": 100.0, "percent_statements_covered_display": "100"}, "missing_lines": [], "excluded_lines": [], "start_line": 87}, "GenerateReportUseCase.execute_instance": {"executed_lines": [], "summary": {"covered_lines": 0, "num_statements": 11, "percent_covered": 0.0, "percent_covered_display": "0", "missing_lines": 11, "excluded_lines": 0, "percent_statements_covered": 0.0, "percent_statements_covered_display": "0"}, "missing_lines": [97, 98, 99, 102, 107, 112, 115, 118, 121, 124, 126], "excluded_lines": [], "start_line": 90}, "GenerateReportUseCase.execute": {"executed_lines": [], "summary": {"covered_lines": 0, "num_statements": 3, "percent_covered": 0.0, "percent_covered_display": "0", "missing_lines": 3, "excluded_lines": 0, "percent_statements_covered": 0.0, "percent_statements_covered_display": "0"}, "missing_lines": [143, 144, 145], "excluded_lines": [], "start_line": 142}, "_resolve_period": {"executed_lines": [170, 173, 174, 175, 176, 177, 178, 179, 180, 181, 182, 184, 185, 186, 187, 189, 190, 191, 192, 195, 196, 197, 198, 199, 201, 202, 203, 204, 205, 206, 209, 210, 211, 214, 215, 216, 217], "summary": {"covered_lines": 37, "num_statements": 38, "percent_covered": 97.36842105263158, "percent_covered_display": "97", "missing_lines": 1, "excluded_lines": 0, "percent_statements_covered": 97.36842105263158, "percent_statements_covered_display": "97"}, "missing_lines": [212], "excluded_lines": [], "start_line": 152}, "": {"executed_lines": [12, 14, 15, 16, 18, 25, 35, 36, 45, 46, 53, 54, 56, 57, 58, 59, 60, 61, 62, 63, 64, 65, 66, 67, 74, 87, 90, 141, 142, 152], "summary": {"covered_lines": 30, "num_statements": 30, "percent_covered": 100.0, "percent_covered_display": "100", "missing_lines": 0, "excluded_lines": 0, "percent_statements_covered": 100.0, "percent_statements_covered_display": "100"}, "missing_lines": [], "excluded_lines": [], "start_line": 1}}, "classes": {"ReportQuery": {"executed_lines": [], "summary": {"covered_lines": 0, "num_statements": 0, "percent_covered": 100.0, "percent_covered_display": "100", "missing_lines": 0, "excluded_lines": 0, "percent_statements_covered": 100.0, "percent_statements_covered_display": "100"}, "missing_lines": [], "excluded_lines": [], "start_line": 36}, "ReportResult": {"executed_lines": [], "summary": {"covered_lines": 0, "num_statements": 0, "percent_covered": 100.0, "percent_covered_display": "100", "missing_lines": 0, "excluded_lines": 0, "percent_statements_covered": 100.0, "percent_statements_covered_display": "100"}, "missing_lines": [], "excluded_lines": [], "start_line": 54}, "GenerateReportUseCase": {"executed_lines": [88], "summary": {"covered_lines": 1, "num_statements": 15, "percent_covered": 6.666666666666667, "percent_covered_display": "7", "missing_lines": 14, "excluded_lines": 0, "percent_statements_covered": 6.666666666666667, "percent_statements_covered_display": "7"}, "missing_lines": [97, 98, 99, 102, 107, 112, 115, 118, 121, 124, 126, 143, 144, 145], "excluded_lines": [], "start_line": 74}, "": {"executed_lines": [12, 14, 15, 16, 18, 25, 35, 36, 45, 46, 53, 54, 56, 57, 58, 59, 60, 61, 62, 63, 64, 65, 66, 67, 74, 87, 90, 141, 142, 152, 170, 173, 174, 175, 176, 177, 178, 179, 180, 181, 182, 184, 185, 186, 187, 189, 190, 191, 192, 195, 196, 197, 198, 199, 201, 202, 203, 204, 205, 206, 209, 210, 211, 214, 215, 216, 217], "summary": {"covered_lines": 67, "num_statements": 68, "percent_covered": 98.52941176470588, "percent_covered_display": "99", "missing_lines": 1, "excluded_lines": 0, "percent_statements_covered": 98.52941176470588, "percent_statements_covered_display": "99"}, "missing_lines": [212], "excluded_lines": [], "start_line": 1}}}, "backend/application/trips.py": {"executed_lines": [17, 19, 21, 22, 28, 32, 33, 40, 41, 60, 61, 62, 63, 64, 65, 66, 67, 68, 69, 70, 73, 86, 87, 88, 90, 100, 101, 102, 103, 104, 105, 107, 108, 109, 110, 111, 113, 114, 115, 116, 119, 120, 121, 124, 139, 143, 144, 149, 151, 152, 153, 154, 155, 162, 163, 169, 170, 171, 172, 173, 176, 185, 188, 205, 206], "summary": {"covered_lines": 65, "num_statements": 72, "percent_covered": 90.27777777777777, "percent_covered_display": "90", "missing_lines": 7, "excluded_lines": 0, "percent_statements_covered": 90.27777777777777, "percent_statements_covered_display": "90"}, "missing_lines": [146, 147, 186, 197, 209, 210, 211], "excluded_lines": [], "functions": {"AddTripUseCase.__init__": {"executed_lines": [87, 88], "summary": {"covered_lines": 2, "num_statements": 2, "percent_covered": 100.0, "percent_covered_display": "100", "missing_lines": 0, "excluded_lines": 0, "percent_statements_covered": 100.0, "percent_statements_covered_display": "100"}, "missing_lines": [], "excluded_lines": [], "start_line": 86}, "AddTripUseCase.execute_instance": {"executed_lines": [100, 101, 102, 103, 104, 105, 107, 108, 109, 110, 111, 113, 114, 115, 116, 119, 120, 121, 124, 139, 143, 144, 149], "summary": {"covered_lines": 23, "num_statements": 25, "percent_covered": 92.0, "percent_covered_display": "92", "missing_lines": 2, "excluded_lines": 0, "percent_statements_covered": 92.0, "percent_statements_covered_display": "92"}, "missing_lines": [146, 147], "excluded_lines": [], "start_line": 90}, "AddTripUseCase.execute": {"executed_lines": [153, 154, 155], "summary": {"covered_lines": 3, "num_statements": 3, "percent_covered": 100.0, "percent_covered_display": "100", "missing_lines": 0, "excluded_lines": 0, "percent_statements_covered": 100.0, "percent_statements_covered_display": "100"}, "missing_lines": [], "excluded_lines": [], "start_line": 152}, "GetTripsUseCase.__init__": {"executed_lines": [], "summary": {"covered_lines": 0, "num_statements": 1, "percent_covered": 0.0, "percent_covered_display": "0", "missing_lines": 1, "excluded_lines": 0, "percent_statements_covered": 0.0, "percent_statements_covered_display": "0"}, "missing_lines": [186], "excluded_lines": [], "start_line": 185}, "GetTripsUseCase.execute_instance": {"executed_lines": [], "summary": {"covered_lines": 0, "num_statements": 1, "percent_covered": 0.0, "percent_covered_display": "0", "missing_lines": 1, "excluded_lines": 0, "percent_statements_covered": 0.0, "percent_statements_covered_display": "0"}, "missing_lines": [197], "excluded_lines": [], "start_line": 188}, "GetTripsUseCase.execute": {"executed_lines": [], "summary": {"covered_lines": 0, "num_statements": 3, "percent_covered": 0.0, "percent_covered_display": "0", "missing_lines": 3, "excluded_lines": 0, "percent_statements_covered": 0.0, "percent_statements_covered_display": "0"}, "missing_lines": [209, 210, 211], "excluded_lines": [], "start_line": 206}, "": {"executed_lines": [17, 19, 21, 22, 28, 32, 33, 40, 41, 60, 61, 62, 63, 64, 65, 66, 67, 68, 69, 70, 73, 86, 90, 151, 152, 162, 163, 169, 170, 171, 172, 173, 176, 185, 188, 205, 206], "summary": {"covered_lines": 37, "num_statements": 37, "percent_covered": 100.0, "percent_covered_display": "100", "missing_lines": 0, "excluded_lines": 0, "percent_statements_covered": 100.0, "percent_statements_covered_display": "100"}, "missing_lines": [], "excluded_lines": [], "start_line": 1}}, "classes": {"AddTripCommand": {"executed_lines": [], "summary": {"covered_lines": 0, "num_statements": 0, "percent_covered": 100.0, "percent_covered_display": "100", "missing_lines": 0, "excluded_lines": 0, "percent_statements_covered": 100.0, "percent_statements_covered_display": "100"}, "missing_lines": [], "excluded_lines": [], "start_line": 41}, "AddTripUseCase": {"executed_lines": [87, 88, 100, 101, 102, 103, 104, 105, 107, 108, 109, 110, 111, 113, 114, 115, 116, 119, 120, 121, 124, 139, 143, 144, 149, 153, 154, 155], "summary": {"covered_lines": 28, "num_statements": 30, "percent_covered": 93.33333333333333, "percent_covered_display": "93", "missing_lines": 2, "excluded_lines": 0, "percent_statements_covered": 93.33333333333333, "percent_statements_covered_display": "93"}, "missing_lines": [146, 147], "excluded_lines": [], "start_line": 73}, "GetTripsQuery": {"executed_lines": [], "summary": {"covered_lines": 0, "num_statements": 0, "percent_covered": 100.0, "percent_covered_display": "100", "missing_lines": 0, "excluded_lines": 0, "percent_statements_covered": 100.0, "percent_statements_covered_display": "100"}, "missing_lines": [], "excluded_lines": [], "start_line": 163}, "GetTripsUseCase": {"executed_lines": [], "summary": {"covered_lines": 0, "num_statements": 5, "percent_covered": 0.0, "percent_covered_display": "0", "missing_lines": 5, "excluded_lines": 0, "percent_statements_covered": 0.0, "percent_statements_covered_display": "0"}, "missing_lines": [186, 197, 209, 210, 211], "excluded_lines": [], "start_line": 176}, "": {"executed_lines": [17, 19, 21, 22, 28, 32, 33, 40, 41, 60, 61, 62, 63, 64, 65, 66, 67, 68, 69, 70, 73, 86, 90, 151, 152, 162, 163, 169, 170, 171, 172, 173, 176, 185, 188, 205, 206], "summary": {"covered_lines": 37, "num_statements": 37, "percent_covered": 100.0, "percent_covered_display": "100", "missing_lines": 0, "excluded_lines": 0, "percent_statements_covered": 100.0, "percent_statements_covered_display": "100"}, "missing_lines": [], "excluded_lines": [], "start_line": 1}}}, "backend/bootstrap.py": {"executed_lines": [1, 2, 4, 5, 6, 8, 10, 13, 15, 16, 17, 18, 20, 21, 23, 24, 25, 26, 27, 28, 29, 33, 35, 36, 37, 39, 40, 41, 52, 59, 60, 61, 62, 63, 64, 65, 66, 67, 68, 69, 71, 72], "summary": {"covered_lines": 42, "num_statements": 42, "percent_covered": 100.0, "percent_covered_display": "100", "missing_lines": 0, "excluded_lines": 0, "percent_statements_covered": 100.0, "percent_statements_covered_display": "100"}, "missing_lines": [], "excluded_lines": [], "functions": {"ensure_bootstrap_admin": {"executed_lines": [15, 16, 17, 18, 20, 21, 23, 24, 25, 26, 27, 28, 29, 33, 35, 36, 37, 39, 40, 41, 52, 59, 60, 61, 62, 63, 64, 65, 66, 67, 68, 69, 71, 72], "summary": {"covered_lines": 34, "num_statements": 34, "percent_covered": 100.0, "percent_covered_display": "100", "missing_lines": 0, "excluded_lines": 0, "percent_statements_covered": 100.0, "percent_statements_covered_display": "100"}, "missing_lines": [], "excluded_lines": [], "start_line": 13}, "": {"executed_lines": [1, 2, 4, 5, 6, 8, 10, 13], "summary": {"covered_lines": 8, "num_statements": 8, "percent_covered": 100.0, "percent_covered_display": "100", "missing_lines": 0, "excluded_lines": 0, "percent_statements_covered": 100.0, "percent_statements_covered_display": "100"}, "missing_lines": [], "excluded_lines": [], "start_line": 1}}, "classes": {"": {"executed_lines": [1, 2, 4, 5, 6, 8, 10, 13, 15, 16, 17, 18, 20, 21, 23, 24, 25, 26, 27, 28, 29, 33, 35, 36, 37, 39, 40, 41, 52, 59, 60, 61, 62, 63, 64, 65, 66, 67, 68, 69, 71, 72], "summary": {"covered_lines": 42, "num_statements": 42, "percent_covered": 100.0, "percent_covered_display": "100", "missing_lines": 0, "excluded_lines": 0, "percent_statements_covered": 100.0, "percent_statements_covered_display": "100"}, "missing_lines": [], "excluded_lines": [], "start_line": 1}}}, "backend/config.py": {"executed_lines": [1, 2, 5, 6, 7, 9, 10, 11, 12, 13, 15, 17, 21, 22, 25, 26, 27, 28, 29, 30, 34, 40, 41, 42, 43, 44, 45], "summary": {"covered_lines": 27, "num_statements": 28, "percent_covered": 96.42857142857143, "percent_covered_display": "96", "missing_lines": 1, "excluded_lines": 0, "percent_statements_covered": 96.42857142857143, "percent_statements_covered_display": "96"}, "missing_lines": [18], "excluded_lines": [], "functions": {"get_config": {"executed_lines": [41, 42, 43, 44, 45], "summary": {"covered_lines": 5, "num_statements": 5, "percent_covered": 100.0, "percent_covered_display": "100", "missing_lines": 0, "excluded_lines": 0, "percent_statements_covered": 100.0, "percent_statements_covered_display": "100"}, "missing_lines": [], "excluded_lines": [], "start_line": 40}, "": {"executed_lines": [1, 2, 5, 6, 7, 9, 10, 11, 12, 13, 15, 17, 21, 22, 25, 26, 27, 28, 29, 30, 34, 40], "summary": {"covered_lines": 22, "num_statements": 23, "percent_covered": 95.65217391304348, "percent_covered_display": "96", "missing_lines": 1, "excluded_lines": 0, "percent_statements_covered": 95.65217391304348, "percent_statements_covered_display": "96"}, "missing_lines": [18], "excluded_lines": [], "start_line": 1}}, "classes": {"Config": {"executed_lines": [], "summary": {"covered_lines": 0, "num_statements": 0, "percent_covered": 100.0, "percent_covered_display": "100", "missing_lines": 0, "excluded_lines": 0, "percent_statements_covered": 100.0, "percent_statements_covered_display": "100"}, "missing_lines": [], "excluded_lines": [], "start_line": 5}, "DevelopmentConfig": {"executed_lines": [], "summary": {"covered_lines": 0, "num_statements": 0, "percent_covered": 100.0, "percent_covered_display": "100", "missing_lines": 0, "excluded_lines": 0, "percent_statements_covered": 100.0, "percent_statements_covered_display": "100"}, "missing_lines": [], "excluded_lines": [], "start_line": 21}, "ProductionConfig": {"executed_lines": [], "summary": {"covered_lines": 0, "num_statements": 0, "percent_covered": 100.0, "percent_covered_display": "100", "missing_lines": 0, "excluded_lines": 0, "percent_statements_covered": 100.0, "percent_statements_covered_display": "100"}, "missing_lines": [], "excluded_lines": [], "start_line": 25}, "": {"executed_lines": [1, 2, 5, 6, 7, 9, 10, 11, 12, 13, 15, 17, 21, 22, 25, 26, 27, 28, 29, 30, 34, 40, 41, 42, 43, 44, 45], "summary": {"covered_lines": 27, "num_statements": 28, "percent_covered": 96.42857142857143, "percent_covered_display": "96", "missing_lines": 1, "excluded_lines": 0, "percent_statements_covered": 96.42857142857143, "percent_statements_covered_display": "96"}, "missing_lines": [18], "excluded_lines": [], "start_line": 1}}}, "backend/db.py": {"executed_lines": [1, 2, 3, 5, 6, 7, 8, 9, 11, 13, 14, 17, 19, 35, 37, 38, 42, 45, 50, 54, 55, 56, 57, 58, 59, 60, 61, 62, 63, 64, 65, 66, 67, 68, 70, 71, 72, 75, 77, 80, 81, 82, 83, 84, 85, 86, 87, 90, 91, 92, 99, 100, 108, 110, 111, 112, 113, 114, 115, 117, 118, 119, 120, 123, 143, 161, 163, 164, 165, 166, 167, 169, 170, 179, 180, 181, 183, 184, 185, 187, 188, 189, 190, 192, 193, 196, 199, 201, 211, 212, 224, 225, 226, 229, 230, 231, 232, 233, 235, 236, 239, 241, 242, 243, 244, 245, 246], "summary": {"covered_lines": 107, "num_statements": 158, "percent_covered": 67.72151898734177, "percent_covered_display": "68", "missing_lines": 51, "excluded_lines": 0, "percent_statements_covered": 67.72151898734177, "percent_statements_covered_display": "68"}, "missing_lines": [39, 46, 47, 48, 49, 51, 88, 89, 93, 94, 95, 96, 97, 101, 102, 103, 104, 105, 106, 107, 124, 125, 134, 135, 136, 138, 139, 140, 144, 145, 146, 147, 148, 149, 150, 151, 153, 154, 155, 157, 158, 191, 194, 195, 202, 210, 227, 247, 248, 249, 250], "excluded_lines": [], "functions": {"_create_pool": {"executed_lines": [19], "summary": {"covered_lines": 1, "num_statements": 1, "percent_covered": 100.0, "percent_covered_display": "100", "missing_lines": 0, "excluded_lines": 0, "percent_statements_covered": 100.0, "percent_statements_covered_display": "100"}, "missing_lines": [], "excluded_lines": [], "start_line": 17}, "get_pool": {"executed_lines": [37, 38], "summary": {"covered_lines": 2, "num_statements": 3, "percent_covered": 66.66666666666667, "percent_covered_display": "67", "missing_lines": 1, "excluded_lines": 0, "percent_statements_covered": 66.66666666666667, "percent_statements_covered_display": "67"}, "missing_lines": [39], "excluded_lines": [], "start_line": 35}, "reset_pool": {"executed_lines": [45, 50], "summary": {"covered_lines": 2, "num_statements": 7, "percent_covered": 28.571428571428573, "percent_covered_display": "29", "missing_lines": 5, "excluded_lines": 0, "percent_statements_covered": 28.571428571428573, "percent_statements_covered_display": "29"}, "missing_lines": [46, 47, 48, 49, 51], "excluded_lines": [], "start_line": 42}, "get_db": {"executed_lines": [55, 56, 57, 58, 59, 60, 61, 62, 63, 64, 65, 66, 67, 68, 70, 71, 72], "summary": {"covered_lines": 17, "num_statements": 17, "percent_covered": 100.0, "percent_covered_display": "100", "missing_lines": 0, "excluded_lines": 0, "percent_statements_covered": 100.0, "percent_statements_covered_display": "100"}, "missing_lines": [], "excluded_lines": [], "start_line": 54}, "get_cursor": {"executed_lines": [77], "summary": {"covered_lines": 1, "num_statements": 1, "percent_covered": 100.0, "percent_covered_display": "100", "missing_lines": 0, "excluded_lines": 0, "percent_statements_covered": 100.0, "percent_statements_covered_display": "100"}, "missing_lines": [], "excluded_lines": [], "start_line": 75}, "close_db": {"executed_lines": [81, 82, 83, 84, 85, 86, 87, 90, 91, 92, 99, 100], "summary": {"covered_lines": 12, "num_statements": 26, "percent_covered": 46.15384615384615, "percent_covered_display": "46", "missing_lines": 14, "excluded_lines": 0, "percent_statements_covered": 46.15384615384615, "percent_statements_covered_display": "46"}, "missing_lines": [88, 89, 93, 94, 95, 96, 97, 101, 102, 103, 104, 105, 106, 107], "excluded_lines": [], "start_line": 80}, "check_db_health": {"executed_lines": [110, 111, 112, 113, 114, 115, 117, 118, 119, 120], "summary": {"covered_lines": 10, "num_statements": 10, "percent_covered": 100.0, "percent_covered_display": "100", "missing_lines": 0, "excluded_lines": 0, "percent_statements_covered": 100.0, "percent_statements_covered_display": "100"}, "missing_lines": [], "excluded_lines": [], "start_line": 108}, "_fetch_schema_version": {"executed_lines": [], "summary": {"covered_lines": 0, "num_statements": 8, "percent_covered": 0.0, "percent_covered_display": "0", "missing_lines": 8, "excluded_lines": 0, "percent_statements_covered": 0.0, "percent_statements_covered_display": "0"}, "missing_lines": [124, 125, 134, 135, 136, 138, 139, 140], "excluded_lines": [], "start_line": 123}, "log_schema_version": {"executed_lines": [], "summary": {"covered_lines": 0, "num_statements": 13, "percent_covered": 0.0, "percent_covered_display": "0", "missing_lines": 13, "excluded_lines": 0, "percent_statements_covered": 0.0, "percent_statements_covered_display": "0"}, "missing_lines": [144, 145, 146, 147, 148, 149, 150, 151, 153, 154, 155, 157, 158], "excluded_lines": [], "start_line": 143}, "init_db": {"executed_lines": [163, 164, 165, 166, 167, 169, 170, 179, 180, 181, 183, 184, 185, 187, 188, 189, 190, 192, 193, 196, 199, 201, 211, 212, 224, 225, 226, 229, 230, 231, 232, 233, 235, 236], "summary": {"covered_lines": 34, "num_statements": 40, "percent_covered": 85.0, "percent_covered_display": "85", "missing_lines": 6, "excluded_lines": 0, "percent_statements_covered": 85.0, "percent_statements_covered_display": "85"}, "missing_lines": [191, 194, 195, 202, 210, 227], "excluded_lines": [], "start_line": 161}, "register_db": {"executed_lines": [241, 242, 243, 244, 245, 246], "summary": {"covered_lines": 6, "num_statements": 10, "percent_covered": 60.0, "percent_covered_display": "60", "missing_lines": 4, "excluded_lines": 0, "percent_statements_covered": 60.0, "percent_statements_covered_display": "60"}, "missing_lines": [247, 248, 249, 250], "excluded_lines": [], "start_line": 239}, "": {"executed_lines": [1, 2, 3, 5, 6, 7, 8, 9, 11, 13, 14, 17, 35, 42, 54, 75, 80, 108, 123, 143, 161, 239], "summary": {"covered_lines": 22, "num_statements": 22, "percent_covered": 100.0, "percent_covered_display": "100", "missing_lines": 0, "excluded_lines": 0, "percent_statements_covered": 100.0, "percent_statements_covered_display": "100"}, "missing_lines": [], "excluded_lines": [], "start_line": 1}}, "classes": {"": {"executed_lines": [1, 2, 3, 5, 6, 7, 8, 9, 11, 13, 14, 17, 19, 35, 37, 38, 42, 45, 50, 54, 55, 56, 57, 58, 59, 60, 61, 62, 63, 64, 65, 66, 67, 68, 70, 71, 72, 75, 77, 80, 81, 82, 83, 84, 85, 86, 87, 90, 91, 92, 99, 100, 108, 110, 111, 112, 113, 114, 115, 117, 118, 119, 120, 123, 143, 161, 163, 164, 165, 166, 167, 169, 170, 179, 180, 181, 183, 184, 185, 187, 188, 189, 190, 192, 193, 196, 199, 201, 211, 212, 224, 225, 226, 229, 230, 231, 232, 233, 235, 236, 239, 241, 242, 243, 244, 245, 246], "summary": {"covered_lines": 107, "num_statements": 158, "percent_covered": 67.72151898734177, "percent_covered_display": "68", "missing_lines": 51, "excluded_lines": 0, "percent_statements_covered": 67.72151898734177, "percent_statements_covered_display": "68"}, "missing_lines": [39, 46, 47, 48, 49, 51, 88, 89, 93, 94, 95, 96, 97, 101, 102, 103, 104, 105, 106, 107, 124, 125, 134, 135, 136, 138, 139, 140, 144, 145, 146, 147, 148, 149, 150, 151, 153, 154, 155, 157, 158, 191, 194, 195, 202, 210, 227, 247, 248, 249, 250], "excluded_lines": [], "start_line": 1}}}, "backend/domain/__init__.py": {"executed_lines": [1, 3], "summary": {"covered_lines": 2, "num_statements": 2, "percent_covered": 100.0, "percent_covered_display": "100", "missing_lines": 0, "excluded_lines": 0, "percent_statements_covered": 100.0, "percent_statements_covered_display": "100"}, "missing_lines": [], "excluded_lines": [], "functions": {"": {"executed_lines": [1, 3], "summary": {"covered_lines": 2, "num_statements": 2, "percent_covered": 100.0, "percent_covered_display": "100", "missing_lines": 0, "excluded_lines": 0, "percent_statements_covered": 100.0, "percent_statements_covered_display": "100"}, "missing_lines": [], "excluded_lines": [], "start_line": 1}}, "classes": {"": {"executed_lines": [1, 3], "summary": {"covered_lines": 2, "num_statements": 2, "percent_covered": 100.0, "percent_covered_display": "100", "missing_lines": 0, "excluded_lines": 0, "percent_statements_covered": 100.0, "percent_statements_covered_display": "100"}, "missing_lines": [], "excluded_lines": [], "start_line": 1}}}, "backend/domain/exceptions.py": {"executed_lines": [1, 5, 9, 13, 17], "summary": {"covered_lines": 5, "num_statements": 5, "percent_covered": 100.0, "percent_covered_display": "100", "missing_lines": 0, "excluded_lines": 0, "percent_statements_covered": 100.0, "percent_statements_covered_display": "100"}, "missing_lines": [], "excluded_lines": [], "functions": {"": {"executed_lines": [1, 5, 9, 13, 17], "summary": {"covered_lines": 5, "num_statements": 5, "percent_covered": 100.0, "percent_covered_display": "100", "missing_lines": 0, "excluded_lines": 0, "percent_statements_covered": 100.0, "percent_statements_covered_display": "100"}, "missing_lines": [], "excluded_lines": [], "start_line": 1}}, "classes": {"DomainError": {"executed_lines": [], "summary": {"covered_lines": 0, "num_statements": 0, "percent_covered": 100.0, "percent_covered_display": "100", "missing_lines": 0, "excluded_lines": 0, "percent_statements_covered": 100.0, "percent_statements_covered_display": "100"}, "missing_lines": [], "excluded_lines": [], "start_line": 1}, "ValidationError": {"executed_lines": [], "summary": {"covered_lines": 0, "num_statements": 0, "percent_covered": 100.0, "percent_covered_display": "100", "missing_lines": 0, "excluded_lines": 0, "percent_statements_covered": 100.0, "percent_statements_covered_display": "100"}, "missing_lines": [], "excluded_lines": [], "start_line": 5}, "NotFoundError": {"executed_lines": [], "summary": {"covered_lines": 0, "num_statements": 0, "percent_covered": 100.0, "percent_covered_display": "100", "missing_lines": 0, "excluded_lines": 0, "percent_statements_covered": 100.0, "percent_statements_covered_display": "100"}, "missing_lines": [], "excluded_lines": [], "start_line": 9}, "ForbiddenError": {"executed_lines": [], "summary": {"covered_lines": 0, "num_statements": 0, "percent_covered": 100.0, "percent_covered_display": "100", "missing_lines": 0, "excluded_lines": 0, "percent_statements_covered": 100.0, "percent_statements_covered_display": "100"}, "missing_lines": [], "excluded_lines": [], "start_line": 13}, "ConflictError": {"executed_lines": [], "summary": {"covered_lines": 0, "num_statements": 0, "percent_covered": 100.0, "percent_covered_display": "100", "missing_lines": 0, "excluded_lines": 0, "percent_statements_covered": 100.0, "percent_statements_covered_display": "100"}, "missing_lines": [], "excluded_lines": [], "start_line": 17}, "": {"executed_lines": [1, 5, 9, 13, 17], "summary": {"covered_lines": 5, "num_statements": 5, "percent_covered": 100.0, "percent_covered_display": "100", "missing_lines": 0, "excluded_lines": 0, "percent_statements_covered": 100.0, "percent_statements_covered_display": "100"}, "missing_lines": [], "excluded_lines": [], "start_line": 1}}}, "backend/helpers.py": {"executed_lines": [1, 2, 3, 4, 6, 9, 10, 11, 12, 13, 14, 15, 18, 20, 21, 22, 23, 24, 25, 26, 27, 30, 31, 32, 33, 34, 35, 38, 46, 47, 48, 49, 51, 52, 53, 54, 55, 57, 58, 60, 61, 62, 63, 64, 65, 67, 68, 69, 70, 71, 72, 73, 74, 76, 77, 78, 79, 80, 81, 82, 83, 85, 91, 94, 96, 97, 98, 99, 100, 101, 102, 103, 104, 105, 106, 109, 110, 111, 112, 114, 115, 116, 117, 120, 122, 123, 124, 126, 127, 128, 133, 139, 140, 141, 143, 144, 145, 146, 147, 148, 149, 150, 151, 152, 153, 154, 155, 156, 157, 158, 159, 160, 161, 162, 164, 167, 177, 178, 181, 186, 187, 189, 190, 191, 192, 193, 196, 197, 198, 199, 200, 201, 203, 204, 205, 206, 209, 212, 213, 214, 215, 216, 219, 224, 225, 227, 228, 230, 231, 235, 237, 240, 241, 243, 244, 245, 246, 247, 248, 249, 252, 264, 276, 288, 292, 293], "summary": {"covered_lines": 166, "num_statements": 192, "percent_covered": 86.45833333333333, "percent_covered_display": "86", "missing_lines": 26, "excluded_lines": 0, "percent_statements_covered": 86.45833333333333, "percent_statements_covered_display": "86"}, "missing_lines": [129, 130, 226, 232, 233, 236, 242, 253, 254, 255, 256, 257, 258, 259, 260, 261, 269, 270, 271, 272, 273, 281, 282, 283, 284, 285], "excluded_lines": [], "functions": {"login_required": {"executed_lines": [11, 15], "summary": {"covered_lines": 2, "num_statements": 2, "percent_covered": 100.0, "percent_covered_display": "100", "missing_lines": 0, "excluded_lines": 0, "percent_statements_covered": 100.0, "percent_statements_covered_display": "100"}, "missing_lines": [], "excluded_lines": [], "start_line": 9}, "login_required.decorated": {"executed_lines": [12, 13, 14], "summary": {"covered_lines": 3, "num_statements": 3, "percent_covered": 100.0, "percent_covered_display": "100", "missing_lines": 0, "excluded_lines": 0, "percent_statements_covered": 100.0, "percent_statements_covered_display": "100"}, "missing_lines": [], "excluded_lines": [], "start_line": 11}, "admin_required": {"executed_lines": [20, 21, 27], "summary": {"covered_lines": 3, "num_statements": 3, "percent_covered": 100.0, "percent_covered_display": "100", "missing_lines": 0, "excluded_lines": 0, "percent_statements_covered": 100.0, "percent_statements_covered_display": "100"}, "missing_lines": [], "excluded_lines": [], "start_line": 18}, "admin_required.decorated": {"executed_lines": [22, 23, 24, 25, 26], "summary": {"covered_lines": 5, "num_statements": 5, "percent_covered": 100.0, "percent_covered_display": "100", "missing_lines": 0, "excluded_lines": 0, "percent_statements_covered": 100.0, "percent_statements_covered_display": "100"}, "missing_lines": [], "excluded_lines": [], "start_line": 21}, "parse_positive_int": {"executed_lines": [31, 32, 33, 34, 35], "summary": {"covered_lines": 5, "num_statements": 5, "percent_covered": 100.0, "percent_covered_display": "100", "missing_lines": 0, "excluded_lines": 0, "percent_statements_covered": 100.0, "percent_statements_covered_display": "100"}, "missing_lines": [], "excluded_lines": [], "start_line": 30}, "parse_trip_equipment_form": {"executed_lines": [46, 47, 48, 49, 51, 52, 53, 54, 55, 57, 58, 60, 61, 62, 63, 64, 65, 67, 68, 69, 70, 71, 72, 73, 74, 76, 77, 78, 79, 80, 81, 82, 83, 85, 91], "summary": {"covered_lines": 35, "num_statements": 35, "percent_covered": 100.0, "percent_covered_display": "100", "missing_lines": 0, "excluded_lines": 0, "percent_statements_covered": 100.0, "percent_statements_covered_display": "100"}, "missing_lines": [], "excluded_lines": [], "start_line": 38}, "normalize_iso_date": {"executed_lines": [96, 97, 98, 99, 100, 101, 102, 103, 104, 105, 106, 109, 110, 111, 112, 114, 115, 116, 117], "summary": {"covered_lines": 19, "num_statements": 19, "percent_covered": 100.0, "percent_covered_display": "100", "missing_lines": 0, "excluded_lines": 0, "percent_statements_covered": 100.0, "percent_statements_covered_display": "100"}, "missing_lines": [], "excluded_lines": [], "start_line": 94}, "days_since_iso_date": {"executed_lines": [122, 123, 124, 126, 127, 128], "summary": {"covered_lines": 6, "num_statements": 8, "percent_covered": 75.0, "percent_covered_display": "75", "missing_lines": 2, "excluded_lines": 0, "percent_statements_covered": 75.0, "percent_statements_covered_display": "75"}, "missing_lines": [129, 130], "excluded_lines": [], "start_line": 120}, "build_date_where": {"executed_lines": [139, 140, 141, 143, 144, 145, 146, 147, 148, 149, 150, 151, 152, 153, 154, 155, 156, 157, 158, 159, 160, 161, 162, 164], "summary": {"covered_lines": 24, "num_statements": 24, "percent_covered": 100.0, "percent_covered_display": "100", "missing_lines": 0, "excluded_lines": 0, "percent_statements_covered": 100.0, "percent_statements_covered_display": "100"}, "missing_lines": [], "excluded_lines": [], "start_line": 133}, "paginate": {"executed_lines": [177, 178, 181, 186, 187, 189, 190, 191, 192, 193, 196, 197, 198, 199, 200, 201, 203, 204, 205, 206], "summary": {"covered_lines": 20, "num_statements": 20, "percent_covered": 100.0, "percent_covered_display": "100", "missing_lines": 0, "excluded_lines": 0, "percent_statements_covered": 100.0, "percent_statements_covered_display": "100"}, "missing_lines": [], "excluded_lines": [], "start_line": 167}, "ensure_non_empty_text": {"executed_lines": [213, 214, 215, 216], "summary": {"covered_lines": 4, "num_statements": 4, "percent_covered": 100.0, "percent_covered_display": "100", "missing_lines": 0, "excluded_lines": 0, "percent_statements_covered": 100.0, "percent_statements_covered_display": "100"}, "missing_lines": [], "excluded_lines": [], "start_line": 212}, "validate_iso_date": {"executed_lines": [224, 225, 227, 228, 230, 231, 235, 237], "summary": {"covered_lines": 8, "num_statements": 12, "percent_covered": 66.66666666666667, "percent_covered_display": "67", "missing_lines": 4, "excluded_lines": 0, "percent_statements_covered": 66.66666666666667, "percent_statements_covered_display": "67"}, "missing_lines": [226, 232, 233, 236], "excluded_lines": [], "start_line": 219}, "parse_positive_int_field": {"executed_lines": [241, 243, 244, 245, 246, 247, 248, 249], "summary": {"covered_lines": 8, "num_statements": 9, "percent_covered": 88.88888888888889, "percent_covered_display": "89", "missing_lines": 1, "excluded_lines": 0, "percent_statements_covered": 88.88888888888889, "percent_statements_covered_display": "89"}, "missing_lines": [242], "excluded_lines": [], "start_line": 240}, "parse_positive_float_field": {"executed_lines": [], "summary": {"covered_lines": 0, "num_statements": 9, "percent_covered": 0.0, "percent_covered_display": "0", "missing_lines": 9, "excluded_lines": 0, "percent_statements_covered": 0.0, "percent_statements_covered_display": "0"}, "missing_lines": [253, 254, 255, 256, 257, 258, 259, 260, 261], "excluded_lines": [], "start_line": 252}, "require_float_field": {"executed_lines": [], "summary": {"covered_lines": 0, "num_statements": 5, "percent_covered": 0.0, "percent_covered_display": "0", "missing_lines": 5, "excluded_lines": 0, "percent_statements_covered": 0.0, "percent_statements_covered_display": "0"}, "missing_lines": [269, 270, 271, 272, 273], "excluded_lines": [], "start_line": 264}, "require_int_field": {"executed_lines": [], "summary": {"covered_lines": 0, "num_statements": 5, "percent_covered": 0.0, "percent_covered_display": "0", "missing_lines": 5, "excluded_lines": 0, "percent_statements_covered": 0.0, "percent_statements_covered_display": "0"}, "missing_lines": [281, 282, 283, 284, 285], "excluded_lines": [], "start_line": 276}, "validate_odometer_range": {"executed_lines": [292, 293], "summary": {"covered_lines": 2, "num_statements": 2, "percent_covered": 100.0, "percent_covered_display": "100", "missing_lines": 0, "excluded_lines": 0, "percent_statements_covered": 100.0, "percent_statements_covered_display": "100"}, "missing_lines": [], "excluded_lines": [], "start_line": 288}, "": {"executed_lines": [1, 2, 3, 4, 6, 9, 10, 18, 30, 38, 94, 120, 133, 167, 209, 212, 219, 240, 252, 264, 276, 288], "summary": {"covered_lines": 22, "num_statements": 22, "percent_covered": 100.0, "percent_covered_display": "100", "missing_lines": 0, "excluded_lines": 0, "percent_statements_covered": 100.0, "percent_statements_covered_display": "100"}, "missing_lines": [], "excluded_lines": [], "start_line": 1}}, "classes": {"": {"executed_lines": [1, 2, 3, 4, 6, 9, 10, 11, 12, 13, 14, 15, 18, 20, 21, 22, 23, 24, 25, 26, 27, 30, 31, 32, 33, 34, 35, 38, 46, 47, 48, 49, 51, 52, 53, 54, 55, 57, 58, 60, 61, 62, 63, 64, 65, 67, 68, 69, 70, 71, 72, 73, 74, 76, 77, 78, 79, 80, 81, 82, 83, 85, 91, 94, 96, 97, 98, 99, 100, 101, 102, 103, 104, 105, 106, 109, 110, 111, 112, 114, 115, 116, 117, 120, 122, 123, 124, 126, 127, 128, 133, 139, 140, 141, 143, 144, 145, 146, 147, 148, 149, 150, 151, 152, 153, 154, 155, 156, 157, 158, 159, 160, 161, 162, 164, 167, 177, 178, 181, 186, 187, 189, 190, 191, 192, 193, 196, 197, 198, 199, 200, 201, 203, 204, 205, 206, 209, 212, 213, 214, 215, 216, 219, 224, 225, 227, 228, 230, 231, 235, 237, 240, 241, 243, 244, 245, 246, 247, 248, 249, 252, 264, 276, 288, 292, 293], "summary": {"covered_lines": 166, "num_statements": 192, "percent_covered": 86.45833333333333, "percent_covered_display": "86", "missing_lines": 26, "excluded_lines": 0, "percent_statements_covered": 86.45833333333333, "percent_statements_covered_display": "86"}, "missing_lines": [129, 130, 226, 232, 233, 236, 242, 253, 254, 255, 256, 257, 258, 259, 260, 261, 269, 270, 271, 272, 273, 281, 282, 283, 284, 285], "excluded_lines": [], "start_line": 1}}}, "backend/infrastructure/__init__.py": {"executed_lines": [], "summary": {"covered_lines": 0, "num_statements": 0, "percent_covered": 100.0, "percent_covered_display": "100", "missing_lines": 0, "excluded_lines": 0, "percent_statements_covered": 100.0, "percent_statements_covered_display": "100"}, "missing_lines": [], "excluded_lines": [], "functions": {"": {"executed_lines": [], "summary": {"covered_lines": 0, "num_statements": 0, "percent_covered": 100.0, "percent_covered_display": "100", "missing_lines": 0, "excluded_lines": 0, "percent_statements_covered": 100.0, "percent_statements_covered_display": "100"}, "missing_lines": [], "excluded_lines": [], "start_line": 1}}, "classes": {"": {"executed_lines": [], "summary": {"covered_lines": 0, "num_statements": 0, "percent_covered": 100.0, "percent_covered_display": "100", "missing_lines": 0, "excluded_lines": 0, "percent_statements_covered": 100.0, "percent_statements_covered_display": "100"}, "missing_lines": [], "excluded_lines": [], "
[...]
"start_line": 31}, "register_routes.maintenance_edit": {"executed_lines": [], "summary": {"covered_lines": 0, "num_statements": 20, "percent_covered": 0.0, "percent_covered_display": "0", "missing_lines": 20, "excluded_lines": 0, "percent_statements_covered": 0.0, "percent_statements_covered_display": "0"}, "missing_lines": [101, 102, 103, 104, 107, 108, 110, 112, 113, 114, 115, 116, 118, 132, 133, 134, 135, 137, 138, 140], "excluded_lines": [], "start_line": 100}, "register_routes.complete_maintenance_view": {"executed_lines": [], "summary": {"covered_lines": 0, "num_statements": 9, "percent_covered": 0.0, "percent_covered_display": "0", "missing_lines": 9, "excluded_lines": 0, "percent_statements_covered": 0.0, "percent_statements_covered_display": "0"}, "missing_lines": [150, 155, 156, 157, 158, 159, 160, 161, 162], "excluded_lines": [], "start_line": 149}, "register_routes.create_next_maintenance_view": {"executed_lines": [], "summary": {"covered_lines": 0, "num_statements": 9, "percent_covered": 0.0, "percent_covered_display": "0", "missing_lines": 9, "excluded_lines": 0, "percent_statements_covered": 0.0, "percent_statements_covered_display": "0"}, "missing_lines": [167, 173, 174, 175, 176, 177, 178, 179, 180], "excluded_lines": [], "start_line": 166}, "register_routes.maintenance_delete": {"executed_lines": [], "summary": {"covered_lines": 0, "num_statements": 9, "percent_covered": 0.0, "percent_covered_display": "0", "missing_lines": 9, "excluded_lines": 0, "percent_statements_covered": 0.0, "percent_statements_covered_display": "0"}, "missing_lines": [185, 190, 191, 192, 193, 194, 195, 196, 197], "excluded_lines": [], "start_line": 184}, "": {"executed_lines": [1, 3, 5, 6, 8, 23, 24, 25, 28, 29, 30], "summary": {"covered_lines": 11, "num_statements": 11, "percent_covered": 100.0, "percent_covered_display": "100", "missing_lines": 0, "excluded_lines": 0, "percent_statements_covered": 100.0, "percent_statements_covered_display": "100"}, "missing_lines": [], "excluded_lines": [], "start_line": 1}}, "classes": {"": {"executed_lines": [1, 3, 5, 6, 8, 23, 24, 25, 28, 29, 30, 31, 98, 99, 100, 147, 148, 149, 164, 165, 166, 182, 183, 184], "summary": {"covered_lines": 24, "num_statements": 93, "percent_covered": 25.806451612903224, "percent_covered_display": "26", "missing_lines": 69, "excluded_lines": 0, "percent_statements_covered": 25.806451612903224, "percent_statements_covered_display": "26"}, "missing_lines": [32, 34, 35, 36, 37, 38, 40, 52, 53, 54, 55, 59, 60, 70, 71, 72, 73, 74, 75, 77, 85, 87, 101, 102, 103, 104, 107, 108, 110, 112, 113, 114, 115, 116, 118, 132, 133, 134, 135, 137, 138, 140, 150, 155, 156, 157, 158, 159, 160, 161, 162, 167, 173, 174, 175, 176, 177, 178, 179, 180, 185, 190, 191, 192, 193, 194, 195, 196, 197], "excluded_lines": [], "start_line": 1}}}, "backend/routes/more.py": {"executed_lines": [1, 2, 4, 7, 8, 9], "summary": {"covered_lines": 6, "num_statements": 7, "percent_covered": 85.71428571428571, "percent_covered_display": "86", "missing_lines": 1, "excluded_lines": 0, "percent_statements_covered": 85.71428571428571, "percent_statements_covered_display": "86"}, "missing_lines": [10], "excluded_lines": [], "functions": {"more": {"executed_lines": [], "summary": {"covered_lines": 0, "num_statements": 1, "percent_covered": 0.0, "percent_covered_display": "0", "missing_lines": 1, "excluded_lines": 0, "percent_statements_covered": 0.0, "percent_statements_covered_display": "0"}, "missing_lines": [10], "excluded_lines": [], "start_line": 9}, "": {"executed_lines": [1, 2, 4, 7, 8, 9], "summary": {"covered_lines": 6, "num_statements": 6, "percent_covered": 100.0, "percent_covered_display": "100", "missing_lines": 0, "excluded_lines": 0, "percent_statements_covered": 100.0, "percent_statements_covered_display": "100"}, "missing_lines": [], "excluded_lines": [], "start_line": 1}}, "classes": {"": {"executed_lines": [1, 2, 4, 7, 8, 9], "summary": {"covered_lines": 6, "num_statements": 7, "percent_covered": 85.71428571428571, "percent_covered_display": "86", "missing_lines": 1, "excluded_lines": 0, "percent_statements_covered": 85.71428571428571, "percent_statements_covered_display": "86"}, "missing_lines": [10], "excluded_lines": [], "start_line": 1}}}, "backend/routes/report.py": {"executed_lines": [1, 2, 3, 4, 5, 8, 14, 15, 17, 18, 19, 20, 21, 22, 23, 24, 25, 26, 27, 28, 29, 30, 32, 33, 35, 36, 37, 38, 39, 41, 42, 43, 44, 45, 48, 49, 52, 53, 54, 55, 56, 57, 58, 59, 60, 61, 62, 64, 65, 66, 67, 68, 70, 71, 74, 75, 77, 78, 79, 81, 82, 83, 84, 85, 87, 104, 106, 107, 108, 109, 110, 112, 122, 124, 136, 138, 139, 140, 141, 142, 144, 150, 151, 153, 154, 155, 156, 157, 159, 165, 166, 168, 182, 184, 185, 186, 187, 188, 189, 190, 191, 192, 193, 195, 196, 197, 198, 200, 209, 211, 212, 213, 214, 215, 216, 217, 218, 230, 238, 239, 240, 242, 244], "summary": {"covered_lines": 123, "num_statements": 125, "percent_covered": 98.4, "percent_covered_display": "98", "missing_lines": 2, "excluded_lines": 0, "percent_statements_covered": 98.4, "percent_statements_covered_display": "98"}, "missing_lines": [46, 72], "excluded_lines": [], "functions": {"_parse_period": {"executed_lines": [15, 17, 18, 19, 20, 21, 22, 23, 24, 25, 26, 27, 28, 29, 30, 32, 33, 35, 36, 37, 38, 39, 41, 42, 43, 44, 45, 48, 49], "summary": {"covered_lines": 29, "num_statements": 30, "percent_covered": 96.66666666666667, "percent_covered_display": "97", "missing_lines": 1, "excluded_lines": 0, "percent_statements_covered": 96.66666666666667, "percent_statements_covered_display": "97"}, "missing_lines": [46], "excluded_lines": [], "start_line": 14}, "register_routes": {"executed_lines": [55, 184, 185, 186], "summary": {"covered_lines": 4, "num_statements": 4, "percent_covered": 100.0, "percent_covered_display": "100", "missing_lines": 0, "excluded_lines": 0, "percent_statements_covered": 100.0, "percent_statements_covered_display": "100"}, "missing_lines": [], "excluded_lines": [], "start_line": 52}, "register_routes.report": {"executed_lines": [56, 57, 58, 59, 60, 61, 62, 64, 65, 66, 67, 68, 70, 71, 74, 75, 77, 78, 79, 81, 82, 83, 84, 85, 87, 104, 106, 107, 108, 109, 110, 112, 122, 124, 136, 138, 139, 140, 141, 142, 144, 150, 151, 153, 154, 155, 156, 157, 159, 165, 166, 168, 182], "summary": {"covered_lines": 53, "num_statements": 54, "percent_covered": 98.14814814814815, "percent_covered_display": "98", "missing_lines": 1, "excluded_lines": 0, "percent_statements_covered": 98.14814814814815, "percent_statements_covered_display": "98"}, "missing_lines": [72], "excluded_lines": [], "start_line": 55}, "register_routes.report_print": {"executed_lines": [187, 188, 189, 190, 191, 192, 193, 195, 196, 197, 198, 200, 209, 211, 212, 213, 214, 215, 216, 217, 218, 230, 238, 239, 240, 242, 244], "summary": {"covered_lines": 27, "num_statements": 27, "percent_covered": 100.0, "percent_covered_display": "100", "missing_lines": 0, "excluded_lines": 0, "percent_statements_covered": 100.0, "percent_statements_covered_display": "100"}, "missing_lines": [], "excluded_lines": [], "start_line": 186}, "": {"executed_lines": [1, 2, 3, 4, 5, 8, 14, 52, 53, 54], "summary": {"covered_lines": 10, "num_statements": 10, "percent_covered": 100.0, "percent_covered_display": "100", "missing_lines": 0, "excluded_lines": 0, "percent_statements_covered": 100.0, "percent_statements_covered_display": "100"}, "missing_lines": [], "excluded_lines": [], "start_line": 1}}, "classes": {"": {"executed_lines": [1, 2, 3, 4, 5, 8, 14, 15, 17, 18, 19, 20, 21, 22, 23, 24, 25, 26, 27, 28, 29, 30, 32, 33, 35, 36, 37, 38, 39, 41, 42, 43, 44, 45, 48, 49, 52, 53, 54, 55, 56, 57, 58, 59, 60, 61, 62, 64, 65, 66, 67, 68, 70, 71, 74, 75, 77, 78, 79, 81, 82, 83, 84, 85, 87, 104, 106, 107, 108, 109, 110, 112, 122, 124, 136, 138, 139, 140, 141, 142, 144, 150, 151, 153, 154, 155, 156, 157, 159, 165, 166, 168, 182, 184, 185, 186, 187, 188, 189, 190, 191, 192, 193, 195, 196, 197, 198, 200, 209, 211, 212, 213, 214, 215, 216, 217, 218, 230, 238, 239, 240, 242, 244], "summary": {"covered_lines": 123, "num_statements": 125, "percent_covered": 98.4, "percent_covered_display": "98", "missing_lines": 2, "excluded_lines": 0, "percent_statements_covered": 98.4, "percent_statements_covered_display": "98"}, "missing_lines": [46, 72], "excluded_lines": [], "start_line": 1}}}, "backend/routes/trips.py": {"executed_lines": [1, 3, 5, 6, 8, 14, 15, 20, 23, 24, 25, 26], "summary": {"covered_lines": 12, "num_statements": 42, "percent_covered": 28.571428571428573, "percent_covered_display": "29", "missing_lines": 30, "excluded_lines": 0, "percent_statements_covered": 28.571428571428573, "percent_statements_covered_display": "29"}, "missing_lines": [27, 29, 30, 31, 32, 33, 36, 37, 38, 40, 42, 43, 44, 45, 47, 60, 61, 62, 63, 67, 68, 77, 78, 79, 80, 81, 83, 90, 92, 93], "excluded_lines": [], "functions": {"register_routes": {"executed_lines": [26], "summary": {"covered_lines": 1, "num_statements": 1, "percent_covered": 100.0, "percent_covered_display": "100", "missing_lines": 0, "excluded_lines": 0, "percent_statements_covered": 100.0, "percent_statements_covered_display": "100"}, "missing_lines": [], "excluded_lines": [], "start_line": 23}, "register_routes.trips": {"executed_lines": [], "summary": {"covered_lines": 0, "num_statements": 30, "percent_covered": 0.0, "percent_covered_display": "0", "missing_lines": 30, "excluded_lines": 0, "percent_statements_covered": 0.0, "percent_statements_covered_display": "0"}, "missing_lines": [27, 29, 30, 31, 32, 33, 36, 37, 38, 40, 42, 43, 44, 45, 47, 60, 61, 62, 63, 67, 68, 77, 78, 79, 80, 81, 83, 90, 92, 93], "excluded_lines": [], "start_line": 26}, "": {"executed_lines": [1, 3, 5, 6, 8, 14, 15, 20, 23, 24, 25], "summary": {"covered_lines": 11, "num_statements": 11, "percent_covered": 100.0, "percent_covered_display": "100", "missing_lines": 0, "excluded_lines": 0, "percent_statements_covered": 100.0, "percent_statements_covered_display": "100"}, "missing_lines": [], "excluded_lines": [], "start_line": 1}}, "classes": {"": {"executed_lines": [1, 3, 5, 6, 8, 14, 15, 20, 23, 24, 25, 26], "summary": {"covered_lines": 12, "num_statements": 42, "percent_covered": 28.571428571428573, "percent_covered_display": "29", "missing_lines": 30, "excluded_lines": 0, "percent_statements_covered": 28.571428571428573, "percent_statements_covered_display": "29"}, "missing_lines": [27, 29, 30, 31, 32, 33, 36, 37, 38, 40, 42, 43, 44, 45, 47, 60, 61, 62, 63, 67, 68, 77, 78, 79, 80, 81, 83, 90, 92, 93], "excluded_lines": [], "start_line": 1}}}, "backend/services/__init__.py": {"executed_lines": [], "summary": {"covered_lines": 0, "num_statements": 0, "percent_covered": 100.0, "percent_covered_display": "100", "missing_lines": 0, "excluded_lines": 0, "percent_statements_covered": 100.0, "percent_statements_covered_display": "100"}, "missing_lines": [], "excluded_lines": [], "functions": {"": {"executed_lines": [], "summary": {"covered_lines": 0, "num_statements": 0, "percent_covered": 100.0, "percent_covered_display": "100", "missing_lines": 0, "excluded_lines": 0, "percent_statements_covered": 100.0, "percent_statements_covered_display": "100"}, "missing_lines": [], "excluded_lines": [], "start_line": 1}}, "classes": {"": {"executed_lines": [], "summary": {"covered_lines": 0, "num_statements": 0, "percent_covered": 100.0, "percent_covered_display": "100", "missing_lines": 0, "excluded_lines": 0, "percent_statements_covered": 100.0, "percent_statements_covered_display": "100"}, "missing_lines": [], "excluded_lines": [], "start_line": 1}}}, "backend/services/audit_service.py": {"executed_lines": [1, 3, 4, 6, 8, 11, 12, 13, 18, 19, 21, 22, 23, 25, 26, 27, 28, 32, 33, 34, 35, 36, 38, 39], "summary": {"covered_lines": 24, "num_statements": 24, "percent_covered": 100.0, "percent_covered_display": "100", "missing_lines": 0, "excluded_lines": 0, "percent_statements_covered": 100.0, "percent_statements_covered_display": "100"}, "missing_lines": [], "excluded_lines": [], "functions": {"AuditService.log": {"executed_lines": [18, 19, 21, 22, 23, 25, 26, 27, 28, 32, 33, 34, 35, 36, 38, 39], "summary": {"covered_lines": 16, "num_statements": 16, "percent_covered": 100.0, "percent_covered_display": "100", "missing_lines": 0, "excluded_lines": 0, "percent_statements_covered": 100.0, "percent_statements_covered_display": "100"}, "missing_lines": [], "excluded_lines": [], "start_line": 13}, "": {"executed_lines": [1, 3, 4, 6, 8, 11, 12, 13], "summary": {"covered_lines": 8, "num_statements": 8, "percent_covered": 100.0, "percent_covered_display": "100", "missing_lines": 0, "excluded_lines": 0, "percent_statements_covered": 100.0, "percent_statements_covered_display": "100"}, "missing_lines": [], "excluded_lines": [], "start_line": 1}}, "classes": {"AuditService": {"executed_lines": [18, 19, 21, 22, 23, 25, 26, 27, 28, 32, 33, 34, 35, 36, 38, 39], "summary": {"covered_lines": 16, "num_statements": 16, "percent_covered": 100.0, "percent_covered_display": "100", "missing_lines": 0, "excluded_lines": 0, "percent_statements_covered": 100.0, "percent_statements_covered_display": "100"}, "missing_lines": [], "excluded_lines": [], "start_line": 11}, "": {"executed_lines": [1, 3, 4, 6, 8, 11, 12, 13], "summary": {"covered_lines": 8, "num_statements": 8, "percent_covered": 100.0, "percent_covered_display": "100", "missing_lines": 0, "excluded_lines": 0, "percent_statements_covered": 100.0, "percent_statements_covered_display": "100"}, "missing_lines": [], "excluded_lines": [], "start_line": 1}}}, "backend/services/cache_service.py": {"executed_lines": [1, 2, 3, 4, 6, 9, 12, 22, 27, 34, 41, 42, 44, 45, 77, 78, 81, 83, 85, 94], "summary": {"covered_lines": 20, "num_statements": 52, "percent_covered": 38.46153846153846, "percent_covered_display": "38", "missing_lines": 32, "excluded_lines": 0, "percent_statements_covered": 38.46153846153846, "percent_statements_covered_display": "38"}, "missing_lines": [13, 14, 15, 17, 18, 19, 24, 29, 30, 31, 47, 48, 49, 52, 53, 55, 58, 59, 60, 61, 62, 65, 66, 67, 68, 70, 86, 87, 88, 89, 90, 92], "excluded_lines": [], "functions": {"get_or_set": {"executed_lines": [], "summary": {"covered_lines": 0, "num_statements": 6, "percent_covered": 0.0, "percent_covered_display": "0", "missing_lines": 6, "excluded_lines": 0, "percent_statements_covered": 0.0, "percent_statements_covered_display": "0"}, "missing_lines": [13, 14, 15, 17, 18, 19], "excluded_lines": [], "start_line": 12}, "invalidate_prefix": {"executed_lines": [], "summary": {"covered_lines": 0, "num_statements": 1, "percent_covered": 0.0, "percent_covered_display": "0", "missing_lines": 1, "excluded_lines": 0, "percent_statements_covered": 0.0, "percent_statements_covered_display": "0"}, "missing_lines": [24], "excluded_lines": [], "start_line": 22}, "invalidate_tags": {"executed_lines": [], "summary": {"covered_lines": 0, "num_statements": 3, "percent_covered": 0.0, "percent_covered_display": "0", "missing_lines": 3, "excluded_lines": 0, "percent_statements_covered": 0.0, "percent_statements_covered_display": "0"}, "missing_lines": [29, 30, 31], "excluded_lines": [], "start_line": 27}, "cached": {"executed_lines": [41, 78], "summary": {"covered_lines": 2, "num_statements": 2, "percent_covered": 100.0, "percent_covered_display": "100", "missing_lines": 0, "excluded_lines": 0, "percent_statements_covered": 100.0, "percent_statements_covered_display": "100"}, "missing_lines": [], "excluded_lines": [], "start_line": 34}, "cached.decorator": {"executed_lines": [42, 44, 45, 77], "summary": {"covered_lines": 4, "num_statements": 4, "percent_covered": 100.0, "percent_covered_display": "100", "missing_lines": 0, "excluded_lines": 0, "percent_statements_covered": 100.0, "percent_statements_covered_display": "100"}, "missing_lines": [], "excluded_lines": [], "start_line": 41}, "cached.decorator.wrapper": {"executed_lines": [], "summary": {"covered_lines": 0, "num_statements": 16, "percent_covered": 0.0, "percent_covered_display": "0", "missing_lines": 16, "excluded_lines": 0, "percent_statements_covered": 0.0, "percent_statements_covered_display": "0"}, "missing_lines": [47, 48, 49, 52, 53, 55, 58, 59, 60, 61, 62, 65, 66, 67, 68, 70], "excluded_lines": [], "start_line": 45}, "get_vehicles_cached": {"executed_lines": [83, 85, 94], "summary": {"covered_lines": 3, "num_statements": 3, "percent_covered": 100.0, "percent_covered_display": "100", "missing_lines": 0, "excluded_lines": 0, "percent_statements_covered": 100.0, "percent_statements_covered_display": "100"}, "missing_lines": [], "excluded_lines": [], "start_line": 81}, "get_vehicles_cached._load": {"executed_lines": [], "summary": {"covered_lines": 0, "num_statements": 6, "percent_covered": 0.0, "percent_covered_display": "0", "missing_lines": 6, "excluded_lines": 0, "percent_statements_covered": 0.0, "percent_statements_covered_display": "0"}, "missing_lines": [86, 87, 88, 89, 90, 92], "excluded_lines": [], "start_line": 85}, "": {"executed_lines": [1, 2, 3, 4, 6, 9, 12, 22, 27, 34, 81], "summary": {"covered_lines": 11, "num_statements": 11, "percent_covered": 100.0, "percent_covered_display": "100", "missing_lines": 0, "excluded_lines": 0, "percent_statements_covered": 100.0, "percent_statements_covered_display": "100"}, "missing_lines": [], "excluded_lines": [], "start_line": 1}}, "classes": {"": {"executed_lines": [1, 2, 3, 4, 6, 9, 12, 22, 27, 34, 41, 42, 44, 45, 77, 78, 81, 83, 85, 94], "summary": {"covered_lines": 20, "num_statements": 52, "percent_covered": 38.46153846153846, "percent_covered_display": "38", "missing_lines": 32, "excluded_lines": 0, "percent_statements_covered": 38.46153846153846, "percent_statements_covered_display": "38"}, "missing_lines": [13, 14, 15, 17, 18, 19, 24, 29, 30, 31, 47, 48, 49, 52, 53, 55, 58, 59, 60, 61, 62, 65, 66, 67, 68, 70, 86, 87, 88, 89, 90, 92], "excluded_lines": [], "start_line": 1}}}, "backend/services/core_service.py": {"executed_lines": [7, 8, 9, 12, 13, 14], "summary": {"covered_lines": 6, "num_statements": 13, "percent_covered": 46.15384615384615, "percent_covered_display": "46", "missing_lines": 7, "excluded_lines": 0, "percent_statements_covered": 46.15384615384615, "percent_statements_covered_display": "46"}, "missing_lines": [28, 29, 42, 44, 45, 46, 48], "excluded_lines": [], "functions": {"TripService.add_trip": {"executed_lines": [], "summary": {"covered_lines": 0, "num_statements": 7, "percent_covered": 0.0, "percent_covered_display": "0", "missing_lines": 7, "excluded_lines": 0, "percent_statements_covered": 0.0, "percent_statements_covered_display": "0"}, "missing_lines": [28, 29, 42, 44, 45, 46, 48], "excluded_lines": [], "start_line": 14}, "": {"executed_lines": [7, 8, 9, 12, 13, 14], "summary": {"covered_lines": 6, "num_statements": 6, "percent_covered": 100.0, "percent_covered_display": "100", "missing_lines": 0, "excluded_lines": 0, "percent_statements_covered": 100.0, "percent_statements_covered_display": "100"}, "missing_lines": [], "excluded_lines": [], "start_line": 1}}, "classes": {"TripService": {"executed_lines": [], "summary": {"covered_lines": 0, "num_statements": 7, "percent_covered": 0.0, "percent_covered_display": "0", "missing_lines": 7, "excluded_lines": 0, "percent_statements_covered": 0.0, "percent_statements_covered_display": "0"}, "missing_lines": [28, 29, 42, 44, 45, 46, 48], "excluded_lines": [], "start_line": 12}, "": {"executed_lines": [7, 8, 9, 12, 13, 14], "summary": {"covered_lines": 6, "num_statements": 6, "percent_covered": 100.0, "percent_covered_display": "100", "missing_lines": 0, "excluded_lines": 0, "percent_statements_covered": 100.0, "percent_statements_covered_display": "100"}, "missing_lines": [], "excluded_lines": [], "start_line": 1}}}}, "totals": {"covered_lines": 1631, "num_statements": 2584, "percent_covered": 63.11919504643963, "percent_covered_display": "63", "missing_lines": 953, "excluded_lines": 238, "percent_statements_covered": 63.11919504643963, "percent_statements_covered_display": "63"}}