{"meta": {"format": 3, "version": "7.13.5", "timestamp": "2026-05-09T16:48:10.343950", "branch_coverage": false, "show_contexts": false}, "files": {"app.py": {"executed_lines": [1, 2, 3, 5, 6, 7, 8, 9, 10, 12, 13, 14, 17, 24, 25, 26, 28, 29, 30, 31, 32, 33, 35, 37, 39, 40, 42, 43, 44, 46, 47, 48, 49, 51, 52, 54, 56, 57, 58, 59, 60, 61, 75, 76, 77, 85, 86, 88, 89, 91, 92, 93, 94, 95, 96, 98, 99, 101, 102, 104, 106, 107, 108, 109, 110, 111, 113, 114, 115, 116, 117, 118, 123, 124, 125, 126, 127, 129, 130, 131, 132, 142, 143, 145, 146, 147, 148, 149, 151, 152, 153, 154, 155, 156, 157, 158, 159, 160, 162, 163, 164, 165, 167, 170, 172], "summary": {"covered_lines": 105, "num_statements": 137, "percent_covered": 76.64233576642336, "percent_covered_display": "77", "missing_lines": 32, "excluded_lines": 0, "percent_statements_covered": 76.64233576642336, "percent_statements_covered_display": "77"}, "missing_lines": [41, 53, 62, 63, 64, 65, 66, 67, 68, 69, 70, 71, 72, 73, 133, 134, 135, 136, 173, 174, 175, 176, 178, 179, 180, 181, 182, 183, 185, 186, 188, 189], "excluded_lines": [], "functions": {"create_app": {"executed_lines": [25, 26, 28, 29, 30, 31, 32, 33, 35, 37, 39, 46, 56, 57, 91, 92, 106, 107, 129, 130, 142, 143, 145, 146, 151, 152, 153, 154, 155, 156, 157, 158, 159, 160, 162, 163, 164, 165, 167], "summary": {"covered_lines": 39, "num_statements": 39, "percent_covered": 100.0, "percent_covered_display": "100", "missing_lines": 0, "excluded_lines": 0, "percent_statements_covered": 100.0, "percent_statements_covered_display": "100"}, "missing_lines": [], "excluded_lines": [], "start_line": 24}, "create_app._is_json_request": {"executed_lines": [40, 42, 43, 44], "summary": {"covered_lines": 4, "num_statements": 5, "percent_covered": 80.0, "percent_covered_display": "80", "missing_lines": 1, "excluded_lines": 0, "percent_statements_covered": 80.0, "percent_statements_covered_display": "80"}, "missing_lines": [41], "excluded_lines": [], "start_line": 39}, "create_app._csrf_failure_response": {"executed_lines": [47, 48, 49, 51, 52, 54], "summary": {"covered_lines": 6, "num_statements": 7, "percent_covered": 85.71428571428571, "percent_covered_display": "86", "missing_lines": 1, "excluded_lines": 0, "percent_statements_covered": 85.71428571428571, "percent_statements_covered_display": "86"}, "missing_lines": [53], "excluded_lines": [], "start_line": 46}, "create_app.csrf_protect": {"executed_lines": [58, 59, 60, 61, 75, 76, 77, 85, 86, 88, 89], "summary": {"covered_lines": 11, "num_statements": 23, "percent_covered": 47.82608695652174, "percent_covered_display": "48", "missing_lines": 12, "excluded_lines": 0, "percent_statements_covered": 47.82608695652174, "percent_statements_covered_display": "48"}, "missing_lines": [62, 63, 64, 65, 66, 67, 68, 69, 70, 71, 72, 73], "excluded_lines": [], "start_line": 57}, "create_app.inject_csrf_token": {"executed_lines": [93, 98, 101, 104], "summary": {"covered_lines": 4, "num_statements": 4, "percent_covered": 100.0, "percent_covered_display": "100", "missing_lines": 0, "excluded_lines": 0, "percent_statements_covered": 100.0, "percent_statements_covered_display": "100"}, "missing_lines": [], "excluded_lines": [], "start_line": 92}, "create_app.inject_csrf_token.generate_csrf_token": {"executed_lines": [94, 95, 96], "summary": {"covered_lines": 3, "num_statements": 3, "percent_covered": 100.0, "percent_covered_display": "100", "missing_lines": 0, "excluded_lines": 0, "percent_statements_covered": 100.0, "percent_statements_covered_display": "100"}, "missing_lines": [], "excluded_lines": [], "start_line": 93}, "create_app.inject_csrf_token.asset_url": {"executed_lines": [99], "summary": {"covered_lines": 1, "num_statements": 1, "percent_covered": 100.0, "percent_covered_display": "100", "missing_lines": 0, "excluded_lines": 0, "percent_statements_covered": 100.0, "percent_statements_covered_display": "100"}, "missing_lines": [], "excluded_lines": [], "start_line": 98}, "create_app.inject_csrf_token.csp_nonce": {"executed_lines": [102], "summary": {"covered_lines": 1, "num_statements": 1, "percent_covered": 100.0, "percent_covered_display": "100", "missing_lines": 0, "excluded_lines": 0, "percent_statements_covered": 100.0, "percent_statements_covered_display": "100"}, "missing_lines": [], "excluded_lines": [], "start_line": 101}, "create_app.add_security_headers": {"executed_lines": [108, 109, 110, 111, 113, 114, 115, 116, 117, 118, 123, 124, 125, 126, 127], "summary": {"covered_lines": 15, "num_statements": 15, "percent_covered": 100.0, "percent_covered_display": "100", "missing_lines": 0, "excluded_lines": 0, "percent_statements_covered": 100.0, "percent_statements_covered_display": "100"}, "missing_lines": [], "excluded_lines": [], "start_line": 107}, "create_app.handle_unexpected_error": {"executed_lines": [131, 132], "summary": {"covered_lines": 2, "num_statements": 6, "percent_covered": 33.333333333333336, "percent_covered_display": "33", "missing_lines": 4, "excluded_lines": 0, "percent_statements_covered": 33.333333333333336, "percent_statements_covered_display": "33"}, "missing_lines": [133, 134, 135, 136], "excluded_lines": [], "start_line": 130}, "create_app.health": {"executed_lines": [147, 148, 149], "summary": {"covered_lines": 3, "num_statements": 3, "percent_covered": 100.0, "percent_covered_display": "100", "missing_lines": 0, "excluded_lines": 0, "percent_statements_covered": 100.0, "percent_statements_covered_display": "100"}, "missing_lines": [], "excluded_lines": [], "start_line": 146}, "": {"executed_lines": [1, 2, 3, 5, 6, 7, 8, 9, 10, 12, 13, 14, 17, 24, 170, 172], "summary": {"covered_lines": 16, "num_statements": 30, "percent_covered": 53.333333333333336, "percent_covered_display": "53", "missing_lines": 14, "excluded_lines": 0, "percent_statements_covered": 53.333333333333336, "percent_statements_covered_display": "53"}, "missing_lines": [173, 174, 175, 176, 178, 179, 180, 181, 182, 183, 185, 186, 188, 189], "excluded_lines": [], "start_line": 1}}, "classes": {"": {"executed_lines": [1, 2, 3, 5, 6, 7, 8, 9, 10, 12, 13, 14, 17, 24, 25, 26, 28, 29, 30, 31, 32, 33, 35, 37, 39, 40, 42, 43, 44, 46, 47, 48, 49, 51, 52, 54, 56, 57, 58, 59, 60, 61, 75, 76, 77, 85, 86, 88, 89, 91, 92, 93, 94, 95, 96, 98, 99, 101, 102, 104, 106, 107, 108, 109, 110, 111, 113, 114, 115, 116, 117, 118, 123, 124, 125, 126, 127, 129, 130, 131, 132, 142, 143, 145, 146, 147, 148, 149, 151, 152, 153, 154, 155, 156, 157, 158, 159, 160, 162, 163, 164, 165, 167, 170, 172], "summary": {"covered_lines": 105, "num_statements": 137, "percent_covered": 76.64233576642336, "percent_covered_display": "77", "missing_lines": 32, "excluded_lines": 0, "percent_statements_covered": 76.64233576642336, "percent_statements_covered_display": "77"}, "missing_lines": [41, 53, 62, 63, 64, 65, 66, 67, 68, 69, 70, 71, 72, 73, 133, 134, 135, 136, 173, 174, 175, 176, 178, 179, 180, 181, 182, 183, 185, 186, 188, 189], "excluded_lines": [], "start_line": 1}}}, "backend/__init__.py": {"executed_lines": [], "summary": {"covered_lines": 0, "num_statements": 0, "percent_covered": 100.0, "percent_covered_display": "100", "missing_lines": 0, "excluded_lines": 0, "percent_statements_covered": 100.0, "percent_statements_covered_display": "100"}, "missing_lines": [], "excluded_lines": [], "functions": {"": {"executed_lines": [], "summary": {"covered_lines": 0, "num_statements": 0, "percent_covered": 100.0, "percent_covered_display": "100", "missing_lines": 0, "excluded_lines": 0, "percent_statements_covered": 100.0, "percent_statements_covered_display": "100"}, "missing_lines": [], "excluded_lines": [], "start_line": 1}}, "classes": {"": {"executed_lines": [], "summary": {"covered_lines": 0, "num_statements": 0, "percent_covered": 100.0, "percent_covered_display": "100", "missing_lines": 0, "excluded_lines": 0, "percent_statements_covered": 100.0, "percent_statements_covered_display": "100"}, "missing_lines": [], "excluded_lines": [], "start_line": 1}}}, "backend/bootstrap.py": {"executed_lines": [1, 2, 4, 5, 6, 8, 10, 13, 15, 16, 17, 18, 20, 21, 23, 24, 25, 26, 27, 28, 29, 33, 35, 36, 37, 39, 40, 41, 52, 59, 60, 61, 62, 63, 64, 65, 66, 67, 68, 69, 71, 72], "summary": {"covered_lines": 42, "num_statements": 42, "percent_covered": 100.0, "percent_covered_display": "100", "missing_lines": 0, "excluded_lines": 0, "percent_statements_covered": 100.0, "percent_statements_covered_display": "100"}, "missing_lines": [], "excluded_lines": [], "functions": {"ensure_bootstrap_admin": {"executed_lines": [15, 16, 17, 18, 20, 21, 23, 24, 25, 26, 27, 28, 29, 33, 35, 36, 37, 39, 40, 41, 52, 59, 60, 61, 62, 63, 64, 65, 66, 67, 68, 69, 71, 72], "summary": {"covered_lines": 34, "num_statements": 34, "percent_covered": 100.0, "percent_covered_display": "100", "missing_lines": 0, "excluded_lines": 0, "percent_statements_covered": 100.0, "percent_statements_covered_display": "100"}, "missing_lines": [], "excluded_lines": [], "start_line": 13}, "": {"executed_lines": [1, 2, 4, 5, 6, 8, 10, 13], "summary": {"covered_lines": 8, "num_statements": 8, "percent_covered": 100.0, "percent_covered_display": "100", "missing_lines": 0, "excluded_lines": 0, "percent_statements_covered": 100.0, "percent_statements_covered_display": "100"}, "missing_lines": [], "excluded_lines": [], "start_line": 1}}, "classes": {"": {"executed_lines": [1, 2, 4, 5, 6, 8, 10, 13, 15, 16, 17, 18, 20, 21, 23, 24, 25, 26, 27, 28, 29, 33, 35, 36, 37, 39, 40, 41, 52, 59, 60, 61, 62, 63, 64, 65, 66, 67, 68, 69, 71, 72], "summary": {"covered_lines": 42, "num_statements": 42, "percent_covered": 100.0, "percent_covered_display": "100", "missing_lines": 0, "excluded_lines": 0, "percent_statements_covered": 100.0, "percent_statements_covered_display": "100"}, "missing_lines": [], "excluded_lines": [], "start_line": 1}}}, "backend/config.py": {"executed_lines": [1, 2, 5, 6, 7, 9, 10, 11, 12, 13, 14, 16, 20, 21, 24, 25, 26, 27, 28, 29, 33, 39, 40, 41, 42, 43, 44], "summary": {"covered_lines": 27, "num_statements": 28, "percent_covered": 96.42857142857143, "percent_covered_display": "96", "missing_lines": 1, "excluded_lines": 0, "percent_statements_covered": 96.42857142857143, "percent_statements_covered_display": "96"}, "missing_lines": [17], "excluded_lines": [], "functions": {"get_config": {"executed_lines": [40, 41, 42, 43, 44], "summary": {"covered_lines": 5, "num_statements": 5, "percent_covered": 100.0, "percent_covered_display": "100", "missing_lines": 0, "excluded_lines": 0, "percent_statements_covered": 100.0, "percent_statements_covered_display": "100"}, "missing_lines": [], "excluded_lines": [], "start_line": 39}, "": {"executed_lines": [1, 2, 5, 6, 7, 9, 10, 11, 12, 13, 14, 16, 20, 21, 24, 25, 26, 27, 28, 29, 33, 39], "summary": {"covered_lines": 22, "num_statements": 23, "percent_covered": 95.65217391304348, "percent_covered_display": "96", "missing_lines": 1, "excluded_lines": 0, "percent_statements_covered": 95.65217391304348, "percent_statements_covered_display": "96"}, "missing_lines": [17], "excluded_lines": [], "start_line": 1}}, "classes": {"Config": {"executed_lines": [], "summary": {"covered_lines": 0, "num_statements": 0, "percent_covered": 100.0, "percent_covered_display": "100", "missing_lines": 0, "excluded_lines": 0, "percent_statements_covered": 100.0, "percent_statements_covered_display": "100"}, "missing_lines": [], "excluded_lines": [], "start_line": 5}, "DevelopmentConfig": {"executed_lines": [], "summary": {"covered_lines": 0, "num_statements": 0, "percent_covered": 100.0, "percent_covered_display": "100", "missing_lines": 0, "excluded_lines": 0, "percent_statements_covered": 100.0, "percent_statements_covered_display": "100"}, "missing_lines": [], "excluded_lines": [], "start_line": 20}, "ProductionConfig": {"executed_lines": [], "summary": {"covered_lines": 0, "num_statements": 0, "percent_covered": 100.0, "percent_covered_display": "100", "missing_lines": 0, "excluded_lines": 0, "percent_statements_covered": 100.0, "percent_statements_covered_display": "100"}, "missing_lines": [], "excluded_lines": [], "start_line": 24}, "": {"executed_lines": [1, 2, 5, 6, 7, 9, 10, 11, 12, 13, 14, 16, 20, 21, 24, 25, 26, 27, 28, 29, 33, 39, 40, 41, 42, 43, 44], "summary": {"covered_lines": 27, "num_statements": 28, "percent_covered": 96.42857142857143, "percent_covered_display": "96", "missing_lines": 1, "excluded_lines": 0, "percent_statements_covered": 96.42857142857143, "percent_statements_covered_display": "96"}, "missing_lines": [17], "excluded_lines": [], "start_line": 1}}}, "backend/db.py": {"executed_lines": [1, 2, 3, 5, 6, 7, 8, 9, 11, 13, 14, 17, 19, 29, 31, 32, 36, 48, 69, 71, 74, 75, 76, 77, 78, 79, 80, 81, 84, 93, 94, 102, 104, 105, 106, 107, 108, 109, 111, 112, 113, 114, 117, 137, 155, 157, 158, 233, 235, 236, 237, 238, 239, 240], "summary": {"covered_lines": 54, "num_statements": 158, "percent_covered": 34.177215189873415, "percent_covered_display": "34", "missing_lines": 104, "excluded_lines": 0, "percent_statements_covered": 34.177215189873415, "percent_statements_covered_display": "34"}, "missing_lines": [33, 39, 40, 41, 42, 43, 44, 45, 49, 50, 51, 52, 53, 54, 55, 56, 57, 58, 59, 60, 61, 62, 64, 65, 66, 82, 83, 85, 86, 87, 88, 89, 90, 91, 95, 96, 97, 98, 99, 100, 101, 118, 119, 128, 129, 130, 132, 133, 134, 138, 139, 140, 141, 142, 143, 144, 145, 147, 148, 149, 151, 152, 159, 160, 161, 163, 164, 173, 174, 175, 177, 178, 179, 181, 182, 183, 184, 185, 186, 187, 188, 189, 190, 193, 195, 196, 204, 205, 206, 218, 219, 220, 221, 223, 224, 225, 226, 227, 229, 230, 241, 242, 243, 244], "excluded_lines": [], "functions": {"_create_pool": {"executed_lines": [19], "summary": {"covered_lines": 1, "num_statements": 1, "percent_covered": 100.0, "percent_covered_display": "100", "missing_lines": 0, "excluded_lines": 0, "percent_statements_covered": 100.0, "percent_statements_covered_display": "100"}, "missing_lines": [], "excluded_lines": [], "start_line": 17}, "get_pool": {"executed_lines": [31, 32], "summary": {"covered_lines": 2, "num_statements": 3, "percent_covered": 66.66666666666667, "percent_covered_display": "67", "missing_lines": 1, "excluded_lines": 0, "percent_statements_covered": 66.66666666666667, "percent_statements_covered_display": "67"}, "missing_lines": [33], "excluded_lines": [], "start_line": 29}, "reset_pool": {"executed_lines": [], "summary": {"covered_lines": 0, "num_statements": 7, "percent_covered": 0.0, "percent_covered_display": "0", "missing_lines": 7, "excluded_lines": 0, "percent_statements_covered": 0.0, "percent_statements_covered_display": "0"}, "missing_lines": [39, 40, 41, 42, 43, 44, 45], "excluded_lines": [], "start_line": 36}, "get_db": {"executed_lines": [], "summary": {"covered_lines": 0, "num_statements": 17, "percent_covered": 0.0, "percent_covered_display": "0", "missing_lines": 17, "excluded_lines": 0, "percent_statements_covered": 0.0, "percent_statements_covered_display": "0"}, "missing_lines": [49, 50, 51, 52, 53, 54, 55, 56, 57, 58, 59, 60, 61, 62, 64, 65, 66], "excluded_lines": [], "start_line": 48}, "get_cursor": {"executed_lines": [71], "summary": {"covered_lines": 1, "num_statements": 1, "percent_covered": 100.0, "percent_covered_display": "100", "missing_lines": 0, "excluded_lines": 0, "percent_statements_covered": 100.0, "percent_statements_covered_display": "100"}, "missing_lines": [], "excluded_lines": [], "start_line": 69}, "close_db": {"executed_lines": [75, 76, 77, 78, 79, 80, 81, 84, 93, 94], "summary": {"covered_lines": 10, "num_statements": 26, "percent_covered": 38.46153846153846, "percent_covered_display": "38", "missing_lines": 16, "excluded_lines": 0, "percent_statements_covered": 38.46153846153846, "percent_statements_covered_display": "38"}, "missing_lines": [82, 83, 85, 86, 87, 88, 89, 90, 91, 95, 96, 97, 98, 99, 100, 101], "excluded_lines": [], "start_line": 74}, "check_db_health": {"executed_lines": [104, 105, 106, 107, 108, 109, 111, 112, 113, 114], "summary": {"covered_lines": 10, "num_statements": 10, "percent_covered": 100.0, "percent_covered_display": "100", "missing_lines": 0, "excluded_lines": 0, "percent_statements_covered": 100.0, "percent_statements_covered_display": "100"}, "missing_lines": [], "excluded_lines": [], "start_line": 102}, "_fetch_schema_version": {"executed_lines": [], "summary": {"covered_lines": 0, "num_statements": 8, "percent_covered": 0.0, "percent_covered_display": "0", "missing_lines": 8, "excluded_lines": 0, "percent_statements_covered": 0.0, "percent_statements_covered_display": "0"}, "missing_lines": [118, 119, 128, 129, 130, 132, 133, 134], "excluded_lines": [], "start_line": 117}, "log_schema_version": {"executed_lines": [], "summary": {"covered_lines": 0, "num_statements": 13, "percent_covered": 0.0, "percent_covered_display": "0", "missing_lines": 13, "excluded_lines": 0, "percent_statements_covered": 0.0, "percent_statements_covered_display": "0"}, "missing_lines": [138, 139, 140, 141, 142, 143, 144, 145, 147, 148, 149, 151, 152], "excluded_lines": [], "start_line": 137}, "init_db": {"executed_lines": [157, 158], "summary": {"covered_lines": 2, "num_statements": 40, "percent_covered": 5.0, "percent_covered_display": "5", "missing_lines": 38, "excluded_lines": 0, "percent_statements_covered": 5.0, "percent_statements_covered_display": "5"}, "missing_lines": [159, 160, 161, 163, 164, 173, 174, 175, 177, 178, 179, 181, 182, 183, 184, 185, 186, 187, 188, 189, 190, 193, 195, 196, 204, 205, 206, 218, 219, 220, 221, 223, 224, 225, 226, 227, 229, 230], "excluded_lines": [], "start_line": 155}, "register_db": {"executed_lines": [235, 236, 237, 238, 239, 240], "summary": {"covered_lines": 6, "num_statements": 10, "percent_covered": 60.0, "percent_covered_display": "60", "missing_lines": 4, "excluded_lines": 0, "percent_statements_covered": 60.0, "percent_statements_covered_display": "60"}, "missing_lines": [241, 242, 243, 244], "excluded_lines": [], "start_line": 233}, "": {"executed_lines": [1, 2, 3, 5, 6, 7, 8, 9, 11, 13, 14, 17, 29, 36, 48, 69, 74, 102, 117, 137, 155, 233], "summary": {"covered_lines": 22, "num_statements": 22, "percent_covered": 100.0, "percent_covered_display": "100", "missing_lines": 0, "excluded_lines": 0, "percent_statements_covered": 100.0, "percent_statements_covered_display": "100"}, "missing_lines": [], "excluded_lines": [], "start_line": 1}}, "classes": {"": {"executed_lines": [1, 2, 3, 5, 6, 7, 8, 9, 11, 13, 14, 17, 19, 29, 31, 32, 36, 48, 69, 71, 74, 75, 76, 77, 78, 79, 80, 81, 84, 93, 94, 102, 104, 105, 106, 107, 108, 109, 111, 112, 113, 114, 117, 137, 155, 157, 158, 233, 235, 236, 237, 238, 239, 240], "summary": {"covered_lines": 54, "num_statements": 158, "percent_covered": 34.177215189873415, "percent_covered_display": "34", "missing_lines": 104, "excluded_lines": 0, "percent_statements_covered": 34.177215189873415, "percent_statements_covered_display": "34"}, "missing_lines": [33, 39, 40, 41, 42, 43, 44, 45, 49, 50, 51, 52, 53, 54, 55, 56, 57, 58, 59, 60, 61, 62, 64, 65, 66, 82, 83, 85, 86, 87, 88, 89, 90, 91, 95, 96, 97, 98, 99, 100, 101, 118, 119, 128, 129, 130, 132, 133, 134, 138, 139, 140, 141, 142, 143, 144, 145, 147, 148, 149, 151, 152, 159, 160, 161, 163, 164, 173, 174, 175, 177, 178, 179, 181, 182, 183, 184, 185, 186, 187, 188, 189, 190, 193, 195, 196, 204, 205, 206, 218, 219, 220, 221, 223, 224, 225, 226, 227, 229, 230, 241, 242, 243, 244], "excluded_lines": [], "start_line": 1}}}, "backend/helpers.py": {"executed_lines": [1, 2, 3, 4, 5, 7, 10, 14, 15, 16, 17, 18, 19, 20, 23, 25, 26, 27, 28, 29, 30, 31, 32, 35, 36, 37, 38, 39, 40, 43, 51, 52, 53, 54, 56, 57, 58, 59, 60, 62, 63, 65, 66, 67, 68, 69, 70, 72, 73, 74, 75, 76, 77, 78, 79, 81, 82, 83, 84, 85, 86, 87, 88, 90, 96, 99, 101, 102, 103, 104, 105, 106, 107, 108, 109, 110, 111, 114, 115, 116, 117, 119, 120, 121, 122, 125, 127, 128, 129, 131, 132, 133, 138, 144, 145, 146, 148, 149, 150, 151, 152, 153, 154, 155, 156, 157, 158, 159, 160, 161, 162, 163, 164, 165, 166, 167, 169, 172, 182, 183, 186, 191, 192, 194, 195, 196, 197, 198, 201, 202, 203, 204, 205, 206, 208, 209, 210, 211, 214, 215, 216, 219, 220, 221, 222, 223, 226, 231, 232, 233, 234, 237, 238, 242, 244, 247, 248, 249, 250, 251, 252, 253, 254, 256, 259, 260, 261, 262, 263, 264, 265, 266, 267, 268, 271, 275, 279, 281, 282, 283, 284, 285, 288, 289, 290, 291, 297, 299, 300, 309], "summary": {"covered_lines": 190, "num_statements": 200, "percent_covered": 95.0, "percent_covered_display": "95", "missing_lines": 10, "excluded_lines": 0, "percent_statements_covered": 95.0, "percent_statements_covered_display": "95"}, "missing_lines": [134, 135, 235, 239, 240, 243, 255, 276, 286, 308], "excluded_lines": [], "functions": {"login_required": {"executed_lines": [16, 20], "summary": {"covered_lines": 2, "num_statements": 2, "percent_covered": 100.0, "percent_covered_display": "100", "missing_lines": 0, "excluded_lines": 0, "percent_statements_covered": 100.0, "percent_statements_covered_display": "100"}, "missing_lines": [], "excluded_lines": [], "start_line": 14}, "login_required.decorated": {"executed_lines": [17, 18, 19], "summary": {"covered_lines": 3, "num_statements": 3, "percent_covered": 100.0, "percent_covered_display": "100", "missing_lines": 0, "excluded_lines": 0, "percent_statements_covered": 100.0, "percent_statements_covered_display": "100"}, "missing_lines": [], "excluded_lines": [], "start_line": 16}, "admin_required": {"executed_lines": [25, 26, 32], "summary": {"covered_lines": 3, "num_statements": 3, "percent_covered": 100.0, "percent_covered_display": "100", "missing_lines": 0, "excluded_lines": 0, "percent_statements_covered": 100.0, "percent_statements_covered_display": "100"}, "missing_lines": [], "excluded_lines": [], "start_line": 23}, "admin_required.decorated": {"executed_lines": [27, 28, 29, 30, 31], "summary": {"covered_lines": 5, "num_statements": 5, "percent_covered": 100.0, "percent_covered_display": "100", "missing_lines": 0, "excluded_lines": 0, "percent_statements_covered": 100.0, "percent_statements_covered_display": "100"}, "missing_lines": [], "excluded_lines": [], "start_line": 26}, "parse_positive_int": {"executed_lines": [36, 37, 38, 39, 40], "summary": {"covered_lines": 5, "num_statements": 5, "percent_covered": 100.0, "percent_covered_display": "100", "missing_lines": 0, "excluded_lines": 0, "percent_statements_covered": 100.0, "percent_statements_covered_display": "100"}, "missing_lines": [], "excluded_lines": [], "start_line": 35}, "parse_trip_equipment_form": {"executed_lines": [51, 52, 53, 54, 56, 57, 58, 59, 60, 62, 63, 65, 66, 67, 68, 69, 70, 72, 73, 74, 75, 76, 77, 78, 79, 81, 82, 83, 84, 85, 86, 87, 88, 90, 96], "summary": {"covered_lines": 35, "num_statements": 35, "percent_covered": 100.0, "percent_covered_display": "100", "missing_lines": 0, "excluded_lines": 0, "percent_statements_covered": 100.0, "percent_statements_covered_display": "100"}, "missing_lines": [], "excluded_lines": [], "start_line": 43}, "normalize_iso_date": {"executed_lines": [101, 102, 103, 104, 105, 106, 107, 108, 109, 110, 111, 114, 115, 116, 117, 119, 120, 121, 122], "summary": {"covered_lines": 19, "num_statements": 19, "percent_covered": 100.0, "percent_covered_display": "100", "missing_lines": 0, "excluded_lines": 0, "percent_statements_covered": 100.0, "percent_statements_covered_display": "100"}, "missing_lines": [], "excluded_lines": [], "start_line": 99}, "days_since_iso_date": {"executed_lines": [127, 128, 129, 131, 132, 133], "summary": {"covered_lines": 6, "num_statements": 8, "percent_covered": 75.0, "percent_covered_display": "75", "missing_lines": 2, "excluded_lines": 0, "percent_statements_covered": 75.0, "percent_statements_covered_display": "75"}, "missing_lines": [134, 135], "excluded_lines": [], "start_line": 125}, "build_date_where": {"executed_lines": [144, 145, 146, 148, 149, 150, 151, 152, 153, 154, 155, 156, 157, 158, 159, 160, 161, 162, 163, 164, 165, 166, 167, 169], "summary": {"covered_lines": 24, "num_statements": 24, "percent_covered": 100.0, "percent_covered_display": "100", "missing_lines": 0, "excluded_lines": 0, "percent_statements_covered": 100.0, "percent_statements_covered_display": "100"}, "missing_lines": [], "excluded_lines": [], "start_line": 138}, "paginate": {"executed_lines": [182, 183, 186, 191, 192, 194, 195, 196, 197, 198, 201, 202, 203, 204, 205, 206, 208, 209, 210, 211], "summary": {"covered_lines": 20, "num_statements": 20, "percent_covered": 100.0, "percent_covered_display": "100", "missing_lines": 0, "excluded_lines": 0, "percent_statements_covered": 100.0, "percent_statements_covered_display": "100"}, "missing_lines": [], "excluded_lines": [], "start_line": 172}, "ensure_non_empty_text": {"executed_lines": [220, 221, 222, 223], "summary": {"covered_lines": 4, "num_statements": 4, "percent_covered": 100.0, "percent_covered_display": "100", "missing_lines": 0, "excluded_lines": 0, "percent_statements_covered": 100.0, "percent_statements_covered_display": "100"}, "missing_lines": [], "excluded_lines": [], "start_line": 219}, "validate_iso_date": {"executed_lines": [231, 232, 233, 234, 237, 238, 242, 244], "summary": {"covered_lines": 8, "num_statements": 12, "percent_covered": 66.66666666666667, "percent_covered_display": "67", "missing_lines": 4, "excluded_lines": 0, "percent_statements_covered": 66.66666666666667, "percent_statements_covered_display": "67"}, "missing_lines": [235, 239, 240, 243], "excluded_lines": [], "start_line": 226}, "parse_positive_int_field": {"executed_lines": [248, 249, 250, 251, 252, 253, 254, 256], "summary": {"covered_lines": 8, "num_statements": 9, "percent_covered": 88.88888888888889, "percent_covered_display": "89", "missing_lines": 1, "excluded_lines": 0, "percent_statements_covered": 88.88888888888889, "percent_statements_covered_display": "89"}, "missing_lines": [255], "excluded_lines": [], "start_line": 247}, "parse_positive_float_field": {"executed_lines": [260, 261, 262, 263, 264, 265, 266, 267, 268], "summary": {"covered_lines": 9, "num_statements": 9, "percent_covered": 100.0, "percent_covered_display": "100", "missing_lines": 0, "excluded_lines": 0, "percent_statements_covered": 100.0, "percent_statements_covered_display": "100"}, "missing_lines": [], "excluded_lines": [], "start_line": 259}, "validate_odometer_range": {"executed_lines": [275], "summary": {"covered_lines": 1, "num_statements": 2, "percent_covered": 50.0, "percent_covered_display": "50", "missing_lines": 1, "excluded_lines": 0, "percent_statements_covered": 50.0, "percent_statements_covered_display": "50"}, "missing_lines": [276], "excluded_lines": [], "start_line": 271}, "get_active_vehicle": {"executed_lines": [281, 282, 283, 284, 285, 288, 289, 290, 291, 297, 299, 300, 309], "summary": {"covered_lines": 13, "num_statements": 15, "percent_covered": 86.66666666666667, "percent_covered_display": "87", "missing_lines": 2, "excluded_lines": 0, "percent_statements_covered": 86.66666666666667, "percent_statements_covered_display": "87"}, "missing_lines": [286, 308], "excluded_lines": [], "start_line": 279}, "": {"executed_lines": [1, 2, 3, 4, 5, 7, 10, 14, 15, 23, 35, 43, 99, 125, 138, 172, 214, 215, 216, 219, 226, 247, 259, 271, 279], "summary": {"covered_lines": 25, "num_statements": 25, "percent_covered": 100.0, "percent_covered_display": "100", "missing_lines": 0, "excluded_lines": 0, "percent_statements_covered": 100.0, "percent_statements_covered_display": "100"}, "missing_lines": [], "excluded_lines": [], "start_line": 1}}, "classes": {"ValidationError": {"executed_lines": [], "summary": {"covered_lines": 0, "num_statements": 0, "percent_covered": 100.0, "percent_covered_display": "100", "missing_lines": 0, "excluded_lines": 0, "percent_statements_covered": 100.0, "percent_statements_covered_display": "100"}, "missing_lines": [], "excluded_lines": [], "start_line": 10}, "": {"executed_lines": [1, 2, 3, 4, 5, 7, 10, 14, 15, 16, 17, 18, 19, 20, 23, 25, 26, 27, 28, 29, 30, 31, 32, 35, 36, 37, 38, 39, 40, 43, 51, 52, 53, 54, 56, 57, 58, 59, 60, 62, 63, 65, 66, 67, 68, 69, 70, 72, 73, 74, 75, 76, 77, 78, 79, 81, 82, 83, 84, 85, 86, 87, 88, 90, 96, 99, 101, 102, 103, 104, 105, 106, 107, 108, 109, 110, 111, 114, 115, 116, 117, 119, 120, 121, 122, 125, 127, 128, 129, 131, 132, 133, 138, 144, 145, 146, 148, 149, 150, 151, 152, 153, 154, 155, 156, 157, 158, 159, 160, 161, 162, 163, 164, 165, 166, 167, 169, 172, 182, 183, 186, 191, 192, 194, 195, 196, 197, 198, 201, 202, 203, 204, 205, 206, 208, 209, 210, 211, 214, 215, 216, 219, 220, 221, 222, 223, 226, 231, 232, 233, 234, 237, 238, 242, 244, 247, 248, 249, 250, 251, 252, 253, 254, 256, 259, 260, 261, 262, 263, 264, 265, 266, 267, 268, 271, 275, 279, 281, 282, 283, 284, 285, 288, 289, 290, 291, 297, 299, 300, 309], "summary": {"covered_lines": 190, "num_statements": 200, "percent_covered": 95.0, "percent_covered_display": "95", "missing_lines": 10, "excluded_lines": 0, "percent_statements_covered": 95.0, "percent_statements_covered_display": "95"}, "missing_lines": [134, 135, 235, 239, 240, 243, 255, 276, 286, 308], "excluded_lines": [], "start_line": 1}}}, "backend/routes/__init__.py": {"executed_lines": [], "summary": {"covered_lines": 0, "num_statements": 0, "percent_covered": 100.0, "percent_covered_display": "100", "missing_lines": 0, "excluded_lines": 0, "percent_statements_covered": 100.0, "percent_statements_covered_display": "100"}, "missing_lines": [], "excluded_lines": [], "functions": {"": {"executed_lines": [], "summary": {"covered_lines": 0, "num_statements": 0, "percent_covered": 100.0, "percent_covered_display": "100", "missing_lines": 0, "excluded_lines": 0, "percent_statements_covered": 100.0, "percent_statements_covered_display": "100"}, "missing_lines": [], "excluded_lines": [], "start_line": 1}}, "classes": {"": {"executed_lines": [], "summary": {"covered_lines": 0, "num_statements": 0, "percent_covered": 100.0, "percent_covered_display": "100", "missing_lines": 0, "excluded_lines": 0, "percent_statements_covered": 100.0, "percent_statements_covered_display": "100"}, "missing_lines": [], "excluded_lines": [], "start_line": 1}}}, "backend/routes/admin.py": {"executed_lines": [1, 2, 3, 4, 5, 6, 7, 8, 10, 13, 14, 16, 17, 18, 19, 20, 22, 28, 29, 30, 35, 36, 40, 42, 43, 44, 45, 46, 47, 48, 49, 50, 54, 55, 56, 57, 58, 60, 61, 63, 64, 66, 67, 68, 81, 82, 83, 84, 85, 86, 87, 88, 89, 90, 91, 92, 94, 95, 96, 103, 104, 105, 106, 107, 108, 109, 110, 111, 112, 114, 115, 117, 118, 119, 120, 121, 122, 124, 125, 126, 127, 128, 130, 131, 132, 134, 135, 136, 137, 138, 140, 141, 142, 143, 144, 145, 147, 148, 149, 150, 155, 158, 159, 160, 161, 162, 163, 164, 165, 166, 167, 169, 170, 171, 173, 174, 176, 177, 178, 179, 180, 181, 182, 183, 184, 185, 186, 188, 189, 190, 191, 192, 194, 198, 199, 200, 201, 202, 204, 205, 207, 208, 209, 210, 211, 212, 213, 215, 216, 217, 219, 223, 224, 225, 226, 229, 230, 232, 236, 238, 240, 241], "summary": {"covered_lines": 162, "num_statements": 176, "percent_covered": 92.04545454545455, "percent_covered_display": "92", "missing_lines": 14, "excluded_lines": 0, "percent_statements_covered": 92.04545454545455, "percent_statements_covered_display": "92"}, "missing_lines": [37, 38, 69, 70, 71, 72, 73, 74, 76, 78, 79, 152, 153, 156], "excluded_lines": [], "functions": {"register_routes": {"executed_lines": [14, 16, 42, 43, 44, 66, 67, 68, 81, 82, 83, 158, 159, 160, 161, 176, 177, 178, 207, 208, 209], "summary": {"covered_lines": 21, "num_statements": 21, "percent_covered": 100.0, "percent_covered_display": "100", "missing_lines": 0, "excluded_lines": 0, "percent_statements_covered": 100.0, "percent_statements_covered_display": "100"}, "missing_lines": [], "excluded_lines": [], "start_line": 13}, "register_routes._delete_vehicle_or_error": {"executed_lines": [17, 18, 19, 20, 22, 28, 29, 30, 35, 36, 40], "summary": {"covered_lines": 11, "num_statements": 13, "percent_covered": 84.61538461538461, "percent_covered_display": "85", "missing_lines": 2, "excluded_lines": 0, "percent_statements_covered": 84.61538461538461, "percent_statements_covered_display": "85"}, "missing_lines": [37, 38], "excluded_lines": [], "start_line": 16}, "register_routes.vehicles": {"executed_lines": [45, 46, 47, 48, 49, 50, 54, 55, 56, 57, 58, 60, 61, 63, 64], "summary": {"covered_lines": 15, "num_statements": 15, "percent_covered": 100.0, "percent_covered_display": "100", "missing_lines": 0, "excluded_lines": 0, "percent_statements_covered": 100.0, "percent_statements_covered_display": "100"}, "missing_lines": [], "excluded_lines": [], "start_line": 44}, "register_routes.toggle_vehicle_view": {"executed_lines": [], "summary": {"covered_lines": 0, "num_statements": 9, "percent_covered": 0.0, "percent_covered_display": "0", "missing_lines": 9, "excluded_lines": 0, "percent_statements_covered": 0.0, "percent_statements_covered_display": "0"}, "missing_lines": [69, 70, 71, 72, 73, 74, 76, 78, 79], "excluded_lines": [], "start_line": 68}, "register_routes.users": {"executed_lines": [84, 85, 86, 87, 88, 89, 90, 91, 92, 94, 95, 96, 103, 104, 105, 106, 107, 108, 109, 110, 111, 112, 114, 115, 117, 118, 119, 120, 121, 122, 124, 125, 126, 127, 128, 130, 131, 132, 134, 135, 136, 137, 138, 140, 141, 142, 143, 144, 145, 147, 148, 149, 150, 155], "summary": {"covered_lines": 54, "num_statements": 57, "percent_covered": 94.73684210526316, "percent_covered_display": "95", "missing_lines": 3, "excluded_lines": 0, "percent_statements_covered": 94.73684210526316, "percent_statements_covered_display": "95"}, "missing_lines": [152, 153, 156], "excluded_lines": [], "start_line": 83}, "register_routes.delete_vehicle": {"executed_lines": [162, 163, 164, 165, 166, 167, 169, 170, 171, 173, 174], "summary": {"covered_lines": 11, "num_statements": 11, "percent_covered": 100.0, "percent_covered_display": "100", "missing_lines": 0, "excluded_lines": 0, "percent_statements_covered": 100.0, "percent_statements_covered_display": "100"}, "missing_lines": [], "excluded_lines": [], "start_line": 161}, "register_routes.edit_vehicle": {"executed_lines": [179, 180, 181, 182, 183, 184, 185, 186, 188, 189, 190, 191, 192, 194, 198, 199, 200, 201, 202, 204, 205], "summary": {"covered_lines": 21, "num_statements": 21, "percent_covered": 100.0, "percent_covered_display": "100", "missing_lines": 0, "excluded_lines": 0, "percent_statements_covered": 100.0, "percent_statements_covered_display": "100"}, "missing_lines": [], "excluded_lines": [], "start_line": 178}, "register_routes.delete_entry_view": {"executed_lines": [210, 211, 212, 213, 215, 216, 217, 219, 223, 224, 225, 226, 229, 230, 232, 236, 238, 240, 241], "summary": {"covered_lines": 19, "num_statements": 19, "percent_covered": 100.0, "percent_covered_display": "100", "missing_lines": 0, "excluded_lines": 0, "percent_statements_covered": 100.0, "percent_statements_covered_display": "100"}, "missing_lines": [], "excluded_lines": [], "start_line": 209}, "": {"executed_lines": [1, 2, 3, 4, 5, 6, 7, 8, 10, 13], "summary": {"covered_lines": 10, "num_statements": 10, "percent_covered": 100.0, "percent_covered_display": "100", "missing_lines": 0, "excluded_lines": 0, "percent_statements_covered": 100.0, "percent_statements_covered_display": "100"}, "missing_lines": [], "excluded_lines": [], "start_line": 1}}, "classes": {"": {"executed_lines": [1, 2, 3, 4, 5, 6, 7, 8, 10, 13, 14, 16, 17, 18, 19, 20, 22, 28, 29, 30, 35, 36, 40, 42, 43, 44, 45, 46, 47, 48, 49, 50, 54, 55, 56, 57, 58, 60, 61, 63, 64, 66, 67, 68, 81, 82, 83, 84, 85, 86, 87, 88, 89, 90, 91, 92, 94, 95, 96, 103, 104, 105, 106, 107, 108, 109, 110, 111, 112, 114, 115, 117, 118, 119, 120, 121, 122, 124, 125, 126, 127, 128, 130, 131, 132, 134, 135, 136, 137, 138, 140, 141, 142, 143, 144, 145, 147, 148, 149, 150, 155, 158, 159, 160, 161, 162, 163, 164, 165, 166, 167, 169, 170, 171, 173, 174, 176, 177, 178, 179, 180, 181, 182, 183, 184, 185, 186, 188, 189, 190, 191, 192, 194, 198, 199, 200, 201, 202, 204, 205, 207, 208, 209, 210, 211, 212, 213, 215, 216, 217, 219, 223, 224, 225, 226, 229, 230, 232, 236, 238, 240, 241], "summary": {"covered_lines": 162, "num_statements": 176, "percent_covered": 92.04545454545455, "percent_covered_display": "92", "missing_lines": 14, "excluded_lines": 0, "percent_statements_covered": 92.04545454545455, "percent_statements_covered_display": "92"}, "missing_lines": [37, 38, 69, 70, 71, 72, 73, 74, 76, 78, 79, 152, 153, 156], "excluded_lines": [], "start_line": 1}}}, "backend/routes/api.py": {"executed_lines": [1, 2, 4, 5, 16, 17, 18, 21, 22, 25, 26, 27, 28, 29, 32, 33, 36, 37, 38, 39, 40, 43, 44, 45, 46, 47, 50, 51, 53, 54, 55, 56, 73, 74, 75, 76, 84, 85, 86, 87, 88, 89, 90, 91, 92, 93, 94, 96, 97, 98, 100, 102, 103, 105, 106, 107, 109, 110, 111, 112, 114, 127, 128, 133, 135, 137, 138, 139, 140, 141, 142, 143, 144, 145, 146, 147, 149, 150, 151, 153, 154, 155, 156, 158, 167, 168, 169, 170, 176, 178, 180, 181, 182, 183, 184, 185, 186, 187, 188, 189, 190, 192, 193, 195, 196, 197, 199, 200, 201, 203, 204, 206, 219, 220, 221, 222, 228, 230], "summary": {"covered_lines": 118, "num_statements": 140, "percent_covered": 84.28571428571429, "percent_covered_display": "84", "missing_lines": 22, "excluded_lines": 0, "percent_statements_covered": 84.28571428571429, "percent_statements_covered_display": "84"}, "missing_lines": [57, 58, 64, 65, 66, 67, 68, 69, 71, 77, 82, 129, 130, 131, 171, 172, 173, 174, 223, 224, 225, 226], "excluded_lines": [], "functions": {"_json_error": {"executed_lines": [22], "summary": {"covered_lines": 1, "num_statements": 1, "percent_covered": 100.0, "percent_covered_display": "100", "missing_lines": 0, "excluded_lines": 0, "percent_statements_covered": 100.0, "percent_statements_covered_display": "100"}, "missing_lines": [], "excluded_lines": [], "start_line": 21}, "_validate_or_raise": {"executed_lines": [26, 27, 28, 29], "summary": {"covered_lines": 4, "num_statements": 4, "percent_covered": 100.0, "percent_covered_display": "100", "missing_lines": 0, "excluded_lines": 0, "percent_statements_covered": 100.0, "percent_statements_covered_display": "100"}, "missing_lines": [], "excluded_lines": [], "start_line": 25}, "_get_active_vehicle": {"executed_lines": [33], "summary": {"covered_lines": 1, "num_statements": 1, "percent_covered": 100.0, "percent_covered_display": "100", "missing_lines": 0, "excluded_lines": 0, "percent_statements_covered": 100.0, "percent_statements_covered_display": "100"}, "missing_lines": [], "excluded_lines": [], "start_line": 32}, "_optional_int": {"executed_lines": [37, 38, 39, 40], "summary": {"covered_lines": 4, "num_statements": 4, "percent_covered": 100.0, "percent_covered_display": "100", "missing_lines": 0, "excluded_lines": 0, "percent_statements_covered": 100.0, "percent_statements_covered_display": "100"}, "missing_lines": [], "excluded_lines": [], "start_line": 36}, "_optional_float": {"executed_lines": [44, 45, 46, 47], "summary": {"covered_lines": 4, "num_statements": 4, "percent_covered": 100.0, "percent_covered_display": "100", "missing_lines": 0, "excluded_lines": 0, "percent_statements_covered": 100.0, "percent_statements_covered_display": "100"}, "missing_lines": [], "excluded_lines": [], "start_line": 43}, "register_routes": {"executed_lines": [51, 53, 54, 55, 56, 73, 74, 75, 76, 84, 85, 86, 87, 137, 138, 139, 140, 180, 181, 182, 183], "summary": {"covered_lines": 21, "num_statements": 21, "percent_covered": 100.0, "percent_covered_display": "100", "missing_lines": 0, "excluded_lines": 0, "percent_statements_covered": 100.0, "percent_statements_covered_display": "100"}, "missing_lines": [], "excluded_lines": [], "start_line": 50}, "register_routes.api_vehicle_last_km": {"executed_lines": [], "summary": {"covered_lines": 0, "num_statements": 9, "percent_covered": 0.0, "percent_covered_display": "0", "missing_lines": 9, "excluded_lines": 0, "percent_statements_covered": 0.0, "percent_statements_covered_display": "0"}, "missing_lines": [57, 58, 64, 65, 66, 67, 68, 69, 71], "excluded_lines": [], "start_line": 56}, "register_routes.api_drivers": {"executed_lines": [], "summary": {"covered_lines": 0, "num_statements": 2, "percent_covered": 0.0, "percent_covered_display": "0", "missing_lines": 2, "excluded_lines": 0, "percent_statements_covered": 0.0, "percent_statements_covered_display": "0"}, "missing_lines": [77, 82], "excluded_lines": [], "start_line": 76}, "register_routes.api_add_trip": {"executed_lines": [88, 89, 90, 91, 92, 93, 94, 96, 97, 98, 100, 102, 103, 105, 106, 107, 109, 110, 111, 112, 114, 127, 128, 133, 135], "summary": {"covered_lines": 25, "num_statements": 28, "percent_covered": 89.28571428571429, "percent_covered_display": "89", "missing_lines": 3, "excluded_lines": 0, "percent_statements_covered": 89.28571428571429, "percent_statements_covered_display": "89"}, "missing_lines": [129, 130, 131], "excluded_lines": [], "start_line": 87}, "register_routes.api_add_fuel": {"executed_lines": [141, 142, 143, 144, 145, 146, 147, 149, 150, 151, 153, 154, 155, 156, 158, 167, 168, 169, 170, 176, 178], "summary": {"covered_lines": 21, "num_statements": 25, "percent_covered": 84.0, "percent_covered_display": "84", "missing_lines": 4, "excluded_lines": 0, "percent_statements_covered": 84.0, "percent_statements_covered_display": "84"}, "missing_lines": [171, 172, 173, 174], "excluded_lines": [], "start_line": 140}, "register_routes.api_add_maintenance": {"executed_lines": [184, 185, 186, 187, 188, 189, 190, 192, 193, 195, 196, 197, 199, 200, 201, 203, 204, 206, 219, 220, 221, 222, 228, 230], "summary": {"covered_lines": 24, "num_statements": 28, "percent_covered": 85.71428571428571, "percent_covered_display": "86", "missing_lines": 4, "excluded_lines": 0, "percent_statements_covered": 85.71428571428571, "percent_statements_covered_display": "86"}, "missing_lines": [223, 224, 225, 226], "excluded_lines": [], "start_line": 183}, "": {"executed_lines": [1, 2, 4, 5, 16, 17, 18, 21, 25, 32, 36, 43, 50], "summary": {"covered_lines": 13, "num_statements": 13, "percent_covered": 100.0, "percent_covered_display": "100", "missing_lines": 0, "excluded_lines": 0, "percent_statements_covered": 100.0, "percent_statements_covered_display": "100"}, "missing_lines": [], "excluded_lines": [], "start_line": 1}}, "classes": {"": {"executed_lines": [1, 2, 4, 5, 16, 17, 18, 21, 22, 25, 26, 27, 28, 29, 32, 33, 36, 37, 38, 39, 40, 43, 44, 45, 46, 47, 50, 51, 53, 54, 55, 56, 73, 74, 75, 76, 84, 85, 86, 87, 88, 89, 90, 91, 92, 93, 94, 96, 97, 98, 100, 102, 103, 105, 106, 107, 109, 110, 111, 112, 114, 127, 128, 133, 135, 137, 138, 139, 140, 141, 142, 143, 144, 145, 146, 147, 149, 150, 151, 153, 154, 155, 156, 158, 167, 168, 169, 170, 176, 178, 180, 181, 182, 183, 184, 185, 186, 187, 188, 189, 190, 192, 193, 195, 196, 197, 199, 200, 201, 203, 204, 206, 219, 220, 221, 222, 228, 230], "summary": {"covered_lines": 118, "num_statements": 140, "percent_covered": 84.28571428571429, "percent_covered_display": "84", "missing_lines": 22, "excluded_lines": 0, "percent_statements_covered": 84.28571428571429, "percent_statements_covered_display": "84"}, "missing_lines": [57, 58, 64, 65, 66, 67, 68, 69, 71, 77, 82, 129, 130, 131, 171, 172, 173, 174, 223, 224, 225, 226], "excluded_lines": [], "start_line": 1}}}, "backend/routes/auth.py": {"executed_lines": [1, 2, 3, 4, 5, 8, 10, 12, 13, 14, 15, 16, 17, 18, 19, 20, 21, 22, 23, 27, 29, 31, 32, 37, 38, 39, 40, 44, 45, 46, 48, 51, 52, 53, 54, 55, 56, 57, 58, 59, 61, 62, 64, 65, 66, 67], "summary": {"covered_lines": 46, "num_statements": 46, "percent_covered": 100.0, "percent_covered_display": "100", "missing_lines": 0, "excluded_lines": 0, "percent_statements_covered": 100.0, "percent_statements_covered_display": "100"}, "missing_lines": [], "excluded_lines": [], "functions": {"register_routes": {"executed_lines": [10, 12, 13, 14, 64, 65], "summary": {"covered_lines": 6, "num_statements": 6, "percent_covered": 100.0, "percent_covered_display": "100", "missing_lines": 0, "excluded_lines": 0, "percent_statements_covered": 100.0, "percent_statements_covered_display": "100"}, "missing_lines": [], "excluded_lines": [], "start_line": 8}, "register_routes.login": {"executed_lines": [15, 16, 17, 18, 19, 20, 21, 22, 23, 27, 29, 31, 32, 37, 38, 39, 40, 44, 45, 46, 48, 51, 52, 53, 54, 55, 56, 57, 58, 59, 61, 62], "summary": {"covered_lines": 32, "num_statements": 32, "percent_covered": 100.0, "percent_covered_display": "100", "missing_lines": 0, "excluded_lines": 0, "percent_statements_covered": 100.0, "percent_statements_covered_display": "100"}, "missing_lines": [], "excluded_lines": [], "start_line": 14}, "register_routes.logout": {"executed_lines": [66, 67], "summary": {"covered_lines": 2, "num_statements": 2, "percent_covered": 100.0, "percent_covered_display": "100", "missing_lines": 0, "excluded_lines": 0, "percent_statements_covered": 100.0, "percent_statements_covered_display": "100"}, "missing_lines": [], "excluded_lines": [], "start_line": 65}, "": {"executed_lines": [1, 2, 3, 4, 5, 8], "summary": {"covered_lines": 6, "num_statements": 6, "percent_covered": 100.0, "percent_covered_display": "100", "missing_lines": 0, "excluded_lines": 0, "percent_statements_covered": 100.0, "percent_statements_covered_display": "100"}, "missing_lines": [], "excluded_lines": [], "start_line": 1}}, "classes": {"": {"executed_lines": [1, 2, 3, 4, 5, 8, 10, 12, 13, 14, 15, 16, 17, 18, 19, 20, 21, 22, 23, 27, 29, 31, 32, 37, 38, 39, 40, 44, 45, 46, 48, 51, 52, 53, 54, 55, 56, 57, 58, 59, 61, 62, 64, 65, 66, 67], "summary": {"covered_lines": 46, "num_statements": 46, "percent_covered": 100.0, "percent_covered_display": "100", "missing_lines": 0, "excluded_lines": 0, "percent_statements_covered": 100.0, "percent_statements_covered_display": "100"}, "missing_lines": [], "excluded_lines": [], "start_line": 1}}}, "backend/routes/equipment.py": {"executed_lines": [1, 2, 3, 4, 5, 7, 9, 22, 86, 87, 88, 89, 90, 91, 92, 93, 95, 100, 101, 102, 103, 104, 106, 107, 109, 111, 120, 121, 122, 123, 124, 125, 126, 130, 131, 134, 135, 139, 140, 141, 142, 147, 148, 149, 151, 152, 155, 156, 157, 195, 196, 197, 198, 199, 200, 201, 202, 203, 206, 207, 208, 209, 210, 212, 213, 216, 217, 218, 253, 254, 255], "summary": {"covered_lines": 71, "num_statements": 129, "percent_covered": 55.03875968992248, "percent_covered_display": "55", "missing_lines": 58, "excluded_lines": 0, "percent_statements_covered": 55.03875968992248, "percent_statements_covered_display": "55"}, "missing_lines": [127, 128, 132, 136, 137, 158, 159, 160, 161, 162, 163, 164, 165, 167, 168, 169, 170, 171, 172, 173, 174, 175, 176, 178, 183, 184, 185, 186, 188, 190, 192, 204, 205, 220, 221, 222, 223, 224, 225, 226, 228, 229, 231, 237, 238, 242, 244, 245, 246, 248, 249, 256, 257, 258, 259, 263, 265, 266], "excluded_lines": [], "functions": {"equipment_list": {"executed_lines": [89, 90, 91, 92, 93, 95, 100, 101, 102, 103, 104, 106, 107, 109, 111], "summary": {"covered_lines": 15, "num_statements": 15, "percent_covered": 100.0, "percent_covered_display": "100", "missing_lines": 0, "excluded_lines": 0, "percent_statements_covered": 100.0, "percent_statements_covered_display": "100"}, "missing_lines": [], "excluded_lines": [], "start_line": 88}, "equipment_add": {"executed_lines": [123, 124, 125, 126, 130, 131, 134, 135, 139, 140, 141, 142, 147, 148, 149, 151, 152], "summary": {"covered_lines": 17, "num_statements": 22, "percent_covered": 77.27272727272727, "percent_covered_display": "77", "missing_lines": 5, "excluded_lines": 0, "percent_statements_covered": 77.27272727272727, "percent_statements_covered_display": "77"}, "missing_lines": [127, 128, 132, 136, 137], "excluded_lines": [], "start_line": 122}, "equipment_edit": {"executed_lines": [], "summary": {"covered_lines": 0, "num_statements": 26, "percent_covered": 0.0, "percent_covered_display": "0", "missing_lines": 26, "excluded_lines": 0, "percent_statements_covered": 0.0, "percent_statements_covered_display": "0"}, "missing_lines": [158, 159, 160, 161, 162, 163, 164, 165, 167, 168, 169, 170, 171, 172, 173, 174, 175, 176, 178, 183, 184, 185, 186, 188, 190, 192], "excluded_lines": [], "start_line": 157}, "equipment_delete": {"executed_lines": [198, 199, 200, 201, 202, 203, 206, 207, 208, 209, 210, 212, 213], "summary": {"covered_lines": 13, "num_statements": 15, "percent_covered": 86.66666666666667, "percent_covered_display": "87", "missing_lines": 2, "excluded_lines": 0, "percent_statements_covered": 86.66666666666667, "percent_statements_covered_display": "87"}, "missing_lines": [204, 205], "excluded_lines": [], "start_line": 197}, "equipment_preload": {"executed_lines": [], "summary": {"covered_lines": 0, "num_statements": 18, "percent_covered": 0.0, "percent_covered_display": "0", "missing_lines": 18, "excluded_lines": 0, "percent_statements_covered": 0.0, "percent_statements_covered_display": "0"}, "missing_lines": [220, 221, 222, 223, 224, 225, 226, 228, 229, 231, 237, 238, 242, 244, 245, 246, 248, 249], "excluded_lines": [], "start_line": 218}, "api_vehicle_equipment": {"executed_lines": [], "summary": {"covered_lines": 0, "num_statements": 7, "percent_covered": 0.0, "percent_covered_display": "0", "missing_lines": 7, "excluded_lines": 0, "percent_statements_covered": 0.0, "percent_statements_covered_display": "0"}, "missing_lines": [256, 257, 258, 259, 263, 265, 266], "excluded_lines": [], "start_line": 255}, "": {"executed_lines": [1, 2, 3, 4, 5, 7, 9, 22, 86, 87, 88, 120, 121, 122, 155, 156, 157, 195, 196, 197, 216, 217, 218, 253, 254, 255], "summary": {"covered_lines": 26, "num_statements": 26, "percent_covered": 100.0, "percent_covered_display": "100", "missing_lines": 0, "excluded_lines": 0, "percent_statements_covered": 100.0, "percent_statements_covered_display": "100"}, "missing_lines": [], "excluded_lines": [], "start_line": 1}}, "classes": {"": {"executed_lines": [1, 2, 3, 4, 5, 7, 9, 22, 86, 87, 88, 89, 90, 91, 92, 93, 95, 100, 101, 102, 103, 104, 106, 107, 109, 111, 120, 121, 122, 123, 124, 125, 126, 130, 131, 134, 135, 139, 140, 141, 142, 147, 148, 149, 151, 152, 155, 156, 157, 195, 196, 197, 198, 199, 200, 201, 202, 203, 206, 207, 208, 209, 210, 212, 213, 216, 217, 218, 253, 254, 255], "summary": {"covered_lines": 71, "num_statements": 129, "percent_covered": 55.03875968992248, "percent_covered_display": "55", "missing_lines": 58, "excluded_lines": 0, "percent_statements_covered": 55.03875968992248, "percent_statements_covered_display": "55"}, "missing_lines": [127, 128, 132, 136, 137, 158, 159, 160, 161, 162, 163, 164, 165, 167, 168, 169, 170, 171, 172, 173, 174, 175, 176, 178, 183, 184, 185, 186, 188, 190, 192, 204, 205, 220, 221, 222, 223, 224, 225, 226, 228, 229, 231, 237, 238, 242, 244, 245, 246, 248, 249, 256, 257, 258, 259, 263, 265, 266], "excluded_lines": [], "start_line": 1}}}, "backend/routes/fuel.py": {"executed_lines": [1, 2, 3, 4, 5, 16, 17, 20, 21, 22, 23, 24, 27, 28, 29, 30, 31, 34, 35, 36, 37, 38, 39, 40, 41, 43, 44, 45, 46, 47, 50, 52, 54, 63, 64, 65, 89, 90, 91, 92, 93, 95, 96, 98, 99, 100, 102, 103, 104, 106, 108, 114, 116, 120, 126, 127], "summary": {"covered_lines": 56, "num_statements": 76, "percent_covered": 73.6842105263158, "percent_covered_display": "74", "missing_lines": 20, "excluded_lines": 0, "percent_statements_covered": 73.6842105263158, "percent_statements_covered_display": "74"}, "missing_lines": [48, 55, 56, 58, 59, 60, 61, 62, 67, 68, 76, 77, 78, 79, 81, 82, 121, 122, 123, 124], "excluded_lines": [], "functions": {"_require_float": {"executed_lines": [21, 22, 23, 24], "summary": {"covered_lines": 4, "num_statements": 4, "percent_covered": 100.0, "percent_covered_display": "100", "missing_lines": 0, "excluded_lines": 0, "percent_statements_covered": 100.0, "percent_statements_covered_display": "100"}, "missing_lines": [], "excluded_lines": [], "start_line": 20}, "_require_int": {"executed_lines": [28, 29, 30, 31], "summary": {"covered_lines": 4, "num_statements": 4, "percent_covered": 100.0, "percent_covered_display": "100", "missing_lines": 0, "excluded_lines": 0, "percent_statements_covered": 100.0, "percent_statements_covered_display": "100"}, "missing_lines": [], "excluded_lines": [], "start_line": 27}, "register_routes": {"executed_lines": [37], "summary": {"covered_lines": 1, "num_statements": 1, "percent_covered": 100.0, "percent_covered_display": "100", "missing_lines": 0, "excluded_lines": 0, "percent_statements_covered": 100.0, "percent_statements_covered_display": "100"}, "missing_lines": [], "excluded_lines": [], "start_line": 34}, "register_routes.fuel": {"executed_lines": [38, 39, 40, 41, 43, 44, 45, 46, 47, 50, 52, 54, 63, 64, 65, 89, 90, 91, 92, 93, 95, 96, 98, 99, 100, 102, 103, 104, 106, 108, 114, 116, 120, 126, 127], "summary": {"covered_lines": 35, "num_statements": 55, "percent_covered": 63.63636363636363, "percent_covered_display": "64", "missing_lines": 20, "excluded_lines": 0, "percent_statements_covered": 63.63636363636363, "percent_statements_covered_display": "64"}, "missing_lines": [48, 55, 56, 58, 59, 60, 61, 62, 67, 68, 76, 77, 78, 79, 81, 82, 121, 122, 123, 124], "excluded_lines": [], "start_line": 37}, "": {"executed_lines": [1, 2, 3, 4, 5, 16, 17, 20, 27, 34, 35, 36], "summary": {"covered_lines": 12, "num_statements": 12, "percent_covered": 100.0, "percent_covered_display": "100", "missing_lines": 0, "excluded_lines": 0, "percent_statements_covered": 100.0, "percent_statements_covered_display": "100"}, "missing_lines": [], "excluded_lines": [], "start_line": 1}}, "classes": {"": {"executed_lines": [1, 2, 3, 4, 5, 16, 17, 20, 21, 22, 23, 24, 27, 28, 29, 30, 31, 34, 35, 36, 37, 38, 39, 40, 41, 43, 44, 45, 46, 47, 50, 52, 54, 63, 64, 65, 89, 90, 91, 92, 93, 95, 96, 98, 99, 100, 102, 103, 104, 106, 108, 114, 116, 120, 126, 127], "summary": {"covered_lines": 56, "num_statements": 76, "percent_covered": 73.6842105263158, "percent_covered_display": "74", "missing_lines": 20, "excluded_lines": 0, "percent_statements_covered": 73.6842105263158, "percent_statements_covered_display": "74"}, "missing_lines": [48, 55, 56, 58, 59, 60, 61, 62, 67, 68, 76, 77, 78, 79, 81, 82, 121, 122, 123, 124], "excluded_lines": [], "start_line": 1}}}, "backend/routes/logs.py": {"executed_lines": [1, 3, 4, 6, 9, 10, 11, 12, 14, 15, 16, 17, 18, 20, 21, 22, 23, 24, 25, 26, 27, 29, 35, 37, 39], "summary": {"covered_lines": 25, "num_statements": 25, "percent_covered": 100.0, "percent_covered_display": "100", "missing_lines": 0, "excluded_lines": 0, "percent_statements_covered": 100.0, "percent_statements_covered_display": "100"}, "missing_lines": [], "excluded_lines": [], "functions": {"logs_list": {"executed_lines": [12, 14, 15, 16, 17, 18, 20, 21, 22, 23, 24, 25, 26, 27, 29, 35, 37, 39], "summary": {"covered_lines": 18, "num_statements": 18, "percent_covered": 100.0, "percent_covered_display": "100", "missing_lines": 0, "excluded_lines": 0, "percent_statements_covered": 100.0, "percent_statements_covered_display": "100"}, "missing_lines": [], "excluded_lines": [], "start_line": 11}, "": {"executed_lines": [1, 3, 4, 6, 9, 10, 11], "summary": {"covered_lines": 7, "num_statements": 7, "percent_covered": 100.0, "percent_covered_display": "100", "missing_lines": 0, "excluded_lines": 0, "percent_statements_covered": 100.0, "percent_statements_covered_display": "100"}, "missing_lines": [], "excluded_lines": [], "start_line": 1}}, "classes": {"": {"executed_lines": [1, 3, 4, 6, 9, 10, 11, 12, 14, 15, 16, 17, 18, 20, 21, 22, 23, 24, 25, 26, 27, 29, 35, 37, 39], "summary": {"covered_lines": 25, "num_statements": 25, "percent_covered": 100.0, "percent_covered_display": "100", "missing_lines": 0, "excluded_lines": 0, "percent_statements_covered": 100.0, "percent_statements_covered_display": "100"}, "missing_lines": [], "excluded_lines": [], "start_line": 1}}}, "backend/routes/main.py": {"executed_lines": [1, 2, 3, 4, 5, 8, 9, 10, 11, 12, 13, 14, 15, 17, 18, 19, 20, 21, 22, 23, 28, 65, 67, 68, 69, 70, 71, 72, 73, 74, 75, 76, 77, 78, 79, 89, 94, 96, 101, 103, 109, 110, 115, 122, 124, 125, 127], "summary": {"covered_lines": 47, "num_statements": 47, "percent_covered": 100.0, "percent_covered_display": "100", "missing_lines": 0, "excluded_lines": 0, "percent_statements_covered": 100.0, "percent_statements_covered_display": "100"}, "missing_lines": [], "excluded_lines": [], "functions": {"register_routes": {"executed_lines": [10, 17, 18, 19], "summary": {"covered_lines": 4, "num_statements": 4, "percent_covered": 100.0, "percent_covered_display": "100", "missing_lines": 0, "excluded_lines": 0, "percent_statements_covered": 100.0, "percent_statements_covered_display": "100"}, "missing_lines": [], "excluded_lines": [], "start_line": 8}, "register_routes.sw": {"executed_lines": [11, 12, 13, 14, 15], "summary": {"covered_lines": 5, "num_statements": 5, "percent_covered": 100.0, "percent_covered_display": "100", "missing_lines": 0, "excluded_lines": 0, "percent_statements_covered": 100.0, "percent_statements_covered_display": "100"}, "missing_lines": [], "excluded_lines": [], "start_line": 10}, "register_routes.dashboard": {"executed_lines": [20, 124, 125, 127], "summary": {"covered_lines": 4, "num_statements": 4, "percent_covered": 100.0, "percent_covered_display": "100", "missing_lines": 0, "excluded_lines": 0, "percent_statements_covered": 100.0, "percent_statements_covered_display": "100"}, "missing_lines": [], "excluded_lines": [], "start_line": 19}, "register_routes.dashboard._load_dashboard_data": {"executed_lines": [21, 22, 23, 28, 65, 67, 68, 69, 70, 71, 72, 73, 74, 75, 76, 77, 78, 79, 89, 94, 96, 101, 103, 109, 110, 115, 122], "summary": {"covered_lines": 27, "num_statements": 27, "percent_covered": 100.0, "percent_covered_display": "100", "missing_lines": 0, "excluded_lines": 0, "percent_statements_covered": 100.0, "percent_statements_covered_display": "100"}, "missing_lines": [], "excluded_lines": [], "start_line": 20}, "": {"executed_lines": [1, 2, 3, 4, 5, 8, 9], "summary": {"covered_lines": 7, "num_statements": 7, "percent_covered": 100.0, "percent_covered_display": "100", "missing_lines": 0, "excluded_lines": 0, "percent_statements_covered": 100.0, "percent_statements_covered_display": "100"}, "missing_lines": [], "excluded_lines": [], "start_line": 1}}, "classes": {"": {"executed_lines": [1, 2, 3, 4, 5, 8, 9, 10, 11, 12, 13, 14, 15, 17, 18, 19, 20, 21, 22, 23, 28, 65, 67, 68, 69, 70, 71, 72, 73, 74, 75, 76, 77, 78, 79, 89, 94, 96, 101, 103, 109, 110, 115, 122, 124, 125, 127], "summary": {"covered_lines": 47, "num_statements": 47, "percent_covered": 100.0, "percent_covered_display": "100", "missing_lines": 0, "excluded_lines": 0, "percent_statements_covered": 100.0, "percent_statements_covered_display": "100"}, "missing_lines": [], "excluded_lines": [], "start_line": 1}}}, "backend/routes/maintenance.py": {"executed_lines": [1, 2, 3, 4, 5, 17, 18, 21, 28, 35, 36, 37, 38, 159, 160, 161, 179, 180, 181], "summary": {"covered_lines": 19, "num_statements": 127, "percent_covered": 14.960629921259843, "percent_covered_display": "15", "missing_lines": 108, "excluded_lines": 0, "percent_statements_covered": 14.960629921259843, "percent_statements_covered_display": "15"}, "missing_lines": [22, 23, 24, 25, 29, 30, 31, 32, 39, 40, 41, 42, 44, 45, 46, 47, 48, 49, 50, 51, 53, 55, 57, 58, 59, 61, 62, 63, 65, 66, 67, 68, 69, 70, 72, 73, 86, 87, 88, 89, 91, 92, 100, 101, 102, 103, 104, 105, 107, 108, 110, 111, 112, 114, 115, 116, 117, 118, 119, 121, 122, 123, 125, 127, 139, 141, 144, 145, 146, 147, 149, 150, 162, 163, 164, 165, 166, 167, 168, 169, 170, 171, 172, 173, 175, 176, 177, 182, 183, 184, 185, 189, 191, 192, 193, 195, 196, 198, 199, 200, 201, 203, 205, 207, 222, 224, 225, 226], "excluded_lines": [], "functions": {"_require_float": {"executed_lines": [], "summary": {"covered_lines": 0, "num_statements": 4, "percent_covered": 0.0, "percent_covered_display": "0", "missing_lines": 4, "excluded_lines": 0, "percent_statements_covered": 0.0, "percent_statements_covered_display": "0"}, "missing_lines": [22, 23, 24, 25], "excluded_lines": [], "start_line": 21}, "_require_int": {"executed_lines": [], "summary": {"covered_lines": 0, "num_statements": 4, "percent_covered": 0.0, "percent_covered_display": "0", "missing_lines": 4, "excluded_lines": 0, "percent_statements_covered": 0.0, "percent_statements_covered_display": "0"}, "missing_lines": [29, 30, 31, 32], "excluded_lines": [], "start_line": 28}, "register_routes": {"executed_lines": [38, 159, 160, 161, 179, 180, 181], "summary": {"covered_lines": 7, "num_statements": 7, "percent_covered": 100.0, "percent_covered_display": "100", "missing_lines": 0, "excluded_lines": 0, "percent_statements_covered": 100.0, "percent_statements_covered_display": "100"}, "missing_lines": [], "excluded_lines": [], "start_line": 35}, "register_routes.maintenance": {"executed_lines": [], "summary": {"covered_lines": 0, "num_statements": 64, "percent_covered": 0.0, "percent_covered_display": "0", "missing_lines": 64, "excluded_lines": 0, "percent_statements_covered": 0.0, "percent_statements_covered_display": "0"}, "missing_lines": [39, 40, 41, 42, 44, 45, 46, 47, 48, 49, 50, 51, 53, 55, 57, 58, 59, 61, 62, 63, 65, 66, 67, 68, 69, 70, 72, 73, 86, 87, 88, 89, 91, 92, 100, 101, 102, 103, 104, 105, 107, 108, 110, 111, 112, 114, 115, 116, 117, 118, 119, 121, 122, 123, 125, 127, 139, 141, 144, 145, 146, 147, 149, 150], "excluded_lines": [], "start_line": 38}, "register_routes.complete_maintenance_view": {"executed_lines": [], "summary": {"covered_lines": 0, "num_statements": 15, "percent_covered": 0.0, "percent_covered_display": "0", "missing_lines": 15, "excluded_lines": 0, "percent_statements_covered": 0.0, "percent_statements_covered_display": "0"}, "missing_lines": [162, 163, 164, 165, 166, 167, 168, 169, 170, 171, 172, 173, 175, 176, 177], "excluded_lines": [], "start_line": 161}, "register_routes.create_next_maintenance_view": {"executed_lines": [], "summary": {"covered_lines": 0, "num_statements": 21, "percent_covered": 0.0, "percent_covered_display": "0", "missing_lines": 21, "excluded_lines": 0, "percent_statements_covered": 0.0, "percent_statements_covered_display": "0"}, "missing_lines": [182, 183, 184, 185, 189, 191, 192, 193, 195, 196, 198, 199, 200, 201, 203, 205, 207, 222, 224, 225, 226], "excluded_lines": [], "start_line": 181}, "": {"executed_lines": [1, 2, 3, 4, 5, 17, 18, 21, 28, 35, 36, 37], "summary": {"covered_lines": 12, "num_statements": 12, "percent_covered": 100.0, "percent_covered_display": "100", "missing_lines": 0, "excluded_lines": 0, "percent_statements_covered": 100.0, "percent_statements_covered_display": "100"}, "missing_lines": [], "excluded_lines": [], "start_line": 1}}, "classes": {"": {"executed_lines": [1, 2, 3, 4, 5, 17, 18, 21, 28, 35, 36, 37, 38, 159, 160, 161, 179, 180, 181], "summary": {"covered_lines": 19, "num_statements": 127, "percent_covered": 14.960629921259843, "percent_covered_display": "15", "missing_lines": 108, "excluded_lines": 0, "percent_statements_covered": 14.960629921259843, "percent_statements_covered_display": "15"}, "missing_lines": [22, 23, 24, 25, 29, 30, 31, 32, 39, 40, 41, 42, 44, 45, 46, 47, 48, 49, 50, 51, 53, 55, 57, 58, 59, 61, 62, 63, 65, 66, 67, 68, 69, 70, 72, 73, 86, 87, 88, 89, 91, 92, 100, 101, 102, 103, 104, 105, 107, 108, 110, 111, 112, 114, 115, 116, 117, 118, 119, 121, 122, 123, 125, 127, 139, 141, 144, 145, 146, 147, 149, 150, 162, 163, 164, 165, 166, 167, 168, 169, 170, 171, 172, 173, 175, 176, 177, 182, 183, 184, 185, 189, 191, 192, 193, 195, 196, 198, 199, 200, 201, 203, 205, 207, 222, 224, 225, 226], "excluded_lines": [], "start_line": 1}}}, "backend/routes/more.py": {"executed_lines": [1, 2, 4, 7, 8, 9], "summary": {"covered_lines": 6, "num_statements": 7, "percent_covered": 85.71428571428571, "percent_covered_display": "86", "missing_lines": 1, "excluded_lines": 0, "percent_statements_covered": 85.71428571428571, "percent_statements_covered_display": "86"}, "missing_lines": [10], "excluded_lines": [], "functions": {"more": {"executed_lines": [], "summary": {"covered_lines": 0, "num_statements": 1, "percent_covered": 0.0, "percent_covered_display": "0", "missing_lines": 1, "excluded_lines": 0, "percent_statements_covered": 0.0, "percent_statements_covered_display": "0"}, "missing_lines": [10], "excluded_lines": [], "start_line": 9}, "": {"executed_lines": [1, 2, 4, 7, 8, 9], "summary": {"covered_lines": 6, "num_statements": 6, "percent_covered": 100.0, "percent_covered_display": "100", "missing_lines": 0, "excluded_lines": 0, "percent_statements_covered": 100.0, "percent_statements_covered_display": "100"}, "missing_lines": [], "excluded_lines": [], "start_line": 1}}, "classes": {"": {"executed_lines": [1, 2, 4, 7, 8, 9], "summary": {"covered_lines": 6, "num_statements": 7, "percent_covered": 85.71428571428571, "percent_covered_display": "86", "missing_lines": 1, "excluded_lines": 0, "percent_statements_covered": 85.71428571428571, "percent_statements_covered_display": "86"}, "missing_lines": [10], "excluded_lines": [], "start_line": 1}}}, "backend/routes/report.py": {"executed_lines": [1, 2, 3, 4, 5, 8, 14, 15, 17, 18, 19, 20, 21, 22, 23, 24, 25, 26, 27, 28, 29, 30, 32, 33, 35, 36, 37, 38, 39, 41, 42, 43, 44, 45, 48, 49, 52, 53, 54, 55, 184, 185, 186], "summary": {"covered_lines": 43, "num_statements": 125, "percent_covered": 34.4, "percent_covered_display": "34", "missing_lines": 82, "excluded_lines": 0, "percent_statements_covered": 34.4, "percent_statements_covered_display": "34"}, "missing_lines": [46, 56, 57, 58, 59, 60, 61, 62, 64, 65, 66, 67, 68, 70, 71, 72, 74, 75, 77, 78, 79, 81, 82, 83, 84, 85, 87, 104, 106, 107, 108, 109, 110, 112, 122, 124, 136, 138, 139, 140, 141, 142, 144, 150, 151, 153, 154, 155, 156, 157, 159, 165, 166, 168, 182, 187, 188, 189, 190, 191, 192, 193, 195, 196, 197, 198, 200, 209, 211, 212, 213, 214, 215, 216, 217, 218, 230, 238, 239, 240, 242, 244], "excluded_lines": [], "functions": {"_parse_period": {"executed_lines": [15, 17, 18, 19, 20, 21, 22, 23, 24, 25, 26, 27, 28, 29, 30, 32, 33, 35, 36, 37, 38, 39, 41, 42, 43, 44, 45, 48, 49], "summary": {"covered_lines": 29, "num_statements": 30, "percent_covered": 96.66666666666667, "percent_covered_display": "97", "missing_lines": 1, "excluded_lines": 0, "percent_statements_covered": 96.66666666666667, "percent_statements_covered_display": "97"}, "missing_lines": [46], "excluded_lines": [], "start_line": 14}, "register_routes": {"executed_lines": [55, 184, 185, 186], "summary": {"covered_lines": 4, "num_statements": 4, "percent_covered": 100.0, "percent_covered_display": "100", "missing_lines": 0, "excluded_lines": 0, "percent_statements_covered": 100.0, "percent_statements_covered_display": "100"}, "missing_lines": [], "excluded_lines": [], "start_line": 52}, "register_routes.report": {"executed_lines": [], "summary": {"covered_lines": 0, "num_statements": 54, "percent_covered": 0.0, "percent_covered_display": "0", "missing_lines": 54, "excluded_lines": 0, "percent_statements_covered": 0.0, "percent_statements_covered_display": "0"}, "missing_lines": [56, 57, 58, 59, 60, 61, 62, 64, 65, 66, 67, 68, 70, 71, 72, 74, 75, 77, 78, 79, 81, 82, 83, 84, 85, 87, 104, 106, 107, 108, 109, 110, 112, 122, 124, 136, 138, 139, 140, 141, 142, 144, 150, 151, 153, 154, 155, 156, 157, 159, 165, 166, 168, 182], "excluded_lines": [], "start_line": 55}, "register_routes.report_print": {"executed_lines": [], "summary": {"covered_lines": 0, "num_statements": 27, "percent_covered": 0.0, "percent_covered_display": "0", "missing_lines": 27, "excluded_lines": 0, "percent_statements_covered": 0.0, "percent_statements_covered_display": "0"}, "missing_lines": [187, 188, 189, 190, 191, 192, 193, 195, 196, 197, 198, 200, 209, 211, 212, 213, 214, 215, 216, 217, 218, 230, 238, 239, 240, 242, 244], "excluded_lines": [], "start_line": 186}, "": {"executed_lines": [1, 2, 3, 4, 5, 8, 14, 52, 53, 54], "summary": {"covered_lines": 10, "num_statements": 10, "percent_covered": 100.0, "percent_covered_display": "100", "missing_lines": 0, "excluded_lines": 0, "percent_statements_covered": 100.0, "percent_statements_covered_display": "100"}, "missing_lines": [], "excluded_lines": [], "start_line": 1}}, "classes": {"": {"executed_lines": [1, 2, 3, 4, 5, 8, 14, 15, 17, 18, 19, 20, 21, 22, 23, 24, 25, 26, 27, 28, 29, 30, 32, 33, 35, 36, 37, 38, 39, 41, 42, 43, 44, 45, 48, 49, 52, 53, 54, 55, 184, 185, 186], "summary": {"covered_lines": 43, "num_statements": 125, "percent_covered": 34.4, "percent_covered_display": "34", "missing_lines": 82, "excluded_lines": 0, "percent_statements_covered": 34.4, "percent_statements_covered_display": "34"}, "missing_lines": [46, 56, 57, 58, 59, 60, 61, 62, 64, 65, 66, 67, 68, 70, 71, 72, 74, 75, 77, 78, 79, 81, 82, 83, 84, 85, 87, 104, 106, 107, 108, 109, 110, 112, 122, 124, 136, 138, 139, 140, 141, 142, 144, 150, 151, 153, 154, 155, 156, 157, 159, 165, 166, 168, 182, 187, 188, 189, 190, 191, 192, 193, 195, 196, 197, 198, 200, 209, 211, 212, 213, 214, 215, 216, 217, 218, 230, 238, 239, 240, 242, 244], "excluded_lines": [], "start_line": 1}}}, "backend/routes/trips.py": {"executed_lines": [1, 2, 3, 4, 5, 17, 18, 19, 22, 23, 24, 25, 26, 29, 30, 31, 32, 33, 34, 35, 36, 38, 39, 40, 41, 43, 44, 47, 49, 51, 52, 53, 55, 57, 58, 59, 60, 65, 66, 67, 68, 70, 71, 87, 88, 127, 128, 129, 130, 132], "summary": {"covered_lines": 50, "num_statements": 76, "percent_covered": 65.78947368421052, "percent_covered_display": "66", "missing_lines": 26, "excluded_lines": 0, "percent_statements_covered": 65.78947368421052, "percent_statements_covered_display": "66"}, "missing_lines": [42, 45, 61, 62, 63, 84, 85, 95, 96, 97, 98, 99, 101, 102, 104, 105, 106, 108, 109, 110, 112, 114, 120, 122, 126, 133], "excluded_lines": [], "functions": {"_require_int": {"executed_lines": [23, 24, 25, 26], "summary": {"covered_lines": 4, "num_statements": 4, "percent_covered": 100.0, "percent_covered_display": "100", "missing_lines": 0, "excluded_lines": 0, "percent_statements_covered": 100.0, "percent_statements_covered_display": "100"}, "missing_lines": [], "excluded_lines": [], "start_line": 22}, "register_routes": {"executed_lines": [32], "summary": {"covered_lines": 1, "num_statements": 1, "percent_covered": 100.0, "percent_covered_display": "100", "missing_lines": 0, "excluded_lines": 0, "percent_statements_covered": 100.0, "percent_statements_covered_display": "100"}, "missing_lines": [], "excluded_lines": [], "start_line": 29}, "register_routes.trips": {"executed_lines": [33, 34, 35, 36, 38, 39, 40, 41, 43, 44, 47, 49, 51, 52, 53, 55, 57, 58, 59, 60, 65, 66, 67, 68, 70, 71, 87, 88, 127, 128, 129, 130, 132], "summary": {"covered_lines": 33, "num_statements": 59, "percent_covered": 55.932203389830505, "percent_covered_display": "56", "missing_lines": 26, "excluded_lines": 0, "percent_statements_covered": 55.932203389830505, "percent_statements_covered_display": "56"}, "missing_lines": [42, 45, 61, 62, 63, 84, 85, 95, 96, 97, 98, 99, 101, 102, 104, 105, 106, 108, 109, 110, 112, 114, 120, 122, 126, 133], "excluded_lines": [], "start_line": 32}, "": {"executed_lines": [1, 2, 3, 4, 5, 17, 18, 19, 22, 29, 30, 31], "summary": {"covered_lines": 12, "num_statements": 12, "percent_covered": 100.0, "percent_covered_display": "100", "missing_lines": 0, "excluded_lines": 0, "percent_statements_covered": 100.0, "percent_statements_covered_display": "100"}, "missing_lines": [], "excluded_lines": [], "start_line": 1}}, "classes": {"": {"executed_lines": [1, 2, 3, 4, 5, 17, 18, 19, 22, 23, 24, 25, 26, 29, 30, 31, 32, 33, 34, 35, 36, 38, 39, 40, 41, 43, 44, 47, 49, 51, 52, 53, 55, 57, 58, 59, 60, 65, 66, 67, 68, 70, 71, 87, 88, 127, 128, 129, 130, 132], "summary": {"covered_lines": 50, "num_statements": 76, "percent_covered": 65.78947368421052, "percent_covered_display": "66", "missing_lines": 26, "excluded_lines": 0, "percent_statements_covered": 65.78947368421052, "percent_statements_covered_display": "66"}, "missing_lines": [42, 45, 61, 62, 63, 84, 85, 95, 96, 97, 98, 99, 101, 102, 104, 105, 106, 108, 109, 110, 112, 114, 120, 122, 126, 133], "excluded_lines": [], "start_line": 1}}}, "backend/services/__init__.py": {"executed_lines": [], "summary": {"covered_lines": 0, "num_statements": 0, "percent_covered": 100.0, "percent_covered_display": "100", "missing_lines": 0, "excluded_lines": 0, "percent_statements_covered": 100.0, "percent_statements_covered_display": "100"}, "missing_lines": [], "excluded_lines": [], "functions": {"": {"executed_lines": [], "summary": {"covered_lines": 0, "num_statements": 0, "percent_covered": 100.0, "percent_covered_display": "100", "missing_lines": 0, "excluded_lines": 0, "percent_statements_covered": 100.0, "percent_statements_covered_display": "100"}, "missing_lines": [], "excluded_lines": [], "start_line": 1}}, "classes": {"": {"executed_lines": [], "summary": {"covered_lines": 0, "num_statements": 0, "percent_covered": 100.0, "percent_covered_display": "100", "missing_lines": 0, "excluded_lines": 0, "percent_statements_covered": 100.0, "percent_statements_covered_display": "100"}, "missing_lines": [], "excluded_lines": [], "start_line": 1}}}, "backend/services/audit_service.py": {"executed_lines": [1, 3, 4, 6, 8, 11, 12, 13, 18, 19, 21, 22, 23, 25, 26, 27, 28, 32, 33, 34, 35, 36, 38, 39], "summary": {"covered_lines": 24, "num_statements": 24, "percent_covered": 100.0, "percent_covered_display": "100", "missing_lines": 0, "excluded_lines": 0, "percent_statements_covered": 100.0, "percent_statements_covered_display": "100"}, "missing_lines": [], "excluded_lines": [], "functions": {"AuditService.log": {"executed_lines": [18, 19, 21, 22, 23, 25, 26, 27, 28, 32, 33, 34, 35, 36, 38, 39], "summary": {"covered_lines": 16, "num_statements": 16, "percent_covered": 100.0, "percent_covered_display": "100", "missing_lines": 0, "excluded_lines": 0, "percent_statements_covered": 100.0, "percent_statements_covered_display": "100"}, "missing_lines": [], "excluded_lines": [], "start_line": 13}, "": {"executed_lines": [1, 3, 4, 6, 8, 11, 12, 13], "summary": {"covered_lines": 8, "num_statements": 8, "percent_covered": 100.0, "percent_covered_display": "100", "missing_lines": 0, "excluded_lines": 0, "percent_statements_covered": 100.0, "percent_statements_covered_display": "100"}, "missing_lines": [], "excluded_lines": [], "start_line": 1}}, "classes": {"AuditService": {"executed_lines": [18, 19, 21, 22, 23, 25, 26, 27, 28, 32, 33, 34, 35, 36, 38, 39], "summary": {"covered_lines": 16, "num_statements": 16, "percent_covered": 100.0, "percent_covered_display": "100", "missing_lines": 0, "excluded_lines": 0, "percent_statements_covered": 100.0, "percent_statements_covered_display": "100"}, "missing_lines": [], "excluded_lines": [], "start_line": 11}, "": {"executed_lines": [1, 3, 4, 6, 8, 11, 12, 13], "summary": {"covered_lines": 8, "num_statements": 8, "percent_covered": 100.0, "percent_covered_display": "100", "missing_lines": 0, "excluded_lines": 0, "percent_statements_covered": 100.0, "percent_statements_covered_display": "100"}, "missing_lines": [], "excluded_lines": [], "start_line": 1}}}, "backend/services/cache_service.py": {"executed_lines": [1, 2, 3, 4, 5, 13, 14, 15, 18, 19, 20, 21, 22, 23, 24, 26, 27, 28, 32, 33, 34, 35, 38, 39, 40, 41, 42, 45, 47, 49, 58], "summary": {"covered_lines": 31, "num_statements": 37, "percent_covered": 83.78378378378379, "percent_covered_display": "84", "missing_lines": 6, "excluded_lines": 0, "percent_statements_covered": 83.78378378378379, "percent_statements_covered_display": "84"}, "missing_lines": [50, 51, 52, 53, 54, 56], "excluded_lines": [], "functions": {"get_or_set": {"executed_lines": [19, 20, 21, 22, 23, 24, 26, 27, 28, 32, 33, 34, 35], "summary": {"covered_lines": 13, "num_statements": 13, "percent_covered": 100.0, "percent_covered_display": "100", "missing_lines": 0, "excluded_lines": 0, "percent_statements_covered": 100.0, "percent_statements_covered_display": "100"}, "missing_lines": [], "excluded_lines": [], "start_line": 18}, "invalidate_prefix": {"executed_lines": [39, 40, 41, 42], "summary": {"covered_lines": 4, "num_statements": 4, "percent_covered": 100.0, "percent_covered_display": "100", "missing_lines": 0, "excluded_lines": 0, "percent_statements_covered": 100.0, "percent_statements_covered_display": "100"}, "missing_lines": [], "excluded_lines": [], "start_line": 38}, "get_vehicles_cached": {"executed_lines": [47, 49, 58], "summary": {"covered_lines": 3, "num_statements": 3, "percent_covered": 100.0, "percent_covered_display": "100", "missing_lines": 0, "excluded_lines": 0, "percent_statements_covered": 100.0, "percent_statements_covered_display": "100"}, "missing_lines": [], "excluded_lines": [], "start_line": 45}, "get_vehicles_cached._load": {"executed_lines": [], "summary": {"covered_lines": 0, "num_statements": 6, "percent_covered": 0.0, "percent_covered_display": "0", "missing_lines": 6, "excluded_lines": 0, "percent_statements_covered": 0.0, "percent_statements_covered_display": "0"}, "missing_lines": [50, 51, 52, 53, 54, 56], "excluded_lines": [], "start_line": 49}, "": {"executed_lines": [1, 2, 3, 4, 5, 13, 14, 15, 18, 38, 45], "summary": {"covered_lines": 11, "num_statements": 11, "percent_covered": 100.0, "percent_covered_display": "100", "missing_lines": 0, "excluded_lines": 0, "percent_statements_covered": 100.0, "percent_statements_covered_display": "100"}, "missing_lines": [], "excluded_lines": [], "start_line": 1}}, "classes": {"": {"executed_lines": [1, 2, 3, 4, 5, 13, 14, 15, 18, 19, 20, 21, 22, 23, 24, 26, 27, 28, 32, 33, 34, 35, 38, 39, 40, 41, 42, 45, 47, 49, 58], "summary": {"covered_lines": 31, "num_statements": 37, "percent_covered": 83.78378378378379, "percent_covered_display": "84", "missing_lines": 6, "excluded_lines": 0, "percent_statements_covered": 83.78378378378379, "percent_statements_covered_display": "84"}, "missing_lines": [50, 51, 52, 53, 54, 56], "excluded_lines": [], "start_line": 1}}}, "backend/services/core_service.py": {"executed_lines": [1, 3, 4, 5, 8, 9, 10, 11, 14, 15, 16, 17, 20, 21, 22, 23, 24, 25, 26, 45, 47, 49, 50, 51, 53, 54, 55, 56, 57, 58, 59, 66, 68, 69, 72, 73, 74, 91, 92, 93, 94, 96, 97, 98, 105, 107, 108, 109, 110, 111, 112, 113, 114, 115, 116, 126, 130, 132, 133, 143, 144, 145, 146, 147, 149, 150, 151, 157, 158, 159, 160, 161, 163, 164, 176, 177, 178, 179, 181, 182, 183, 189, 190, 191, 192, 193], "summary": {"covered_lines": 86, "num_statements": 89, "percent_covered": 96.62921348314607, "percent_covered_display": "97", "missing_lines": 3, "excluded_lines": 0, "percent_statements_covered": 96.62921348314607, "percent_statements_covered_display": "97"}, "missing_lines": [127, 128, 129], "excluded_lines": [], "functions": {"_to_int": {"executed_lines": [9, 10, 11], "summary": {"covered_lines": 3, "num_statements": 3, "percent_covered": 100.0, "percent_covered_display": "100", "missing_lines": 0, "excluded_lines": 0, "percent_statements_covered": 100.0, "percent_statements_covered_display": "100"}, "missing_lines": [], "excluded_lines": [], "start_line": 8}, "_to_float": {"executed_lines": [15, 16, 17], "summary": {"covered_lines": 3, "num_statements": 3, "percent_covered": 100.0, "percent_covered_display": "100", "missing_lines": 0, "excluded_lines": 0, "percent_statements_covered": 100.0, "percent_statements_covered_display": "100"}, "missing_lines": [], "excluded_lines": [], "start_line": 14}, "VehicleService.get_last_km": {"executed_lines": [23, 24, 25, 26, 45, 47, 49, 50, 51], "summary": {"covered_lines": 9, "num_statements": 9, "percent_covered": 100.0, "percent_covered_display": "100", "missing_lines": 0, "excluded_lines": 0, "percent_statements_covered": 100.0, "percent_statements_covered_display": "100"}, "missing_lines": [], "excluded_lines": [], "start_line": 22}, "VehicleService.get_recent_drivers": {"executed_lines": [55, 56, 57, 58, 59, 66, 68, 69], "summary": {"covered_lines": 8, "num_statements": 8, "percent_covered": 100.0, "percent_covered_display": "100", "missing_lines": 0, "excluded_lines": 0, "percent_statements_covered": 100.0, "percent_statements_covered_display": "100"}, "missing_lines": [], "excluded_lines": [], "start_line": 54}, "TripService.add_trip": {"executed_lines": [91, 92, 93, 94, 96, 97, 98, 105, 107, 108, 109, 110, 111, 112, 113, 114, 115, 116, 126, 130], "summary": {"covered_lines": 20, "num_statements": 23, "percent_covered": 86.95652173913044, "percent_covered_display": "87", "missing_lines": 3, "excluded_lines": 0, "percent_statements_covered": 86.95652173913044, "percent_statements_covered_display": "87"}, "missing_lines": [127, 128, 129], "excluded_lines": [], "start_line": 74}, "TripService.add_fuel": {"executed_lines": [143, 144, 145, 146, 147, 149, 150, 151, 157, 158, 159, 160, 161], "summary": {"covered_lines": 13, "num_statements": 13, "percent_covered": 100.0, "percent_covered_display": "100", "missing_lines": 0, "excluded_lines": 0, "percent_statements_covered": 100.0, "percent_statements_covered_display": "100"}, "missing_lines": [], "excluded_lines": [], "start_line": 133}, "TripService.add_maintenance": {"executed_lines": [176, 177, 178, 179, 181, 182, 183, 189, 190, 191, 192, 193], "summary": {"covered_lines": 12, "num_statements": 12, "percent_covered": 100.0, "percent_covered_display": "100", "missing_lines": 0, "excluded_lines": 0, "percent_statements_covered": 100.0, "percent_statements_covered_display": "100"}, "missing_lines": [], "excluded_lines": [], "start_line": 164}, "": {"executed_lines": [1, 3, 4, 5, 8, 14, 20, 21, 22, 53, 54, 72, 73, 74, 132, 133, 163, 164], "summary": {"covered_lines": 18, "num_statements": 18, "percent_covered": 100.0, "percent_covered_display": "100", "missing_lines": 0, "excluded_lines": 0, "percent_statements_covered": 100.0, "percent_statements_covered_display": "100"}, "missing_lines": [], "excluded_lines": [], "start_line": 1}}, "classes": {"VehicleService": {"executed_lines": [23, 24, 25, 26, 45, 47, 49, 50, 51, 55, 56, 57, 58, 59, 66, 68, 69], "summary": {"covered_lines": 17, "num_statements": 17, "percent_covered": 100.0, "percent_covered_display": "100", "missing_lines": 0, "excluded_lines": 0, "percent_statements_covered": 100.0, "percent_statements_covered_display": "100"}, "missing_lines": [], "excluded_lines": [], "start_line": 20}, "TripService": {"executed_lines": [91, 92, 93, 94, 96, 97, 98, 105, 107, 108, 109, 110, 111, 112, 113, 114, 115, 116, 126, 130, 143, 144, 145, 146, 147, 149, 150, 151, 157, 158, 159, 160, 161, 176, 177, 178, 179, 181, 182, 183, 189, 190, 191, 192, 193], "summary": {"covered_lines": 45, "num_statements": 48, "percent_covered": 93.75, "percent_covered_display": "94", "missing_lines": 3, "excluded_lines": 0, "percent_statements_covered": 93.75, "percent_statements_covered_display": "94"}, "missing_lines": [127, 128, 129], "excluded_lines": [], "start_line": 72}, "": {"executed_lines": [1, 3, 4, 5, 8, 9, 10, 11, 14, 15, 16, 17, 20, 21, 22, 53, 54, 72, 73, 74, 132, 133, 163, 164], "summary": {"covered_lines": 24, "num_statements": 24, "percent_covered": 100.0, "percent_covered_display": "100", "missing_lines": 0, "excluded_lines": 0, "percent_statements_covered": 100.0, "percent_statements_covered_display": "100"}, "missing_lines": [], "excluded_lines": [], "start_line": 1}}}, "backend/services/vehicle_service.py": {"executed_lines": [1, 2, 3, 6, 7, 8, 9, 10, 11, 12, 13, 14, 15, 16, 18, 19], "summary": {"covered_lines": 16, "num_statements": 16, "percent_covered": 100.0, "percent_covered_display": "100", "missing_lines": 0, "excluded_lines": 0, "percent_statements_covered": 100.0, "percent_statements_covered_display": "100"}, "missing_lines": [], "excluded_lines": [], "functions": {"VehicleService.delete_vehicle": {"executed_lines": [9, 10, 11, 12, 13, 14, 15, 16, 18, 19], "summary": {"covered_lines": 10, "num_statements": 10, "percent_covered": 100.0, "percent_covered_display": "100", "missing_lines": 0, "excluded_lines": 0, "percent_statements_covered": 100.0, "percent_statements_covered_display": "100"}, "missing_lines": [], "excluded_lines": [], "start_line": 8}, "": {"executed_lines": [1, 2, 3, 6, 7, 8], "summary": {"covered_lines": 6, "num_statements": 6, "percent_covered": 100.0, "percent_covered_display": "100", "missing_lines": 0, "excluded_lines": 0, "percent_statements_covered": 100.0, "percent_statements_covered_display": "100"}, "missing_lines": [], "excluded_lines": [], "start_line": 1}}, "classes": {"VehicleService": {"executed_lines": [9, 10, 11, 12, 13, 14, 15, 16, 18, 19], "summary": {"covered_lines": 10, "num_statements": 10, "percent_covered": 100.0, "percent_covered_display": "100", "missing_lines": 0, "excluded_lines": 0, "percent_statements_covered": 100.0, "percent_statements_covered_display": "100"}, "missing_lines": [], "excluded_lines": [], "start_line": 6}, "": {"executed_lines": [1, 2, 3, 6, 7, 8], "summary": {"covered_lines": 6, "num_statements": 6, "percent_covered": 100.0, "percent_covered_display": "100", "missing_lines": 0, "excluded_lines": 0, "percent_statements_covered": 100.0, "percent_statements_covered_display": "100"}, "missing_lines": [], "excluded_lines": [], "start_line": 1}}}}, "totals": {"covered_lines": 1218, "num_statements": 1705, "percent_covered": 71.43695014662757, "percent_covered_display": "71", "missing_lines": 487, "excluded_lines": 0, "percent_statements_covered": 71.43695014662757, "percent_statements_covered_display": "71"}}